ERROR - 2023-05-15 14:59:14 --> mysqli_sql_exception: Cannot add or update a child row: a foreign key constraint fails (`pesquisa_satisfacao`.`pesquisa_perguntas`, CONSTRAINT `pesquisa_perguntas_fk_user_foreign` FOREIGN KEY (`fk_user`) REFERENCES `auth_users` (`id_user`)) in C:\xampp\htdocs\pesquisa_satisfacao\system\Database\MySQLi\Connection.php:295
Stack trace:
#0 C:\xampp\htdocs\pesquisa_satisfacao\system\Database\MySQLi\Connection.php(295): mysqli->query('INSERT INTO `pe...', 0)
#1 C:\xampp\htdocs\pesquisa_satisfacao\system\Database\BaseConnection.php(691): CodeIgniter\Database\MySQLi\Connection->execute('INSERT INTO `pe...')
#2 C:\xampp\htdocs\pesquisa_satisfacao\system\Database\BaseConnection.php(605): CodeIgniter\Database\BaseConnection->simpleQuery('INSERT INTO `pe...')
#3 C:\xampp\htdocs\pesquisa_satisfacao\system\Database\BaseBuilder.php(2309): CodeIgniter\Database\BaseConnection->query('INSERT INTO `pe...', Array, false)
#4 C:\xampp\htdocs\pesquisa_satisfacao\system\Model.php(330): CodeIgniter\Database\BaseBuilder->insert()
#5 C:\xampp\htdocs\pesquisa_satisfacao\system\BaseModel.php(782): CodeIgniter\Model->doInsert(Array)
#6 C:\xampp\htdocs\pesquisa_satisfacao\system\Model.php(730): CodeIgniter\BaseModel->insert(Array, true)
#7 C:\xampp\htdocs\pesquisa_satisfacao\app\Controllers\PesquisaPerguntas.php(23): CodeIgniter\Model->insert(Array)
#8 C:\xampp\htdocs\pesquisa_satisfacao\system\CodeIgniter.php(934): App\Controllers\PesquisaPerguntas->store()
#9 C:\xampp\htdocs\pesquisa_satisfacao\system\CodeIgniter.php(499): CodeIgniter\CodeIgniter->runController(Object(App\Controllers\PesquisaPerguntas))
#10 C:\xampp\htdocs\pesquisa_satisfacao\system\CodeIgniter.php(368): CodeIgniter\CodeIgniter->handleRequest(NULL, Object(Config\Cache), false)
#11 C:\xampp\htdocs\pesquisa_satisfacao\public\index.php(67): CodeIgniter\CodeIgniter->run()
#12 {main}
CRITICAL - 2023-05-15 14:59:14 --> Cannot add or update a child row: a foreign key constraint fails (`pesquisa_satisfacao`.`pesquisa_perguntas`, CONSTRAINT `pesquisa_perguntas_fk_user_foreign` FOREIGN KEY (`fk_user`) REFERENCES `auth_users` (`id_user`))
in SYSTEMPATH\Database\MySQLi\Connection.php on line 295.
 1 SYSTEMPATH\Database\MySQLi\Connection.php(295): mysqli->query('INSERT INTO `pesquisa_perguntas` (`pergunta`, `created_at`, `updated_at`) VALUES (\'5\', \'2023-05-15 14:59:14\', \'2023-05-15 14:59:14\')', 0)
 2 SYSTEMPATH\Database\BaseConnection.php(691): CodeIgniter\Database\MySQLi\Connection->execute('INSERT INTO `pesquisa_perguntas` (`pergunta`, `created_at`, `updated_at`) VALUES (\'5\', \'2023-05-15 14:59:14\', \'2023-05-15 14:59:14\')')
 3 SYSTEMPATH\Database\BaseConnection.php(605): CodeIgniter\Database\BaseConnection->simpleQuery('INSERT INTO `pesquisa_perguntas` (`pergunta`, `created_at`, `updated_at`) VALUES (\'5\', \'2023-05-15 14:59:14\', \'2023-05-15 14:59:14\')')
 4 SYSTEMPATH\Database\BaseBuilder.php(2309): CodeIgniter\Database\BaseConnection->query('INSERT INTO `pesquisa_perguntas` (`pergunta`, `created_at`, `updated_at`) VALUES (:pergunta:, :created_at:, :updated_at:)', [...], false)
 5 SYSTEMPATH\Model.php(330): CodeIgniter\Database\BaseBuilder->insert()
 6 SYSTEMPATH\BaseModel.php(782): CodeIgniter\Model->doInsert([...])
 7 SYSTEMPATH\Model.php(730): CodeIgniter\BaseModel->insert([...], true)
 8 APPPATH\Controllers\PesquisaPerguntas.php(23): CodeIgniter\Model->insert([...])
 9 SYSTEMPATH\CodeIgniter.php(934): App\Controllers\PesquisaPerguntas->store()
10 SYSTEMPATH\CodeIgniter.php(499): CodeIgniter\CodeIgniter->runController(Object(App\Controllers\PesquisaPerguntas))
11 SYSTEMPATH\CodeIgniter.php(368): CodeIgniter\CodeIgniter->handleRequest(null, Object(Config\Cache), false)
12 FCPATH\index.php(67): CodeIgniter\CodeIgniter->run()
CRITICAL - 2023-05-15 15:06:44 --> Undefined array key ""
in APPPATH\Controllers\PesquisaPerguntas.php on line 23.
 1 APPPATH\Controllers\PesquisaPerguntas.php(23): CodeIgniter\Debug\Exceptions->errorHandler(2, 'Undefined array key ""', 'C:\\xampp\\htdocs\\pesquisa_satisfacao\\app\\Controllers\\PesquisaPerguntas.php', 23)
 2 SYSTEMPATH\CodeIgniter.php(934): App\Controllers\PesquisaPerguntas->store()
 3 SYSTEMPATH\CodeIgniter.php(499): CodeIgniter\CodeIgniter->runController(Object(App\Controllers\PesquisaPerguntas))
 4 SYSTEMPATH\CodeIgniter.php(368): CodeIgniter\CodeIgniter->handleRequest(null, Object(Config\Cache), false)
 5 FCPATH\index.php(67): CodeIgniter\CodeIgniter->run()
CRITICAL - 2023-05-15 15:07:21 --> CodeIgniter\BaseModel::transformDataToArray(): Return value must be of type array, string returned
in SYSTEMPATH\BaseModel.php on line 1706.
 1 SYSTEMPATH\BaseModel.php(742): CodeIgniter\BaseModel->transformDataToArray('5', 'insert')
 2 SYSTEMPATH\Model.php(730): CodeIgniter\BaseModel->insert('5', true)
 3 APPPATH\Controllers\PesquisaPerguntas.php(23): CodeIgniter\Model->insert('5')
 4 SYSTEMPATH\CodeIgniter.php(934): App\Controllers\PesquisaPerguntas->store()
 5 SYSTEMPATH\CodeIgniter.php(499): CodeIgniter\CodeIgniter->runController(Object(App\Controllers\PesquisaPerguntas))
 6 SYSTEMPATH\CodeIgniter.php(368): CodeIgniter\CodeIgniter->handleRequest(null, Object(Config\Cache), false)
 7 FCPATH\index.php(67): CodeIgniter\CodeIgniter->run()
CRITICAL - 2023-05-15 15:12:59 --> CodeIgniter\BaseModel::transformDataToArray(): Return value must be of type array, string returned
in SYSTEMPATH\BaseModel.php on line 1706.
 1 SYSTEMPATH\BaseModel.php(742): CodeIgniter\BaseModel->transformDataToArray('5', 'insert')
 2 SYSTEMPATH\Model.php(730): CodeIgniter\BaseModel->insert('5', true)
 3 APPPATH\Controllers\PesquisaPerguntas.php(36): CodeIgniter\Model->insert('5')
 4 SYSTEMPATH\CodeIgniter.php(934): App\Controllers\PesquisaPerguntas->store()
 5 SYSTEMPATH\CodeIgniter.php(499): CodeIgniter\CodeIgniter->runController(Object(App\Controllers\PesquisaPerguntas))
 6 SYSTEMPATH\CodeIgniter.php(368): CodeIgniter\CodeIgniter->handleRequest(null, Object(Config\Cache), false)
 7 FCPATH\index.php(67): CodeIgniter\CodeIgniter->run()
