CRITICAL - 2023-05-10 12:31:47 --> Invalid file: "pesquisa_respostas/form.php"
in SYSTEMPATH\Exceptions\FrameworkException.php on line 33.
 1 SYSTEMPATH\View\View.php(201): CodeIgniter\Exceptions\FrameworkException::forInvalidFile('pesquisa_respostas/form.php')
 2 SYSTEMPATH\Common.php(1184): CodeIgniter\View\View->render('pesquisa_respostas/form', [], true)
 3 APPPATH\Controllers\PesquisaRespostas.php(18): view('pesquisa_respostas/form')
 4 SYSTEMPATH\CodeIgniter.php(934): App\Controllers\PesquisaRespostas->form()
 5 SYSTEMPATH\CodeIgniter.php(499): CodeIgniter\CodeIgniter->runController(Object(App\Controllers\PesquisaRespostas))
 6 SYSTEMPATH\CodeIgniter.php(368): CodeIgniter\CodeIgniter->handleRequest(null, Object(Config\Cache), false)
 7 FCPATH\index.php(67): CodeIgniter\CodeIgniter->run()
CRITICAL - 2023-05-10 12:33:06 --> Invalid file: "pesquisa_respostas/form.php"
in SYSTEMPATH\Exceptions\FrameworkException.php on line 33.
 1 SYSTEMPATH\View\View.php(201): CodeIgniter\Exceptions\FrameworkException::forInvalidFile('pesquisa_respostas/form.php')
 2 SYSTEMPATH\Common.php(1184): CodeIgniter\View\View->render('pesquisa_respostas/form', [], true)
 3 APPPATH\Controllers\PesquisaRespostas.php(18): view('pesquisa_respostas/form')
 4 SYSTEMPATH\CodeIgniter.php(934): App\Controllers\PesquisaRespostas->form()
 5 SYSTEMPATH\CodeIgniter.php(499): CodeIgniter\CodeIgniter->runController(Object(App\Controllers\PesquisaRespostas))
 6 SYSTEMPATH\CodeIgniter.php(368): CodeIgniter\CodeIgniter->handleRequest(null, Object(Config\Cache), false)
 7 FCPATH\index.php(67): CodeIgniter\CodeIgniter->run()
CRITICAL - 2023-05-10 12:33:07 --> Invalid file: "pesquisa_respostas/form.php"
in SYSTEMPATH\Exceptions\FrameworkException.php on line 33.
 1 SYSTEMPATH\View\View.php(201): CodeIgniter\Exceptions\FrameworkException::forInvalidFile('pesquisa_respostas/form.php')
 2 SYSTEMPATH\Common.php(1184): CodeIgniter\View\View->render('pesquisa_respostas/form', [], true)
 3 APPPATH\Controllers\PesquisaRespostas.php(18): view('pesquisa_respostas/form')
 4 SYSTEMPATH\CodeIgniter.php(934): App\Controllers\PesquisaRespostas->form()
 5 SYSTEMPATH\CodeIgniter.php(499): CodeIgniter\CodeIgniter->runController(Object(App\Controllers\PesquisaRespostas))
 6 SYSTEMPATH\CodeIgniter.php(368): CodeIgniter\CodeIgniter->handleRequest(null, Object(Config\Cache), false)
 7 FCPATH\index.php(67): CodeIgniter\CodeIgniter->run()
CRITICAL - 2023-05-10 12:33:08 --> Invalid file: "pesquisa_respostas/form.php"
in SYSTEMPATH\Exceptions\FrameworkException.php on line 33.
 1 SYSTEMPATH\View\View.php(201): CodeIgniter\Exceptions\FrameworkException::forInvalidFile('pesquisa_respostas/form.php')
 2 SYSTEMPATH\Common.php(1184): CodeIgniter\View\View->render('pesquisa_respostas/form', [], true)
 3 APPPATH\Controllers\PesquisaRespostas.php(18): view('pesquisa_respostas/form')
 4 SYSTEMPATH\CodeIgniter.php(934): App\Controllers\PesquisaRespostas->form()
 5 SYSTEMPATH\CodeIgniter.php(499): CodeIgniter\CodeIgniter->runController(Object(App\Controllers\PesquisaRespostas))
 6 SYSTEMPATH\CodeIgniter.php(368): CodeIgniter\CodeIgniter->handleRequest(null, Object(Config\Cache), false)
 7 FCPATH\index.php(67): CodeIgniter\CodeIgniter->run()
CRITICAL - 2023-05-10 12:33:08 --> Invalid file: "pesquisa_respostas/form.php"
in SYSTEMPATH\Exceptions\FrameworkException.php on line 33.
 1 SYSTEMPATH\View\View.php(201): CodeIgniter\Exceptions\FrameworkException::forInvalidFile('pesquisa_respostas/form.php')
 2 SYSTEMPATH\Common.php(1184): CodeIgniter\View\View->render('pesquisa_respostas/form', [], true)
 3 APPPATH\Controllers\PesquisaRespostas.php(18): view('pesquisa_respostas/form')
 4 SYSTEMPATH\CodeIgniter.php(934): App\Controllers\PesquisaRespostas->form()
 5 SYSTEMPATH\CodeIgniter.php(499): CodeIgniter\CodeIgniter->runController(Object(App\Controllers\PesquisaRespostas))
 6 SYSTEMPATH\CodeIgniter.php(368): CodeIgniter\CodeIgniter->handleRequest(null, Object(Config\Cache), false)
 7 FCPATH\index.php(67): CodeIgniter\CodeIgniter->run()
CRITICAL - 2023-05-10 12:33:24 --> Invalid file: "pesquisa_respostas/form.php"
in SYSTEMPATH\Exceptions\FrameworkException.php on line 33.
 1 SYSTEMPATH\View\View.php(201): CodeIgniter\Exceptions\FrameworkException::forInvalidFile('pesquisa_respostas/form.php')
 2 SYSTEMPATH\Common.php(1184): CodeIgniter\View\View->render('pesquisa_respostas/form', [], true)
 3 APPPATH\Controllers\PesquisaRespostas.php(18): view('pesquisa_respostas/form')
 4 SYSTEMPATH\CodeIgniter.php(934): App\Controllers\PesquisaRespostas->form()
 5 SYSTEMPATH\CodeIgniter.php(499): CodeIgniter\CodeIgniter->runController(Object(App\Controllers\PesquisaRespostas))
 6 SYSTEMPATH\CodeIgniter.php(368): CodeIgniter\CodeIgniter->handleRequest(null, Object(Config\Cache), false)
 7 FCPATH\index.php(67): CodeIgniter\CodeIgniter->run()
CRITICAL - 2023-05-10 12:42:06 --> Undefined variable $dados
in APPPATH\Views\pesquisa_respostas\form.php on line 17.
 1 APPPATH\Views\pesquisa_respostas\form.php(17): CodeIgniter\Debug\Exceptions->errorHandler(2, 'Undefined variable $dados', 'C:\\xampp\\htdocs\\pesquisa_satisfacao\\app\\Views\\pesquisa_respostas\\form.php', 17)
 2 SYSTEMPATH\View\View.php(213): include('C:\\xampp\\htdocs\\pesquisa_satisfacao\\app\\Views\\pesquisa_respostas\\form.php')
 3 SYSTEMPATH\View\View.php(216): CodeIgniter\View\View->CodeIgniter\View\{closure}()
 4 SYSTEMPATH\Common.php(1184): CodeIgniter\View\View->render('pesquisa_respostas/form', [], true)
 5 APPPATH\Controllers\PesquisaRespostas.php(18): view('pesquisa_respostas/form')
 6 SYSTEMPATH\CodeIgniter.php(934): App\Controllers\PesquisaRespostas->form()
 7 SYSTEMPATH\CodeIgniter.php(499): CodeIgniter\CodeIgniter->runController(Object(App\Controllers\PesquisaRespostas))
 8 SYSTEMPATH\CodeIgniter.php(368): CodeIgniter\CodeIgniter->handleRequest(null, Object(Config\Cache), false)
 9 FCPATH\index.php(67): CodeIgniter\CodeIgniter->run()
CRITICAL - 2023-05-10 12:45:44 --> Undefined variable $dados
in APPPATH\Views\pesquisa_respostas\form.php on line 17.
 1 APPPATH\Views\pesquisa_respostas\form.php(17): CodeIgniter\Debug\Exceptions->errorHandler(2, 'Undefined variable $dados', 'C:\\xampp\\htdocs\\pesquisa_satisfacao\\app\\Views\\pesquisa_respostas\\form.php', 17)
 2 SYSTEMPATH\View\View.php(213): include('C:\\xampp\\htdocs\\pesquisa_satisfacao\\app\\Views\\pesquisa_respostas\\form.php')
 3 SYSTEMPATH\View\View.php(216): CodeIgniter\View\View->CodeIgniter\View\{closure}()
 4 SYSTEMPATH\Common.php(1184): CodeIgniter\View\View->render('pesquisa_respostas/form', [], true)
 5 APPPATH\Controllers\PesquisaRespostas.php(18): view('pesquisa_respostas/form')
 6 SYSTEMPATH\CodeIgniter.php(934): App\Controllers\PesquisaRespostas->form()
 7 SYSTEMPATH\CodeIgniter.php(499): CodeIgniter\CodeIgniter->runController(Object(App\Controllers\PesquisaRespostas))
 8 SYSTEMPATH\CodeIgniter.php(368): CodeIgniter\CodeIgniter->handleRequest(null, Object(Config\Cache), false)
 9 FCPATH\index.php(67): CodeIgniter\CodeIgniter->run()
ERROR - 2023-05-10 12:52:08 --> mysqli_sql_exception: Cannot add or update a child row: a foreign key constraint fails (`pesquisa_satisfacao`.`pesquisa_respostas`, CONSTRAINT `pesquisa_respostas_fk_pesquisa_foreign` FOREIGN KEY (`fk_pesquisa`) REFERENCES `pesquisas` (`id_pesquisa`)) in C:\xampp\htdocs\pesquisa_satisfacao\system\Database\MySQLi\Connection.php:295
Stack trace:
#0 C:\xampp\htdocs\pesquisa_satisfacao\system\Database\MySQLi\Connection.php(295): mysqli->query('INSERT INTO `pe...', 0)
#1 C:\xampp\htdocs\pesquisa_satisfacao\system\Database\BaseConnection.php(691): CodeIgniter\Database\MySQLi\Connection->execute('INSERT INTO `pe...')
#2 C:\xampp\htdocs\pesquisa_satisfacao\system\Database\BaseConnection.php(605): CodeIgniter\Database\BaseConnection->simpleQuery('INSERT INTO `pe...')
#3 C:\xampp\htdocs\pesquisa_satisfacao\system\Database\BaseBuilder.php(2309): CodeIgniter\Database\BaseConnection->query('INSERT INTO `pe...', Array, false)
#4 C:\xampp\htdocs\pesquisa_satisfacao\system\Model.php(330): CodeIgniter\Database\BaseBuilder->insert()
#5 C:\xampp\htdocs\pesquisa_satisfacao\system\BaseModel.php(782): CodeIgniter\Model->doInsert(Array)
#6 C:\xampp\htdocs\pesquisa_satisfacao\system\Model.php(730): CodeIgniter\BaseModel->insert(Array, true)
#7 C:\xampp\htdocs\pesquisa_satisfacao\app\Controllers\PesquisaRespostas.php(23): CodeIgniter\Model->insert(Array)
#8 C:\xampp\htdocs\pesquisa_satisfacao\system\CodeIgniter.php(934): App\Controllers\PesquisaRespostas->store()
#9 C:\xampp\htdocs\pesquisa_satisfacao\system\CodeIgniter.php(499): CodeIgniter\CodeIgniter->runController(Object(App\Controllers\PesquisaRespostas))
#10 C:\xampp\htdocs\pesquisa_satisfacao\system\CodeIgniter.php(368): CodeIgniter\CodeIgniter->handleRequest(NULL, Object(Config\Cache), false)
#11 C:\xampp\htdocs\pesquisa_satisfacao\public\index.php(67): CodeIgniter\CodeIgniter->run()
#12 {main}
CRITICAL - 2023-05-10 12:52:08 --> Cannot add or update a child row: a foreign key constraint fails (`pesquisa_satisfacao`.`pesquisa_respostas`, CONSTRAINT `pesquisa_respostas_fk_pesquisa_foreign` FOREIGN KEY (`fk_pesquisa`) REFERENCES `pesquisas` (`id_pesquisa`))
in SYSTEMPATH\Database\MySQLi\Connection.php on line 295.
 1 SYSTEMPATH\Database\MySQLi\Connection.php(295): mysqli->query('INSERT INTO `pesquisa_respostas` (`resposta`, `fk_pergunta`, `created_at`, `updated_at`) VALUES (\'1\', \'3\', \'2023-05-10 12:52:08\', \'2023-05-10 12:52:08\')', 0)
 2 SYSTEMPATH\Database\BaseConnection.php(691): CodeIgniter\Database\MySQLi\Connection->execute('INSERT INTO `pesquisa_respostas` (`resposta`, `fk_pergunta`, `created_at`, `updated_at`) VALUES (\'1\', \'3\', \'2023-05-10 12:52:08\', \'2023-05-10 12:52:08\')')
 3 SYSTEMPATH\Database\BaseConnection.php(605): CodeIgniter\Database\BaseConnection->simpleQuery('INSERT INTO `pesquisa_respostas` (`resposta`, `fk_pergunta`, `created_at`, `updated_at`) VALUES (\'1\', \'3\', \'2023-05-10 12:52:08\', \'2023-05-10 12:52:08\')')
 4 SYSTEMPATH\Database\BaseBuilder.php(2309): CodeIgniter\Database\BaseConnection->query('INSERT INTO `pesquisa_respostas` (`resposta`, `fk_pergunta`, `created_at`, `updated_at`) VALUES (:resposta:, :fk_pergunta:, :created_at:, :updated_at:)', [...], false)
 5 SYSTEMPATH\Model.php(330): CodeIgniter\Database\BaseBuilder->insert()
 6 SYSTEMPATH\BaseModel.php(782): CodeIgniter\Model->doInsert([...])
 7 SYSTEMPATH\Model.php(730): CodeIgniter\BaseModel->insert([...], true)
 8 APPPATH\Controllers\PesquisaRespostas.php(23): CodeIgniter\Model->insert([...])
 9 SYSTEMPATH\CodeIgniter.php(934): App\Controllers\PesquisaRespostas->store()
10 SYSTEMPATH\CodeIgniter.php(499): CodeIgniter\CodeIgniter->runController(Object(App\Controllers\PesquisaRespostas))
11 SYSTEMPATH\CodeIgniter.php(368): CodeIgniter\CodeIgniter->handleRequest(null, Object(Config\Cache), false)
12 FCPATH\index.php(67): CodeIgniter\CodeIgniter->run()
ERROR - 2023-05-10 17:42:47 --> mysqli_sql_exception: Cannot add or update a child row: a foreign key constraint fails (`pesquisa_satisfacao`.`pesquisa_respostas`, CONSTRAINT `pesquisa_respostas_fk_pesquisa_foreign` FOREIGN KEY (`fk_pesquisa`) REFERENCES `pesquisas` (`id_pesquisa`)) in C:\xampp\htdocs\pesquisa_satisfacao\system\Database\MySQLi\Connection.php:295
Stack trace:
#0 C:\xampp\htdocs\pesquisa_satisfacao\system\Database\MySQLi\Connection.php(295): mysqli->query('INSERT INTO `pe...', 0)
#1 C:\xampp\htdocs\pesquisa_satisfacao\system\Database\BaseConnection.php(691): CodeIgniter\Database\MySQLi\Connection->execute('INSERT INTO `pe...')
#2 C:\xampp\htdocs\pesquisa_satisfacao\system\Database\BaseConnection.php(605): CodeIgniter\Database\BaseConnection->simpleQuery('INSERT INTO `pe...')
#3 C:\xampp\htdocs\pesquisa_satisfacao\system\Database\BaseBuilder.php(2309): CodeIgniter\Database\BaseConnection->query('INSERT INTO `pe...', Array, false)
#4 C:\xampp\htdocs\pesquisa_satisfacao\system\Model.php(330): CodeIgniter\Database\BaseBuilder->insert()
#5 C:\xampp\htdocs\pesquisa_satisfacao\system\BaseModel.php(782): CodeIgniter\Model->doInsert(Array)
#6 C:\xampp\htdocs\pesquisa_satisfacao\system\Model.php(730): CodeIgniter\BaseModel->insert(Array, true)
#7 C:\xampp\htdocs\pesquisa_satisfacao\app\Controllers\PesquisaRespostas.php(23): CodeIgniter\Model->insert(Array)
#8 C:\xampp\htdocs\pesquisa_satisfacao\system\CodeIgniter.php(934): App\Controllers\PesquisaRespostas->store()
#9 C:\xampp\htdocs\pesquisa_satisfacao\system\CodeIgniter.php(499): CodeIgniter\CodeIgniter->runController(Object(App\Controllers\PesquisaRespostas))
#10 C:\xampp\htdocs\pesquisa_satisfacao\system\CodeIgniter.php(368): CodeIgniter\CodeIgniter->handleRequest(NULL, Object(Config\Cache), false)
#11 C:\xampp\htdocs\pesquisa_satisfacao\public\index.php(67): CodeIgniter\CodeIgniter->run()
#12 {main}
CRITICAL - 2023-05-10 17:42:47 --> Cannot add or update a child row: a foreign key constraint fails (`pesquisa_satisfacao`.`pesquisa_respostas`, CONSTRAINT `pesquisa_respostas_fk_pesquisa_foreign` FOREIGN KEY (`fk_pesquisa`) REFERENCES `pesquisas` (`id_pesquisa`))
in SYSTEMPATH\Database\MySQLi\Connection.php on line 295.
 1 SYSTEMPATH\Database\MySQLi\Connection.php(295): mysqli->query('INSERT INTO `pesquisa_respostas` (`resposta`, `fk_pesquisa`, `fk_user`, `fk_pergunta`, `created_at`, `updated_at`) VALUES (\'arroz?\', \'\', \'\', \'\', \'2023-05-10 17:42:47\', \'2023-05-10 17:42:47\')', 0)
 2 SYSTEMPATH\Database\BaseConnection.php(691): CodeIgniter\Database\MySQLi\Connection->execute('INSERT INTO `pesquisa_respostas` (`resposta`, `fk_pesquisa`, `fk_user`, `fk_pergunta`, `created_at`, `updated_at`) VALUES (\'arroz?\', \'\', \'\', \'\', \'2023-05-10 17:42:47\', \'2023-05-10 17:42:47\')')
 3 SYSTEMPATH\Database\BaseConnection.php(605): CodeIgniter\Database\BaseConnection->simpleQuery('INSERT INTO `pesquisa_respostas` (`resposta`, `fk_pesquisa`, `fk_user`, `fk_pergunta`, `created_at`, `updated_at`) VALUES (\'arroz?\', \'\', \'\', \'\', \'2023-05-10 17:42:47\', \'2023-05-10 17:42:47\')')
 4 SYSTEMPATH\Database\BaseBuilder.php(2309): CodeIgniter\Database\BaseConnection->query('INSERT INTO `pesquisa_respostas` (`resposta`, `fk_pesquisa`, `fk_user`, `fk_pergunta`, `created_at`, `updated_at`) VALUES (:resposta:, :fk_pesquisa:, :fk_user:, :fk_pergunta:, :created_at:, :updated_at:)', [...], false)
 5 SYSTEMPATH\Model.php(330): CodeIgniter\Database\BaseBuilder->insert()
 6 SYSTEMPATH\BaseModel.php(782): CodeIgniter\Model->doInsert([...])
 7 SYSTEMPATH\Model.php(730): CodeIgniter\BaseModel->insert([...], true)
 8 APPPATH\Controllers\PesquisaRespostas.php(23): CodeIgniter\Model->insert([...])
 9 SYSTEMPATH\CodeIgniter.php(934): App\Controllers\PesquisaRespostas->store()
10 SYSTEMPATH\CodeIgniter.php(499): CodeIgniter\CodeIgniter->runController(Object(App\Controllers\PesquisaRespostas))
11 SYSTEMPATH\CodeIgniter.php(368): CodeIgniter\CodeIgniter->handleRequest(null, Object(Config\Cache), false)
12 FCPATH\index.php(67): CodeIgniter\CodeIgniter->run()
ERROR - 2023-05-10 17:47:58 --> mysqli_sql_exception: Cannot add or update a child row: a foreign key constraint fails (`pesquisa_satisfacao`.`pesquisa_respostas`, CONSTRAINT `pesquisa_respostas_fk_pesquisa_foreign` FOREIGN KEY (`fk_pesquisa`) REFERENCES `pesquisas` (`id_pesquisa`)) in C:\xampp\htdocs\pesquisa_satisfacao\system\Database\MySQLi\Connection.php:295
Stack trace:
#0 C:\xampp\htdocs\pesquisa_satisfacao\system\Database\MySQLi\Connection.php(295): mysqli->query('INSERT INTO `pe...', 0)
#1 C:\xampp\htdocs\pesquisa_satisfacao\system\Database\BaseConnection.php(691): CodeIgniter\Database\MySQLi\Connection->execute('INSERT INTO `pe...')
#2 C:\xampp\htdocs\pesquisa_satisfacao\system\Database\BaseConnection.php(605): CodeIgniter\Database\BaseConnection->simpleQuery('INSERT INTO `pe...')
#3 C:\xampp\htdocs\pesquisa_satisfacao\system\Database\BaseBuilder.php(2309): CodeIgniter\Database\BaseConnection->query('INSERT INTO `pe...', Array, false)
#4 C:\xampp\htdocs\pesquisa_satisfacao\system\Model.php(330): CodeIgniter\Database\BaseBuilder->insert()
#5 C:\xampp\htdocs\pesquisa_satisfacao\system\BaseModel.php(782): CodeIgniter\Model->doInsert(Array)
#6 C:\xampp\htdocs\pesquisa_satisfacao\system\Model.php(730): CodeIgniter\BaseModel->insert(Array, true)
#7 C:\xampp\htdocs\pesquisa_satisfacao\app\Controllers\PesquisaRespostas.php(23): CodeIgniter\Model->insert(Array)
#8 C:\xampp\htdocs\pesquisa_satisfacao\system\CodeIgniter.php(934): App\Controllers\PesquisaRespostas->store()
#9 C:\xampp\htdocs\pesquisa_satisfacao\system\CodeIgniter.php(499): CodeIgniter\CodeIgniter->runController(Object(App\Controllers\PesquisaRespostas))
#10 C:\xampp\htdocs\pesquisa_satisfacao\system\CodeIgniter.php(368): CodeIgniter\CodeIgniter->handleRequest(NULL, Object(Config\Cache), false)
#11 C:\xampp\htdocs\pesquisa_satisfacao\public\index.php(67): CodeIgniter\CodeIgniter->run()
#12 {main}
CRITICAL - 2023-05-10 17:47:58 --> Cannot add or update a child row: a foreign key constraint fails (`pesquisa_satisfacao`.`pesquisa_respostas`, CONSTRAINT `pesquisa_respostas_fk_pesquisa_foreign` FOREIGN KEY (`fk_pesquisa`) REFERENCES `pesquisas` (`id_pesquisa`))
in SYSTEMPATH\Database\MySQLi\Connection.php on line 295.
 1 SYSTEMPATH\Database\MySQLi\Connection.php(295): mysqli->query('INSERT INTO `pesquisa_respostas` (`resposta`, `fk_pesquisa`, `fk_user`, `fk_pergunta`, `created_at`, `updated_at`) VALUES (\'123\', \'\', \'\', \'\', \'2023-05-10 17:47:57\', \'2023-05-10 17:47:57\')', 0)
 2 SYSTEMPATH\Database\BaseConnection.php(691): CodeIgniter\Database\MySQLi\Connection->execute('INSERT INTO `pesquisa_respostas` (`resposta`, `fk_pesquisa`, `fk_user`, `fk_pergunta`, `created_at`, `updated_at`) VALUES (\'123\', \'\', \'\', \'\', \'2023-05-10 17:47:57\', \'2023-05-10 17:47:57\')')
 3 SYSTEMPATH\Database\BaseConnection.php(605): CodeIgniter\Database\BaseConnection->simpleQuery('INSERT INTO `pesquisa_respostas` (`resposta`, `fk_pesquisa`, `fk_user`, `fk_pergunta`, `created_at`, `updated_at`) VALUES (\'123\', \'\', \'\', \'\', \'2023-05-10 17:47:57\', \'2023-05-10 17:47:57\')')
 4 SYSTEMPATH\Database\BaseBuilder.php(2309): CodeIgniter\Database\BaseConnection->query('INSERT INTO `pesquisa_respostas` (`resposta`, `fk_pesquisa`, `fk_user`, `fk_pergunta`, `created_at`, `updated_at`) VALUES (:resposta:, :fk_pesquisa:, :fk_user:, :fk_pergunta:, :created_at:, :updated_at:)', [...], false)
 5 SYSTEMPATH\Model.php(330): CodeIgniter\Database\BaseBuilder->insert()
 6 SYSTEMPATH\BaseModel.php(782): CodeIgniter\Model->doInsert([...])
 7 SYSTEMPATH\Model.php(730): CodeIgniter\BaseModel->insert([...], true)
 8 APPPATH\Controllers\PesquisaRespostas.php(23): CodeIgniter\Model->insert([...])
 9 SYSTEMPATH\CodeIgniter.php(934): App\Controllers\PesquisaRespostas->store()
10 SYSTEMPATH\CodeIgniter.php(499): CodeIgniter\CodeIgniter->runController(Object(App\Controllers\PesquisaRespostas))
11 SYSTEMPATH\CodeIgniter.php(368): CodeIgniter\CodeIgniter->handleRequest(null, Object(Config\Cache), false)
12 FCPATH\index.php(67): CodeIgniter\CodeIgniter->run()
