CRITICAL - 2023-05-24 11:58:36 --> array_column(): Argument #1 ($array) must be of type array, null given
in APPPATH\Services\Pesquisa\PerguntasService.php on line 31.
 1 APPPATH\Services\Pesquisa\PerguntasService.php(31): array_column(null, 'pergunta')
 2 APPPATH\Models\PesquisaPerguntasModel.php(28): App\Services\Pesquisa\PerguntasService->ids_delete()
 3 APPPATH\Controllers\PesquisaPerguntas.php(26): App\Models\PesquisaPerguntasModel->set_perguntas([...])
 4 SYSTEMPATH\CodeIgniter.php(934): App\Controllers\PesquisaPerguntas->store()
 5 SYSTEMPATH\CodeIgniter.php(499): CodeIgniter\CodeIgniter->runController(Object(App\Controllers\PesquisaPerguntas))
 6 SYSTEMPATH\CodeIgniter.php(368): CodeIgniter\CodeIgniter->handleRequest(null, Object(Config\Cache), false)
 7 FCPATH\index.php(67): CodeIgniter\CodeIgniter->run()
CRITICAL - 2023-05-24 11:59:18 --> array_column(): Argument #1 ($array) must be of type array, null given
in APPPATH\Services\Pesquisa\PerguntasService.php on line 31.
 1 APPPATH\Services\Pesquisa\PerguntasService.php(31): array_column(null, 'pergunta')
 2 APPPATH\Models\PesquisaPerguntasModel.php(28): App\Services\Pesquisa\PerguntasService->ids_delete()
 3 APPPATH\Controllers\PesquisaPerguntas.php(26): App\Models\PesquisaPerguntasModel->set_perguntas([...])
 4 SYSTEMPATH\CodeIgniter.php(934): App\Controllers\PesquisaPerguntas->store()
 5 SYSTEMPATH\CodeIgniter.php(499): CodeIgniter\CodeIgniter->runController(Object(App\Controllers\PesquisaPerguntas))
 6 SYSTEMPATH\CodeIgniter.php(368): CodeIgniter\CodeIgniter->handleRequest(null, Object(Config\Cache), false)
 7 FCPATH\index.php(67): CodeIgniter\CodeIgniter->run()
CRITICAL - 2023-05-24 11:59:55 --> array_column(): Argument #1 ($array) must be of type array, null given
in APPPATH\Services\Pesquisa\PerguntasService.php on line 31.
 1 APPPATH\Services\Pesquisa\PerguntasService.php(31): array_column(null, 'pergunta')
 2 APPPATH\Models\PesquisaPerguntasModel.php(28): App\Services\Pesquisa\PerguntasService->ids_delete()
 3 APPPATH\Controllers\PesquisaPerguntas.php(26): App\Models\PesquisaPerguntasModel->set_perguntas([...])
 4 SYSTEMPATH\CodeIgniter.php(934): App\Controllers\PesquisaPerguntas->store()
 5 SYSTEMPATH\CodeIgniter.php(499): CodeIgniter\CodeIgniter->runController(Object(App\Controllers\PesquisaPerguntas))
 6 SYSTEMPATH\CodeIgniter.php(368): CodeIgniter\CodeIgniter->handleRequest(null, Object(Config\Cache), false)
 7 FCPATH\index.php(67): CodeIgniter\CodeIgniter->run()
CRITICAL - 2023-05-24 12:18:10 --> Object of type App\Services\Pesquisa\PesquisasService is not callable
in APPPATH\Controllers\PesquisaRespostas.php on line 57.
 1 SYSTEMPATH\CodeIgniter.php(934): App\Controllers\PesquisaRespostas->novo()
 2 SYSTEMPATH\CodeIgniter.php(499): CodeIgniter\CodeIgniter->runController(Object(App\Controllers\PesquisaRespostas))
 3 SYSTEMPATH\CodeIgniter.php(368): CodeIgniter\CodeIgniter->handleRequest(null, Object(Config\Cache), false)
 4 FCPATH\index.php(67): CodeIgniter\CodeIgniter->run()
CRITICAL - 2023-05-24 12:18:24 --> Object of type App\Services\Pesquisa\PesquisasService is not callable
in APPPATH\Controllers\PesquisaRespostas.php on line 57.
 1 SYSTEMPATH\CodeIgniter.php(934): App\Controllers\PesquisaRespostas->novo()
 2 SYSTEMPATH\CodeIgniter.php(499): CodeIgniter\CodeIgniter->runController(Object(App\Controllers\PesquisaRespostas))
 3 SYSTEMPATH\CodeIgniter.php(368): CodeIgniter\CodeIgniter->handleRequest(null, Object(Config\Cache), false)
 4 FCPATH\index.php(67): CodeIgniter\CodeIgniter->run()
CRITICAL - 2023-05-24 12:48:21 --> Undefined property: App\Controllers\AuthUsers::$auth_users_model
in APPPATH\Controllers\AuthUsers.php on line 16.
 1 APPPATH\Controllers\AuthUsers.php(16): CodeIgniter\Debug\Exceptions->errorHandler(2, 'Undefined property: App\\Controllers\\AuthUsers::$auth_users_model', 'C:\\xampp\\htdocs\\pesquisa_satisfacao\\app\\Controllers\\AuthUsers.php', 16)
 2 SYSTEMPATH\CodeIgniter.php(934): App\Controllers\AuthUsers->index()
 3 SYSTEMPATH\CodeIgniter.php(499): CodeIgniter\CodeIgniter->runController(Object(App\Controllers\AuthUsers))
 4 SYSTEMPATH\CodeIgniter.php(368): CodeIgniter\CodeIgniter->handleRequest(null, Object(Config\Cache), false)
 5 FCPATH\index.php(67): CodeIgniter\CodeIgniter->run()
CRITICAL - 2023-05-24 16:06:03 --> Call to undefined method App\Models\PesquisasModel::agrupar_pesquisas
in SYSTEMPATH\Model.php on line 842.
 1 APPPATH\Controllers\PesquisaRespostas.php(23): CodeIgniter\Model->__call('agrupar_pesquisas', [])
 2 SYSTEMPATH\CodeIgniter.php(934): App\Controllers\PesquisaRespostas->index()
 3 SYSTEMPATH\CodeIgniter.php(499): CodeIgniter\CodeIgniter->runController(Object(App\Controllers\PesquisaRespostas))
 4 SYSTEMPATH\CodeIgniter.php(368): CodeIgniter\CodeIgniter->handleRequest(null, Object(Config\Cache), false)
 5 FCPATH\index.php(67): CodeIgniter\CodeIgniter->run()
CRITICAL - 2023-05-24 16:08:29 --> Object of class App\Services\Pesquisa\PesquisasService could not be converted to string
in APPPATH\Controllers\PesquisaRespostas.php on line 25.
 1 SYSTEMPATH\CodeIgniter.php(934): App\Controllers\PesquisaRespostas->index()
 2 SYSTEMPATH\CodeIgniter.php(499): CodeIgniter\CodeIgniter->runController(Object(App\Controllers\PesquisaRespostas))
 3 SYSTEMPATH\CodeIgniter.php(368): CodeIgniter\CodeIgniter->handleRequest(null, Object(Config\Cache), false)
 4 FCPATH\index.php(67): CodeIgniter\CodeIgniter->run()
CRITICAL - 2023-05-24 16:08:49 --> Object of class App\Models\PesquisasModel could not be converted to string
in APPPATH\Services\Pesquisa\PesquisasService.php on line 42.
 1 APPPATH\Controllers\PesquisaRespostas.php(25): App\Services\Pesquisa\PesquisasService->agrupar_pesquisas()
 2 SYSTEMPATH\CodeIgniter.php(934): App\Controllers\PesquisaRespostas->index()
 3 SYSTEMPATH\CodeIgniter.php(499): CodeIgniter\CodeIgniter->runController(Object(App\Controllers\PesquisaRespostas))
 4 SYSTEMPATH\CodeIgniter.php(368): CodeIgniter\CodeIgniter->handleRequest(null, Object(Config\Cache), false)
 5 FCPATH\index.php(67): CodeIgniter\CodeIgniter->run()
CRITICAL - 2023-05-24 16:14:13 --> Call to undefined method App\Models\PesquisasModel::agrupar_pesquisas
in SYSTEMPATH\Model.php on line 842.
 1 APPPATH\Controllers\PesquisaRespostas.php(23): CodeIgniter\Model->__call('agrupar_pesquisas', [])
 2 SYSTEMPATH\CodeIgniter.php(934): App\Controllers\PesquisaRespostas->index()
 3 SYSTEMPATH\CodeIgniter.php(499): CodeIgniter\CodeIgniter->runController(Object(App\Controllers\PesquisaRespostas))
 4 SYSTEMPATH\CodeIgniter.php(368): CodeIgniter\CodeIgniter->handleRequest(null, Object(Config\Cache), false)
 5 FCPATH\index.php(67): CodeIgniter\CodeIgniter->run()
CRITICAL - 2023-05-24 16:15:34 --> Call to undefined method App\Models\PesquisaRespostasModel::get_pesquisa_and_respostas
in SYSTEMPATH\Model.php on line 842.
 1 APPPATH\Services\Pesquisa\PesquisasService.php(43): CodeIgniter\Model->__call('get_pesquisa_and_respostas', [...])
 2 APPPATH\Controllers\PesquisaRespostas.php(24): App\Services\Pesquisa\PesquisasService->agrupar_pesquisas()
 3 SYSTEMPATH\CodeIgniter.php(934): App\Controllers\PesquisaRespostas->index()
 4 SYSTEMPATH\CodeIgniter.php(499): CodeIgniter\CodeIgniter->runController(Object(App\Controllers\PesquisaRespostas))
 5 SYSTEMPATH\CodeIgniter.php(368): CodeIgniter\CodeIgniter->handleRequest(null, Object(Config\Cache), false)
 6 FCPATH\index.php(67): CodeIgniter\CodeIgniter->run()
CRITICAL - 2023-05-24 16:16:42 --> Object of class App\Services\Pesquisa\PesquisasService could not be converted to string
in APPPATH\Controllers\PesquisaRespostas.php on line 24.
 1 SYSTEMPATH\CodeIgniter.php(934): App\Controllers\PesquisaRespostas->index()
 2 SYSTEMPATH\CodeIgniter.php(499): CodeIgniter\CodeIgniter->runController(Object(App\Controllers\PesquisaRespostas))
 3 SYSTEMPATH\CodeIgniter.php(368): CodeIgniter\CodeIgniter->handleRequest(null, Object(Config\Cache), false)
 4 FCPATH\index.php(67): CodeIgniter\CodeIgniter->run()
CRITICAL - 2023-05-24 16:17:42 --> Object of class App\Services\Pesquisa\PesquisasService could not be converted to string
in APPPATH\Controllers\PesquisaRespostas.php on line 24.
 1 SYSTEMPATH\CodeIgniter.php(934): App\Controllers\PesquisaRespostas->index()
 2 SYSTEMPATH\CodeIgniter.php(499): CodeIgniter\CodeIgniter->runController(Object(App\Controllers\PesquisaRespostas))
 3 SYSTEMPATH\CodeIgniter.php(368): CodeIgniter\CodeIgniter->handleRequest(null, Object(Config\Cache), false)
 4 FCPATH\index.php(67): CodeIgniter\CodeIgniter->run()
CRITICAL - 2023-05-24 16:17:47 --> Object of class App\Services\Pesquisa\PesquisasService could not be converted to string
in APPPATH\Controllers\PesquisaRespostas.php on line 24.
 1 SYSTEMPATH\CodeIgniter.php(934): App\Controllers\PesquisaRespostas->index()
 2 SYSTEMPATH\CodeIgniter.php(499): CodeIgniter\CodeIgniter->runController(Object(App\Controllers\PesquisaRespostas))
 3 SYSTEMPATH\CodeIgniter.php(368): CodeIgniter\CodeIgniter->handleRequest(null, Object(Config\Cache), false)
 4 FCPATH\index.php(67): CodeIgniter\CodeIgniter->run()
CRITICAL - 2023-05-24 16:18:33 --> Call to undefined method App\Models\PesquisaRespostasModel::get_pesquisa_and_respostas
in SYSTEMPATH\Model.php on line 842.
 1 APPPATH\Services\Pesquisa\PesquisasService.php(43): CodeIgniter\Model->__call('get_pesquisa_and_respostas', [...])
 2 APPPATH\Controllers\PesquisaRespostas.php(24): App\Services\Pesquisa\PesquisasService->agrupar_pesquisas()
 3 SYSTEMPATH\CodeIgniter.php(934): App\Controllers\PesquisaRespostas->index()
 4 SYSTEMPATH\CodeIgniter.php(499): CodeIgniter\CodeIgniter->runController(Object(App\Controllers\PesquisaRespostas))
 5 SYSTEMPATH\CodeIgniter.php(368): CodeIgniter\CodeIgniter->handleRequest(null, Object(Config\Cache), false)
 6 FCPATH\index.php(67): CodeIgniter\CodeIgniter->run()
CRITICAL - 2023-05-24 16:19:00 --> Object of class App\Models\PesquisaRespostasModel could not be converted to string
in APPPATH\Services\Pesquisa\PesquisasService.php on line 43.
 1 APPPATH\Controllers\PesquisaRespostas.php(24): App\Services\Pesquisa\PesquisasService->agrupar_pesquisas()
 2 SYSTEMPATH\CodeIgniter.php(934): App\Controllers\PesquisaRespostas->index()
 3 SYSTEMPATH\CodeIgniter.php(499): CodeIgniter\CodeIgniter->runController(Object(App\Controllers\PesquisaRespostas))
 4 SYSTEMPATH\CodeIgniter.php(368): CodeIgniter\CodeIgniter->handleRequest(null, Object(Config\Cache), false)
 5 FCPATH\index.php(67): CodeIgniter\CodeIgniter->run()
