ERROR - 2023-05-09 15:11:06 --> mysqli_sql_exception: Can't create table `pesquisa_satisfacao`.`pesquisa_respostas` (errno: 150 "Foreign key constraint is incorrectly formed") in C:\xampp\htdocs\pesquisa_satisfacao\system\Database\MySQLi\Connection.php:295
Stack trace:
#0 C:\xampp\htdocs\pesquisa_satisfacao\system\Database\MySQLi\Connection.php(295): mysqli->query('CREATE TABLE `p...', 0)
#1 C:\xampp\htdocs\pesquisa_satisfacao\system\Database\BaseConnection.php(691): CodeIgniter\Database\MySQLi\Connection->execute('CREATE TABLE `p...')
#2 C:\xampp\htdocs\pesquisa_satisfacao\system\Database\BaseConnection.php(605): CodeIgniter\Database\BaseConnection->simpleQuery('CREATE TABLE `p...')
#3 C:\xampp\htdocs\pesquisa_satisfacao\system\Database\Forge.php(546): CodeIgniter\Database\BaseConnection->query('CREATE TABLE `p...')
#4 C:\xampp\htdocs\pesquisa_satisfacao\app\Database\Migrations\2023-05-09-144014_PesquisaRespostas.php(51): CodeIgniter\Database\Forge->createTable('pesquisa_respos...')
#5 C:\xampp\htdocs\pesquisa_satisfacao\system\Database\MigrationRunner.php(877): App\Database\Migrations\PesquisaRespostas->up()
#6 C:\xampp\htdocs\pesquisa_satisfacao\system\Database\MigrationRunner.php(188): CodeIgniter\Database\MigrationRunner->migrate('up', Object(stdClass))
#7 C:\xampp\htdocs\pesquisa_satisfacao\system\Commands\Database\Migrate.php(84): CodeIgniter\Database\MigrationRunner->latest(NULL)
#8 C:\xampp\htdocs\pesquisa_satisfacao\system\CLI\Commands.php(65): CodeIgniter\Commands\Database\Migrate->run(Array)
#9 C:\xampp\htdocs\pesquisa_satisfacao\system\CLI\Console.php(37): CodeIgniter\CLI\Commands->run('migrate', Array)
#10 C:\xampp\htdocs\pesquisa_satisfacao\spark(97): CodeIgniter\CLI\Console->run()
#11 {main}
ERROR - 2023-05-09 15:15:50 --> mysqli_sql_exception: Can't create table `pesquisa_satisfacao`.`pesquisa_respostas` (errno: 150 "Foreign key constraint is incorrectly formed") in C:\xampp\htdocs\pesquisa_satisfacao\system\Database\MySQLi\Connection.php:295
Stack trace:
#0 C:\xampp\htdocs\pesquisa_satisfacao\system\Database\MySQLi\Connection.php(295): mysqli->query('CREATE TABLE `p...', 0)
#1 C:\xampp\htdocs\pesquisa_satisfacao\system\Database\BaseConnection.php(691): CodeIgniter\Database\MySQLi\Connection->execute('CREATE TABLE `p...')
#2 C:\xampp\htdocs\pesquisa_satisfacao\system\Database\BaseConnection.php(605): CodeIgniter\Database\BaseConnection->simpleQuery('CREATE TABLE `p...')
#3 C:\xampp\htdocs\pesquisa_satisfacao\system\Database\Forge.php(546): CodeIgniter\Database\BaseConnection->query('CREATE TABLE `p...')
#4 C:\xampp\htdocs\pesquisa_satisfacao\app\Database\Migrations\2023-05-09-144014_PesquisaRespostas.php(48): CodeIgniter\Database\Forge->createTable('pesquisa_respos...')
#5 C:\xampp\htdocs\pesquisa_satisfacao\system\Database\MigrationRunner.php(877): App\Database\Migrations\PesquisaRespostas->up()
#6 C:\xampp\htdocs\pesquisa_satisfacao\system\Database\MigrationRunner.php(188): CodeIgniter\Database\MigrationRunner->migrate('up', Object(stdClass))
#7 C:\xampp\htdocs\pesquisa_satisfacao\system\Commands\Database\Migrate.php(84): CodeIgniter\Database\MigrationRunner->latest(NULL)
#8 C:\xampp\htdocs\pesquisa_satisfacao\system\CLI\Commands.php(65): CodeIgniter\Commands\Database\Migrate->run(Array)
#9 C:\xampp\htdocs\pesquisa_satisfacao\system\CLI\Console.php(37): CodeIgniter\CLI\Commands->run('migrate', Array)
#10 C:\xampp\htdocs\pesquisa_satisfacao\spark(97): CodeIgniter\CLI\Console->run()
#11 {main}
ERROR - 2023-05-09 15:17:30 --> mysqli_sql_exception: Can't create table `pesquisa_satisfacao`.`pesquisa_respostas` (errno: 150 "Foreign key constraint is incorrectly formed") in C:\xampp\htdocs\pesquisa_satisfacao\system\Database\MySQLi\Connection.php:295
Stack trace:
#0 C:\xampp\htdocs\pesquisa_satisfacao\system\Database\MySQLi\Connection.php(295): mysqli->query('CREATE TABLE `p...', 0)
#1 C:\xampp\htdocs\pesquisa_satisfacao\system\Database\BaseConnection.php(691): CodeIgniter\Database\MySQLi\Connection->execute('CREATE TABLE `p...')
#2 C:\xampp\htdocs\pesquisa_satisfacao\system\Database\BaseConnection.php(605): CodeIgniter\Database\BaseConnection->simpleQuery('CREATE TABLE `p...')
#3 C:\xampp\htdocs\pesquisa_satisfacao\system\Database\Forge.php(546): CodeIgniter\Database\BaseConnection->query('CREATE TABLE `p...')
#4 C:\xampp\htdocs\pesquisa_satisfacao\app\Database\Migrations\2023-05-09-144014_PesquisaRespostas.php(48): CodeIgniter\Database\Forge->createTable('pesquisa_respos...')
#5 C:\xampp\htdocs\pesquisa_satisfacao\system\Database\MigrationRunner.php(877): App\Database\Migrations\PesquisaRespostas->up()
#6 C:\xampp\htdocs\pesquisa_satisfacao\system\Database\MigrationRunner.php(188): CodeIgniter\Database\MigrationRunner->migrate('up', Object(stdClass))
#7 C:\xampp\htdocs\pesquisa_satisfacao\system\Commands\Database\Migrate.php(84): CodeIgniter\Database\MigrationRunner->latest(NULL)
#8 C:\xampp\htdocs\pesquisa_satisfacao\system\CLI\Commands.php(65): CodeIgniter\Commands\Database\Migrate->run(Array)
#9 C:\xampp\htdocs\pesquisa_satisfacao\system\CLI\Console.php(37): CodeIgniter\CLI\Commands->run('migrate', Array)
#10 C:\xampp\htdocs\pesquisa_satisfacao\spark(97): CodeIgniter\CLI\Console->run()
#11 {main}
CRITICAL - 2023-05-09 17:02:41 --> Class "App\Controllers\AuthUserModel" not found
in APPPATH\Controllers\AuthUsers.php on line 12.
 1 SYSTEMPATH\CodeIgniter.php(906): App\Controllers\AuthUsers->__construct()
 2 SYSTEMPATH\CodeIgniter.php(490): CodeIgniter\CodeIgniter->createController()
 3 SYSTEMPATH\CodeIgniter.php(368): CodeIgniter\CodeIgniter->handleRequest(null, Object(Config\Cache), false)
 4 FCPATH\index.php(67): CodeIgniter\CodeIgniter->run()
ERROR - 2023-05-09 18:02:44 --> mysqli_sql_exception: Cannot add or update a child row: a foreign key constraint fails (`pesquisa_satisfacao`.`pesquisa_perguntas`, CONSTRAINT `pesquisa_perguntas_fk_user_foreign` FOREIGN KEY (`fk_user`) REFERENCES `auth_users` (`id_user`)) in C:\xampp\htdocs\pesquisa_satisfacao\system\Database\MySQLi\Connection.php:295
Stack trace:
#0 C:\xampp\htdocs\pesquisa_satisfacao\system\Database\MySQLi\Connection.php(295): mysqli->query('INSERT INTO `pe...', 0)
#1 C:\xampp\htdocs\pesquisa_satisfacao\system\Database\BaseConnection.php(691): CodeIgniter\Database\MySQLi\Connection->execute('INSERT INTO `pe...')
#2 C:\xampp\htdocs\pesquisa_satisfacao\system\Database\BaseConnection.php(605): CodeIgniter\Database\BaseConnection->simpleQuery('INSERT INTO `pe...')
#3 C:\xampp\htdocs\pesquisa_satisfacao\system\Database\BaseBuilder.php(2309): CodeIgniter\Database\BaseConnection->query('INSERT INTO `pe...', Array, false)
#4 C:\xampp\htdocs\pesquisa_satisfacao\system\Model.php(330): CodeIgniter\Database\BaseBuilder->insert()
#5 C:\xampp\htdocs\pesquisa_satisfacao\system\BaseModel.php(782): CodeIgniter\Model->doInsert(Array)
#6 C:\xampp\htdocs\pesquisa_satisfacao\system\Model.php(730): CodeIgniter\BaseModel->insert(Array, true)
#7 C:\xampp\htdocs\pesquisa_satisfacao\app\Controllers\PesquisaPergunta.php(23): CodeIgniter\Model->insert(Array)
#8 C:\xampp\htdocs\pesquisa_satisfacao\system\CodeIgniter.php(934): App\Controllers\PesquisaPergunta->store()
#9 C:\xampp\htdocs\pesquisa_satisfacao\system\CodeIgniter.php(499): CodeIgniter\CodeIgniter->runController(Object(App\Controllers\PesquisaPergunta))
#10 C:\xampp\htdocs\pesquisa_satisfacao\system\CodeIgniter.php(368): CodeIgniter\CodeIgniter->handleRequest(NULL, Object(Config\Cache), false)
#11 C:\xampp\htdocs\pesquisa_satisfacao\public\index.php(67): CodeIgniter\CodeIgniter->run()
#12 {main}
CRITICAL - 2023-05-09 18:02:44 --> Cannot add or update a child row: a foreign key constraint fails (`pesquisa_satisfacao`.`pesquisa_perguntas`, CONSTRAINT `pesquisa_perguntas_fk_user_foreign` FOREIGN KEY (`fk_user`) REFERENCES `auth_users` (`id_user`))
in SYSTEMPATH\Database\MySQLi\Connection.php on line 295.
 1 SYSTEMPATH\Database\MySQLi\Connection.php(295): mysqli->query('INSERT INTO `pesquisa_perguntas` (`pergunta`, `created_at`, `updated_at`) VALUES (\'Como acelerar o xampp\', \'2023-05-09 18:02:44\', \'2023-05-09 18:02:44\')', 0)
 2 SYSTEMPATH\Database\BaseConnection.php(691): CodeIgniter\Database\MySQLi\Connection->execute('INSERT INTO `pesquisa_perguntas` (`pergunta`, `created_at`, `updated_at`) VALUES (\'Como acelerar o xampp\', \'2023-05-09 18:02:44\', \'2023-05-09 18:02:44\')')
 3 SYSTEMPATH\Database\BaseConnection.php(605): CodeIgniter\Database\BaseConnection->simpleQuery('INSERT INTO `pesquisa_perguntas` (`pergunta`, `created_at`, `updated_at`) VALUES (\'Como acelerar o xampp\', \'2023-05-09 18:02:44\', \'2023-05-09 18:02:44\')')
 4 SYSTEMPATH\Database\BaseBuilder.php(2309): CodeIgniter\Database\BaseConnection->query('INSERT INTO `pesquisa_perguntas` (`pergunta`, `created_at`, `updated_at`) VALUES (:pergunta:, :created_at:, :updated_at:)', [...], false)
 5 SYSTEMPATH\Model.php(330): CodeIgniter\Database\BaseBuilder->insert()
 6 SYSTEMPATH\BaseModel.php(782): CodeIgniter\Model->doInsert([...])
 7 SYSTEMPATH\Model.php(730): CodeIgniter\BaseModel->insert([...], true)
 8 APPPATH\Controllers\PesquisaPergunta.php(23): CodeIgniter\Model->insert([...])
 9 SYSTEMPATH\CodeIgniter.php(934): App\Controllers\PesquisaPergunta->store()
10 SYSTEMPATH\CodeIgniter.php(499): CodeIgniter\CodeIgniter->runController(Object(App\Controllers\PesquisaPergunta))
11 SYSTEMPATH\CodeIgniter.php(368): CodeIgniter\CodeIgniter->handleRequest(null, Object(Config\Cache), false)
12 FCPATH\index.php(67): CodeIgniter\CodeIgniter->run()
