CRITICAL - 2023-05-19 11:42:19 --> insertBatch() has no data.
in SYSTEMPATH\Database\BaseBuilder.php on line 1772.
 1 SYSTEMPATH\Database\BaseBuilder.php(2192): CodeIgniter\Database\BaseBuilder->batchExecute('_insertBatch', 100)
 2 SYSTEMPATH\Model.php(364): CodeIgniter\Database\BaseBuilder->insertBatch([], null, 100)
 3 SYSTEMPATH\BaseModel.php(874): CodeIgniter\Model->doInsertBatch([], null, 100, false)
 4 APPPATH\Models\Pesquisa_PerguntasModel.php(36): CodeIgniter\BaseModel->insertBatch([])
 5 APPPATH\Controllers\PesquisaPerguntas.php(27): App\Models\Pesquisa_PerguntasModel->set_perguntas([...])
 6 SYSTEMPATH\CodeIgniter.php(934): App\Controllers\PesquisaPerguntas->store()
 7 SYSTEMPATH\CodeIgniter.php(499): CodeIgniter\CodeIgniter->runController(Object(App\Controllers\PesquisaPerguntas))
 8 SYSTEMPATH\CodeIgniter.php(368): CodeIgniter\CodeIgniter->handleRequest(null, Object(Config\Cache), false)
 9 FCPATH\index.php(67): CodeIgniter\CodeIgniter->run()
CRITICAL - 2023-05-19 11:42:20 --> insertBatch() has no data.
in SYSTEMPATH\Database\BaseBuilder.php on line 1772.
 1 SYSTEMPATH\Database\BaseBuilder.php(2192): CodeIgniter\Database\BaseBuilder->batchExecute('_insertBatch', 100)
 2 SYSTEMPATH\Model.php(364): CodeIgniter\Database\BaseBuilder->insertBatch([], null, 100)
 3 SYSTEMPATH\BaseModel.php(874): CodeIgniter\Model->doInsertBatch([], null, 100, false)
 4 APPPATH\Models\Pesquisa_PerguntasModel.php(36): CodeIgniter\BaseModel->insertBatch([])
 5 APPPATH\Controllers\PesquisaPerguntas.php(27): App\Models\Pesquisa_PerguntasModel->set_perguntas([...])
 6 SYSTEMPATH\CodeIgniter.php(934): App\Controllers\PesquisaPerguntas->store()
 7 SYSTEMPATH\CodeIgniter.php(499): CodeIgniter\CodeIgniter->runController(Object(App\Controllers\PesquisaPerguntas))
 8 SYSTEMPATH\CodeIgniter.php(368): CodeIgniter\CodeIgniter->handleRequest(null, Object(Config\Cache), false)
 9 FCPATH\index.php(67): CodeIgniter\CodeIgniter->run()
CRITICAL - 2023-05-19 11:42:44 --> insertBatch() has no data.
in SYSTEMPATH\Database\BaseBuilder.php on line 1772.
 1 SYSTEMPATH\Database\BaseBuilder.php(2192): CodeIgniter\Database\BaseBuilder->batchExecute('_insertBatch', 100)
 2 SYSTEMPATH\Model.php(364): CodeIgniter\Database\BaseBuilder->insertBatch([], null, 100)
 3 SYSTEMPATH\BaseModel.php(874): CodeIgniter\Model->doInsertBatch([], null, 100, false)
 4 APPPATH\Models\Pesquisa_PerguntasModel.php(36): CodeIgniter\BaseModel->insertBatch([])
 5 APPPATH\Controllers\PesquisaPerguntas.php(27): App\Models\Pesquisa_PerguntasModel->set_perguntas([...])
 6 SYSTEMPATH\CodeIgniter.php(934): App\Controllers\PesquisaPerguntas->store()
 7 SYSTEMPATH\CodeIgniter.php(499): CodeIgniter\CodeIgniter->runController(Object(App\Controllers\PesquisaPerguntas))
 8 SYSTEMPATH\CodeIgniter.php(368): CodeIgniter\CodeIgniter->handleRequest(null, Object(Config\Cache), false)
 9 FCPATH\index.php(67): CodeIgniter\CodeIgniter->run()
CRITICAL - 2023-05-19 11:44:36 --> CodeIgniter\BaseModel::doProtectFields(): Argument #1 ($data) must be of type array, string given, called in C:\xampp\htdocs\pesquisa_satisfacao\system\BaseModel.php on line 850
in SYSTEMPATH\BaseModel.php on line 1235.
 1 SYSTEMPATH\BaseModel.php(850): CodeIgniter\BaseModel->doProtectFields('oi')
 2 APPPATH\Models\Pesquisa_PerguntasModel.php(36): CodeIgniter\BaseModel->insertBatch([...])
 3 APPPATH\Controllers\PesquisaPerguntas.php(27): App\Models\Pesquisa_PerguntasModel->set_perguntas([...])
 4 SYSTEMPATH\CodeIgniter.php(934): App\Controllers\PesquisaPerguntas->store()
 5 SYSTEMPATH\CodeIgniter.php(499): CodeIgniter\CodeIgniter->runController(Object(App\Controllers\PesquisaPerguntas))
 6 SYSTEMPATH\CodeIgniter.php(368): CodeIgniter\CodeIgniter->handleRequest(null, Object(Config\Cache), false)
 7 FCPATH\index.php(67): CodeIgniter\CodeIgniter->run()
CRITICAL - 2023-05-19 11:47:02 --> insertBatch() has no data.
in SYSTEMPATH\Database\BaseBuilder.php on line 1772.
 1 SYSTEMPATH\Database\BaseBuilder.php(2192): CodeIgniter\Database\BaseBuilder->batchExecute('_insertBatch', 100)
 2 SYSTEMPATH\Model.php(364): CodeIgniter\Database\BaseBuilder->insertBatch([], null, 100)
 3 SYSTEMPATH\BaseModel.php(874): CodeIgniter\Model->doInsertBatch([], null, 100, false)
 4 APPPATH\Models\Pesquisa_PerguntasModel.php(36): CodeIgniter\BaseModel->insertBatch([])
 5 APPPATH\Controllers\PesquisaPerguntas.php(27): App\Models\Pesquisa_PerguntasModel->set_perguntas([...])
 6 SYSTEMPATH\CodeIgniter.php(934): App\Controllers\PesquisaPerguntas->store()
 7 SYSTEMPATH\CodeIgniter.php(499): CodeIgniter\CodeIgniter->runController(Object(App\Controllers\PesquisaPerguntas))
 8 SYSTEMPATH\CodeIgniter.php(368): CodeIgniter\CodeIgniter->handleRequest(null, Object(Config\Cache), false)
 9 FCPATH\index.php(67): CodeIgniter\CodeIgniter->run()
CRITICAL - 2023-05-19 11:57:38 --> CodeIgniter\BaseModel::doProtectFields(): Argument #1 ($data) must be of type array, string given, called in C:\xampp\htdocs\pesquisa_satisfacao\system\BaseModel.php on line 850
in SYSTEMPATH\BaseModel.php on line 1235.
 1 SYSTEMPATH\BaseModel.php(850): CodeIgniter\BaseModel->doProtectFields('es')
 2 APPPATH\Models\Pesquisa_PerguntasModel.php(36): CodeIgniter\BaseModel->insertBatch([...])
 3 APPPATH\Controllers\PesquisaPerguntas.php(27): App\Models\Pesquisa_PerguntasModel->set_perguntas([...])
 4 SYSTEMPATH\CodeIgniter.php(934): App\Controllers\PesquisaPerguntas->store()
 5 SYSTEMPATH\CodeIgniter.php(499): CodeIgniter\CodeIgniter->runController(Object(App\Controllers\PesquisaPerguntas))
 6 SYSTEMPATH\CodeIgniter.php(368): CodeIgniter\CodeIgniter->handleRequest(null, Object(Config\Cache), false)
 7 FCPATH\index.php(67): CodeIgniter\CodeIgniter->run()
ERROR - 2023-05-19 12:41:05 --> mysqli_sql_exception: Unknown column 'id_user' in 'where clause' in C:\xampp\htdocs\pesquisa_satisfacao\system\Database\MySQLi\Connection.php:295
Stack trace:
#0 C:\xampp\htdocs\pesquisa_satisfacao\system\Database\MySQLi\Connection.php(295): mysqli->query('SELECT *\nFROM `...', 0)
#1 C:\xampp\htdocs\pesquisa_satisfacao\system\Database\BaseConnection.php(691): CodeIgniter\Database\MySQLi\Connection->execute('SELECT *\nFROM `...')
#2 C:\xampp\htdocs\pesquisa_satisfacao\system\Database\BaseConnection.php(605): CodeIgniter\Database\BaseConnection->simpleQuery('SELECT *\nFROM `...')
#3 C:\xampp\htdocs\pesquisa_satisfacao\system\Database\BaseBuilder.php(1616): CodeIgniter\Database\BaseConnection->query('SELECT *\nFROM `...', Array, false)
#4 C:\xampp\htdocs\pesquisa_satisfacao\system\Model.php(268): CodeIgniter\Database\BaseBuilder->get()
#5 C:\xampp\htdocs\pesquisa_satisfacao\system\BaseModel.php(656): CodeIgniter\Model->doFirst()
#6 C:\xampp\htdocs\pesquisa_satisfacao\app\Services\Pesquisa\PesquisasSrvc.php(36): CodeIgniter\BaseModel->first()
#7 C:\xampp\htdocs\pesquisa_satisfacao\app\Controllers\PesquisaRespostas.php(26): App\Services\Pesquisa\PesquisasSrvc->sePreencheu()
#8 C:\xampp\htdocs\pesquisa_satisfacao\system\CodeIgniter.php(934): App\Controllers\PesquisaRespostas->index()
#9 C:\xampp\htdocs\pesquisa_satisfacao\system\CodeIgniter.php(499): CodeIgniter\CodeIgniter->runController(Object(App\Controllers\PesquisaRespostas))
#10 C:\xampp\htdocs\pesquisa_satisfacao\system\CodeIgniter.php(368): CodeIgniter\CodeIgniter->handleRequest(NULL, Object(Config\Cache), false)
#11 C:\xampp\htdocs\pesquisa_satisfacao\public\index.php(67): CodeIgniter\CodeIgniter->run()
#12 {main}
CRITICAL - 2023-05-19 12:41:05 --> Unknown column 'id_user' in 'where clause'
in SYSTEMPATH\Database\MySQLi\Connection.php on line 295.
 1 SYSTEMPATH\Database\MySQLi\Connection.php(295): mysqli->query('SELECT *
FROM `pesquisa_respostas`
WHERE `id_user` = 1
AND `pesquisa_respostas`.`deleted_at` IS NULL
 LIMIT 1', 0)
 2 SYSTEMPATH\Database\BaseConnection.php(691): CodeIgniter\Database\MySQLi\Connection->execute('SELECT *
FROM `pesquisa_respostas`
WHERE `id_user` = 1
AND `pesquisa_respostas`.`deleted_at` IS NULL
 LIMIT 1')
 3 SYSTEMPATH\Database\BaseConnection.php(605): CodeIgniter\Database\BaseConnection->simpleQuery('SELECT *
FROM `pesquisa_respostas`
WHERE `id_user` = 1
AND `pesquisa_respostas`.`deleted_at` IS NULL
 LIMIT 1')
 4 SYSTEMPATH\Database\BaseBuilder.php(1616): CodeIgniter\Database\BaseConnection->query('SELECT *
FROM `pesquisa_respostas`
WHERE `id_user` = :id_user:
AND `pesquisa_respostas`.`deleted_at` IS NULL
 LIMIT 1', [...], false)
 5 SYSTEMPATH\Model.php(268): CodeIgniter\Database\BaseBuilder->get()
 6 SYSTEMPATH\BaseModel.php(656): CodeIgniter\Model->doFirst()
 7 APPPATH\Services\Pesquisa\PesquisasSrvc.php(36): CodeIgniter\BaseModel->first()
 8 APPPATH\Controllers\PesquisaRespostas.php(26): App\Services\Pesquisa\PesquisasSrvc->sePreencheu()
 9 SYSTEMPATH\CodeIgniter.php(934): App\Controllers\PesquisaRespostas->index()
10 SYSTEMPATH\CodeIgniter.php(499): CodeIgniter\CodeIgniter->runController(Object(App\Controllers\PesquisaRespostas))
11 SYSTEMPATH\CodeIgniter.php(368): CodeIgniter\CodeIgniter->handleRequest(null, Object(Config\Cache), false)
12 FCPATH\index.php(67): CodeIgniter\CodeIgniter->run()
CRITICAL - 2023-05-19 12:56:57 --> syntax error, unexpected token ")"
in APPPATH\Services\Pesquisa\PesquisasSrvc.php on line 37.
 1 SYSTEMPATH\Autoloader\Autoloader.php(289): CodeIgniter\Autoloader\Autoloader->includeFile('C:\\xampp\\htdocs\\pesquisa_satisfacao\\app\\Services\\Pesquisa\\PesquisasSrvc.php')
 2 SYSTEMPATH\Autoloader\Autoloader.php(267): CodeIgniter\Autoloader\Autoloader->loadInNamespace('App\\Services\\Pesquisa\\PesquisasSrvc')
 3 APPPATH\Controllers\PesquisaRespostas.php(25): CodeIgniter\Autoloader\Autoloader->loadClass('App\\Services\\Pesquisa\\PesquisasSrvc')
 4 SYSTEMPATH\CodeIgniter.php(934): App\Controllers\PesquisaRespostas->index()
 5 SYSTEMPATH\CodeIgniter.php(499): CodeIgniter\CodeIgniter->runController(Object(App\Controllers\PesquisaRespostas))
 6 SYSTEMPATH\CodeIgniter.php(368): CodeIgniter\CodeIgniter->handleRequest(null, Object(Config\Cache), false)
 7 FCPATH\index.php(67): CodeIgniter\CodeIgniter->run()
CRITICAL - 2023-05-19 12:59:58 --> Undefined variable $data
in APPPATH\Controllers\PesquisaRespostas.php on line 52.
 1 APPPATH\Controllers\PesquisaRespostas.php(52): CodeIgniter\Debug\Exceptions->errorHandler(2, 'Undefined variable $data', 'C:\\xampp\\htdocs\\pesquisa_satisfacao\\app\\Controllers\\PesquisaRespostas.php', 52)
 2 SYSTEMPATH\CodeIgniter.php(934): App\Controllers\PesquisaRespostas->index()
 3 SYSTEMPATH\CodeIgniter.php(499): CodeIgniter\CodeIgniter->runController(Object(App\Controllers\PesquisaRespostas))
 4 SYSTEMPATH\CodeIgniter.php(368): CodeIgniter\CodeIgniter->handleRequest(null, Object(Config\Cache), false)
 5 FCPATH\index.php(67): CodeIgniter\CodeIgniter->run()
CRITICAL - 2023-05-19 13:09:00 --> Undefined variable $service
in APPPATH\Controllers\PesquisaRespostas.php on line 37.
 1 APPPATH\Controllers\PesquisaRespostas.php(37): CodeIgniter\Debug\Exceptions->errorHandler(2, 'Undefined variable $service', 'C:\\xampp\\htdocs\\pesquisa_satisfacao\\app\\Controllers\\PesquisaRespostas.php', 37)
 2 SYSTEMPATH\CodeIgniter.php(934): App\Controllers\PesquisaRespostas->index()
 3 SYSTEMPATH\CodeIgniter.php(499): CodeIgniter\CodeIgniter->runController(Object(App\Controllers\PesquisaRespostas))
 4 SYSTEMPATH\CodeIgniter.php(368): CodeIgniter\CodeIgniter->handleRequest(null, Object(Config\Cache), false)
 5 FCPATH\index.php(67): CodeIgniter\CodeIgniter->run()
CRITICAL - 2023-05-19 13:09:30 --> Undefined variable $service
in APPPATH\Controllers\PesquisaRespostas.php on line 37.
 1 APPPATH\Controllers\PesquisaRespostas.php(37): CodeIgniter\Debug\Exceptions->errorHandler(2, 'Undefined variable $service', 'C:\\xampp\\htdocs\\pesquisa_satisfacao\\app\\Controllers\\PesquisaRespostas.php', 37)
 2 SYSTEMPATH\CodeIgniter.php(934): App\Controllers\PesquisaRespostas->index()
 3 SYSTEMPATH\CodeIgniter.php(499): CodeIgniter\CodeIgniter->runController(Object(App\Controllers\PesquisaRespostas))
 4 SYSTEMPATH\CodeIgniter.php(368): CodeIgniter\CodeIgniter->handleRequest(null, Object(Config\Cache), false)
 5 FCPATH\index.php(67): CodeIgniter\CodeIgniter->run()
CRITICAL - 2023-05-19 13:09:32 --> Undefined variable $service
in APPPATH\Controllers\PesquisaRespostas.php on line 37.
 1 APPPATH\Controllers\PesquisaRespostas.php(37): CodeIgniter\Debug\Exceptions->errorHandler(2, 'Undefined variable $service', 'C:\\xampp\\htdocs\\pesquisa_satisfacao\\app\\Controllers\\PesquisaRespostas.php', 37)
 2 SYSTEMPATH\CodeIgniter.php(934): App\Controllers\PesquisaRespostas->index()
 3 SYSTEMPATH\CodeIgniter.php(499): CodeIgniter\CodeIgniter->runController(Object(App\Controllers\PesquisaRespostas))
 4 SYSTEMPATH\CodeIgniter.php(368): CodeIgniter\CodeIgniter->handleRequest(null, Object(Config\Cache), false)
 5 FCPATH\index.php(67): CodeIgniter\CodeIgniter->run()
CRITICAL - 2023-05-19 13:09:32 --> Undefined variable $service
in APPPATH\Controllers\PesquisaRespostas.php on line 37.
 1 APPPATH\Controllers\PesquisaRespostas.php(37): CodeIgniter\Debug\Exceptions->errorHandler(2, 'Undefined variable $service', 'C:\\xampp\\htdocs\\pesquisa_satisfacao\\app\\Controllers\\PesquisaRespostas.php', 37)
 2 SYSTEMPATH\CodeIgniter.php(934): App\Controllers\PesquisaRespostas->index()
 3 SYSTEMPATH\CodeIgniter.php(499): CodeIgniter\CodeIgniter->runController(Object(App\Controllers\PesquisaRespostas))
 4 SYSTEMPATH\CodeIgniter.php(368): CodeIgniter\CodeIgniter->handleRequest(null, Object(Config\Cache), false)
 5 FCPATH\index.php(67): CodeIgniter\CodeIgniter->run()
CRITICAL - 2023-05-19 13:09:33 --> Undefined variable $service
in APPPATH\Controllers\PesquisaRespostas.php on line 37.
 1 APPPATH\Controllers\PesquisaRespostas.php(37): CodeIgniter\Debug\Exceptions->errorHandler(2, 'Undefined variable $service', 'C:\\xampp\\htdocs\\pesquisa_satisfacao\\app\\Controllers\\PesquisaRespostas.php', 37)
 2 SYSTEMPATH\CodeIgniter.php(934): App\Controllers\PesquisaRespostas->index()
 3 SYSTEMPATH\CodeIgniter.php(499): CodeIgniter\CodeIgniter->runController(Object(App\Controllers\PesquisaRespostas))
 4 SYSTEMPATH\CodeIgniter.php(368): CodeIgniter\CodeIgniter->handleRequest(null, Object(Config\Cache), false)
 5 FCPATH\index.php(67): CodeIgniter\CodeIgniter->run()
CRITICAL - 2023-05-19 13:09:34 --> Undefined variable $service
in APPPATH\Controllers\PesquisaRespostas.php on line 37.
 1 APPPATH\Controllers\PesquisaRespostas.php(37): CodeIgniter\Debug\Exceptions->errorHandler(2, 'Undefined variable $service', 'C:\\xampp\\htdocs\\pesquisa_satisfacao\\app\\Controllers\\PesquisaRespostas.php', 37)
 2 SYSTEMPATH\CodeIgniter.php(934): App\Controllers\PesquisaRespostas->index()
 3 SYSTEMPATH\CodeIgniter.php(499): CodeIgniter\CodeIgniter->runController(Object(App\Controllers\PesquisaRespostas))
 4 SYSTEMPATH\CodeIgniter.php(368): CodeIgniter\CodeIgniter->handleRequest(null, Object(Config\Cache), false)
 5 FCPATH\index.php(67): CodeIgniter\CodeIgniter->run()
CRITICAL - 2023-05-19 13:09:58 --> Undefined variable $service
in APPPATH\Controllers\PesquisaRespostas.php on line 37.
 1 APPPATH\Controllers\PesquisaRespostas.php(37): CodeIgniter\Debug\Exceptions->errorHandler(2, 'Undefined variable $service', 'C:\\xampp\\htdocs\\pesquisa_satisfacao\\app\\Controllers\\PesquisaRespostas.php', 37)
 2 SYSTEMPATH\CodeIgniter.php(934): App\Controllers\PesquisaRespostas->index()
 3 SYSTEMPATH\CodeIgniter.php(499): CodeIgniter\CodeIgniter->runController(Object(App\Controllers\PesquisaRespostas))
 4 SYSTEMPATH\CodeIgniter.php(368): CodeIgniter\CodeIgniter->handleRequest(null, Object(Config\Cache), false)
 5 FCPATH\index.php(67): CodeIgniter\CodeIgniter->run()
CRITICAL - 2023-05-19 14:21:27 --> CodeIgniter\BaseModel::doProtectFields(): Argument #1 ($data) must be of type array, string given, called in C:\xampp\htdocs\pesquisa_satisfacao\system\BaseModel.php on line 850
in SYSTEMPATH\BaseModel.php on line 1235.
 1 SYSTEMPATH\BaseModel.php(850): CodeIgniter\BaseModel->doProtectFields('Você consume bebidas alcóolicas fora do expediente?')
 2 APPPATH\Models\Pesquisa_PerguntasModel.php(36): CodeIgniter\BaseModel->insertBatch([...])
 3 APPPATH\Controllers\PesquisaPerguntas.php(27): App\Models\Pesquisa_PerguntasModel->set_perguntas([...])
 4 SYSTEMPATH\CodeIgniter.php(934): App\Controllers\PesquisaPerguntas->store()
 5 SYSTEMPATH\CodeIgniter.php(499): CodeIgniter\CodeIgniter->runController(Object(App\Controllers\PesquisaPerguntas))
 6 SYSTEMPATH\CodeIgniter.php(368): CodeIgniter\CodeIgniter->handleRequest(null, Object(Config\Cache), false)
 7 FCPATH\index.php(67): CodeIgniter\CodeIgniter->run()
CRITICAL - 2023-05-19 14:22:25 --> CodeIgniter\BaseModel::doProtectFields(): Argument #1 ($data) must be of type array, string given, called in C:\xampp\htdocs\pesquisa_satisfacao\system\BaseModel.php on line 850
in SYSTEMPATH\BaseModel.php on line 1235.
 1 SYSTEMPATH\BaseModel.php(850): CodeIgniter\BaseModel->doProtectFields('Você consume bebidas alcóolicas fora do expediente?')
 2 APPPATH\Models\Pesquisa_PerguntasModel.php(36): CodeIgniter\BaseModel->insertBatch([...])
 3 APPPATH\Controllers\PesquisaPerguntas.php(27): App\Models\Pesquisa_PerguntasModel->set_perguntas([...])
 4 SYSTEMPATH\CodeIgniter.php(934): App\Controllers\PesquisaPerguntas->store()
 5 SYSTEMPATH\CodeIgniter.php(499): CodeIgniter\CodeIgniter->runController(Object(App\Controllers\PesquisaPerguntas))
 6 SYSTEMPATH\CodeIgniter.php(368): CodeIgniter\CodeIgniter->handleRequest(null, Object(Config\Cache), false)
 7 FCPATH\index.php(67): CodeIgniter\CodeIgniter->run()
CRITICAL - 2023-05-19 14:27:52 --> CodeIgniter\BaseModel::doProtectFields(): Argument #1 ($data) must be of type array, string given, called in C:\xampp\htdocs\pesquisa_satisfacao\system\BaseModel.php on line 850
in SYSTEMPATH\BaseModel.php on line 1235.
 1 SYSTEMPATH\BaseModel.php(850): CodeIgniter\BaseModel->doProtectFields('Você gosta das suas viagenss?')
 2 APPPATH\Models\Pesquisa_PerguntasModel.php(37): CodeIgniter\BaseModel->insertBatch([...])
 3 APPPATH\Controllers\PesquisaPerguntas.php(27): App\Models\Pesquisa_PerguntasModel->set_perguntas([...])
 4 SYSTEMPATH\CodeIgniter.php(934): App\Controllers\PesquisaPerguntas->store()
 5 SYSTEMPATH\CodeIgniter.php(499): CodeIgniter\CodeIgniter->runController(Object(App\Controllers\PesquisaPerguntas))
 6 SYSTEMPATH\CodeIgniter.php(368): CodeIgniter\CodeIgniter->handleRequest(null, Object(Config\Cache), false)
 7 FCPATH\index.php(67): CodeIgniter\CodeIgniter->run()
CRITICAL - 2023-05-19 14:30:46 --> CodeIgniter\BaseModel::doProtectFields(): Argument #1 ($data) must be of type array, string given, called in C:\xampp\htdocs\pesquisa_satisfacao\system\BaseModel.php on line 850
in SYSTEMPATH\BaseModel.php on line 1235.
 1 SYSTEMPATH\BaseModel.php(850): CodeIgniter\BaseModel->doProtectFields('Quantos anos de empresa tens?')
 2 APPPATH\Models\Pesquisa_PerguntasModel.php(37): CodeIgniter\BaseModel->insertBatch([...])
 3 APPPATH\Controllers\PesquisaPerguntas.php(27): App\Models\Pesquisa_PerguntasModel->set_perguntas([...])
 4 SYSTEMPATH\CodeIgniter.php(934): App\Controllers\PesquisaPerguntas->store()
 5 SYSTEMPATH\CodeIgniter.php(499): CodeIgniter\CodeIgniter->runController(Object(App\Controllers\PesquisaPerguntas))
 6 SYSTEMPATH\CodeIgniter.php(368): CodeIgniter\CodeIgniter->handleRequest(null, Object(Config\Cache), false)
 7 FCPATH\index.php(67): CodeIgniter\CodeIgniter->run()
CRITICAL - 2023-05-19 14:35:28 --> CodeIgniter\BaseModel::doProtectFields(): Argument #1 ($data) must be of type array, string given, called in C:\xampp\htdocs\pesquisa_satisfacao\system\BaseModel.php on line 850
in SYSTEMPATH\BaseModel.php on line 1235.
 1 SYSTEMPATH\BaseModel.php(850): CodeIgniter\BaseModel->doProtectFields('Consome alcóol?')
 2 APPPATH\Models\Pesquisa_PerguntasModel.php(37): CodeIgniter\BaseModel->insertBatch([...])
 3 APPPATH\Controllers\PesquisaPerguntas.php(27): App\Models\Pesquisa_PerguntasModel->set_perguntas([...])
 4 SYSTEMPATH\CodeIgniter.php(934): App\Controllers\PesquisaPerguntas->store()
 5 SYSTEMPATH\CodeIgniter.php(499): CodeIgniter\CodeIgniter->runController(Object(App\Controllers\PesquisaPerguntas))
 6 SYSTEMPATH\CodeIgniter.php(368): CodeIgniter\CodeIgniter->handleRequest(null, Object(Config\Cache), false)
 7 FCPATH\index.php(67): CodeIgniter\CodeIgniter->run()
CRITICAL - 2023-05-19 14:42:11 --> CodeIgniter\BaseModel::doProtectFields(): Argument #1 ($data) must be of type array, string given, called in C:\xampp\htdocs\pesquisa_satisfacao\system\BaseModel.php on line 850
in SYSTEMPATH\BaseModel.php on line 1235.
 1 SYSTEMPATH\BaseModel.php(850): CodeIgniter\BaseModel->doProtectFields('testedf')
 2 APPPATH\Models\Pesquisa_PerguntasModel.php(37): CodeIgniter\BaseModel->insertBatch([...])
 3 APPPATH\Controllers\PesquisaPerguntas.php(27): App\Models\Pesquisa_PerguntasModel->set_perguntas([...])
 4 SYSTEMPATH\CodeIgniter.php(934): App\Controllers\PesquisaPerguntas->store()
 5 SYSTEMPATH\CodeIgniter.php(499): CodeIgniter\CodeIgniter->runController(Object(App\Controllers\PesquisaPerguntas))
 6 SYSTEMPATH\CodeIgniter.php(368): CodeIgniter\CodeIgniter->handleRequest(null, Object(Config\Cache), false)
 7 FCPATH\index.php(67): CodeIgniter\CodeIgniter->run()
CRITICAL - 2023-05-19 14:43:50 --> CodeIgniter\BaseModel::doProtectFields(): Argument #1 ($data) must be of type array, string given, called in C:\xampp\htdocs\pesquisa_satisfacao\system\BaseModel.php on line 850
in SYSTEMPATH\BaseModel.php on line 1235.
 1 SYSTEMPATH\BaseModel.php(850): CodeIgniter\BaseModel->doProtectFields('prgnt1')
 2 APPPATH\Models\Pesquisa_PerguntasModel.php(37): CodeIgniter\BaseModel->insertBatch([...])
 3 APPPATH\Controllers\PesquisaPerguntas.php(27): App\Models\Pesquisa_PerguntasModel->set_perguntas([...])
 4 SYSTEMPATH\CodeIgniter.php(934): App\Controllers\PesquisaPerguntas->store()
 5 SYSTEMPATH\CodeIgniter.php(499): CodeIgniter\CodeIgniter->runController(Object(App\Controllers\PesquisaPerguntas))
 6 SYSTEMPATH\CodeIgniter.php(368): CodeIgniter\CodeIgniter->handleRequest(null, Object(Config\Cache), false)
 7 FCPATH\index.php(67): CodeIgniter\CodeIgniter->run()
CRITICAL - 2023-05-19 14:45:39 --> CodeIgniter\BaseModel::doProtectFields(): Argument #1 ($data) must be of type array, string given, called in C:\xampp\htdocs\pesquisa_satisfacao\system\BaseModel.php on line 850
in SYSTEMPATH\BaseModel.php on line 1235.
 1 SYSTEMPATH\BaseModel.php(850): CodeIgniter\BaseModel->doProtectFields('prgnt1')
 2 APPPATH\Models\Pesquisa_PerguntasModel.php(37): CodeIgniter\BaseModel->insertBatch([...])
 3 APPPATH\Controllers\PesquisaPerguntas.php(27): App\Models\Pesquisa_PerguntasModel->set_perguntas([...])
 4 SYSTEMPATH\CodeIgniter.php(934): App\Controllers\PesquisaPerguntas->store()
 5 SYSTEMPATH\CodeIgniter.php(499): CodeIgniter\CodeIgniter->runController(Object(App\Controllers\PesquisaPerguntas))
 6 SYSTEMPATH\CodeIgniter.php(368): CodeIgniter\CodeIgniter->handleRequest(null, Object(Config\Cache), false)
 7 FCPATH\index.php(67): CodeIgniter\CodeIgniter->run()
CRITICAL - 2023-05-19 14:46:12 --> CodeIgniter\BaseModel::doProtectFields(): Argument #1 ($data) must be of type array, string given, called in C:\xampp\htdocs\pesquisa_satisfacao\system\BaseModel.php on line 850
in SYSTEMPATH\BaseModel.php on line 1235.
 1 SYSTEMPATH\BaseModel.php(850): CodeIgniter\BaseModel->doProtectFields('5u465y4y5')
 2 APPPATH\Models\Pesquisa_PerguntasModel.php(37): CodeIgniter\BaseModel->insertBatch([...])
 3 APPPATH\Controllers\PesquisaPerguntas.php(27): App\Models\Pesquisa_PerguntasModel->set_perguntas([...])
 4 SYSTEMPATH\CodeIgniter.php(934): App\Controllers\PesquisaPerguntas->store()
 5 SYSTEMPATH\CodeIgniter.php(499): CodeIgniter\CodeIgniter->runController(Object(App\Controllers\PesquisaPerguntas))
 6 SYSTEMPATH\CodeIgniter.php(368): CodeIgniter\CodeIgniter->handleRequest(null, Object(Config\Cache), false)
 7 FCPATH\index.php(67): CodeIgniter\CodeIgniter->run()
CRITICAL - 2023-05-19 15:00:34 --> CodeIgniter\BaseModel::doProtectFields(): Argument #1 ($data) must be of type array, string given, called in C:\xampp\htdocs\pesquisa_satisfacao\system\BaseModel.php on line 850
in SYSTEMPATH\BaseModel.php on line 1235.
 1 SYSTEMPATH\BaseModel.php(850): CodeIgniter\BaseModel->doProtectFields('Consome alcóol?')
 2 APPPATH\Models\Pesquisa_PerguntasModel.php(36): CodeIgniter\BaseModel->insertBatch([...])
 3 APPPATH\Controllers\PesquisaPerguntas.php(27): App\Models\Pesquisa_PerguntasModel->set_perguntas([...])
 4 SYSTEMPATH\CodeIgniter.php(934): App\Controllers\PesquisaPerguntas->store()
 5 SYSTEMPATH\CodeIgniter.php(499): CodeIgniter\CodeIgniter->runController(Object(App\Controllers\PesquisaPerguntas))
 6 SYSTEMPATH\CodeIgniter.php(368): CodeIgniter\CodeIgniter->handleRequest(null, Object(Config\Cache), false)
 7 FCPATH\index.php(67): CodeIgniter\CodeIgniter->run()
CRITICAL - 2023-05-19 15:01:51 --> CodeIgniter\BaseModel::doProtectFields(): Argument #1 ($data) must be of type array, string given, called in C:\xampp\htdocs\pesquisa_satisfacao\system\BaseModel.php on line 850
in SYSTEMPATH\BaseModel.php on line 1235.
 1 SYSTEMPATH\BaseModel.php(850): CodeIgniter\BaseModel->doProtectFields('Consome alcóol?')
 2 APPPATH\Models\Pesquisa_PerguntasModel.php(36): CodeIgniter\BaseModel->insertBatch([...])
 3 APPPATH\Controllers\PesquisaPerguntas.php(27): App\Models\Pesquisa_PerguntasModel->set_perguntas([...])
 4 SYSTEMPATH\CodeIgniter.php(934): App\Controllers\PesquisaPerguntas->store()
 5 SYSTEMPATH\CodeIgniter.php(499): CodeIgniter\CodeIgniter->runController(Object(App\Controllers\PesquisaPerguntas))
 6 SYSTEMPATH\CodeIgniter.php(368): CodeIgniter\CodeIgniter->handleRequest(null, Object(Config\Cache), false)
 7 FCPATH\index.php(67): CodeIgniter\CodeIgniter->run()
CRITICAL - 2023-05-19 15:18:53 --> CodeIgniter\BaseModel::doProtectFields(): Argument #1 ($data) must be of type array, string given, called in C:\xampp\htdocs\pesquisa_satisfacao\system\BaseModel.php on line 850
in SYSTEMPATH\BaseModel.php on line 1235.
 1 SYSTEMPATH\BaseModel.php(850): CodeIgniter\BaseModel->doProtectFields('7j56y4t3')
 2 APPPATH\Models\Pesquisa_PerguntasModel.php(36): CodeIgniter\BaseModel->insertBatch([...])
 3 APPPATH\Controllers\PesquisaPerguntas.php(27): App\Models\Pesquisa_PerguntasModel->set_perguntas([...])
 4 SYSTEMPATH\CodeIgniter.php(934): App\Controllers\PesquisaPerguntas->store()
 5 SYSTEMPATH\CodeIgniter.php(499): CodeIgniter\CodeIgniter->runController(Object(App\Controllers\PesquisaPerguntas))
 6 SYSTEMPATH\CodeIgniter.php(368): CodeIgniter\CodeIgniter->handleRequest(null, Object(Config\Cache), false)
 7 FCPATH\index.php(67): CodeIgniter\CodeIgniter->run()
CRITICAL - 2023-05-19 16:27:28 --> CodeIgniter\BaseModel::doProtectFields(): Argument #1 ($data) must be of type array, string given, called in C:\xampp\htdocs\pesquisa_satisfacao\system\BaseModel.php on line 850
in SYSTEMPATH\BaseModel.php on line 1235.
 1 SYSTEMPATH\BaseModel.php(850): CodeIgniter\BaseModel->doProtectFields('7j56y4t3')
 2 APPPATH\Models\Pesquisa_PerguntasModel.php(36): CodeIgniter\BaseModel->insertBatch([...])
 3 APPPATH\Controllers\PesquisaPerguntas.php(27): App\Models\Pesquisa_PerguntasModel->set_perguntas([...])
 4 SYSTEMPATH\CodeIgniter.php(934): App\Controllers\PesquisaPerguntas->store()
 5 SYSTEMPATH\CodeIgniter.php(499): CodeIgniter\CodeIgniter->runController(Object(App\Controllers\PesquisaPerguntas))
 6 SYSTEMPATH\CodeIgniter.php(368): CodeIgniter\CodeIgniter->handleRequest(null, Object(Config\Cache), false)
 7 FCPATH\index.php(67): CodeIgniter\CodeIgniter->run()
CRITICAL - 2023-05-19 16:28:17 --> CodeIgniter\BaseModel::doProtectFields(): Argument #1 ($data) must be of type array, string given, called in C:\xampp\htdocs\pesquisa_satisfacao\system\BaseModel.php on line 850
in SYSTEMPATH\BaseModel.php on line 1235.
 1 SYSTEMPATH\BaseModel.php(850): CodeIgniter\BaseModel->doProtectFields('wats')
 2 APPPATH\Models\Pesquisa_PerguntasModel.php(36): CodeIgniter\BaseModel->insertBatch([...])
 3 APPPATH\Controllers\PesquisaPerguntas.php(27): App\Models\Pesquisa_PerguntasModel->set_perguntas([...])
 4 SYSTEMPATH\CodeIgniter.php(934): App\Controllers\PesquisaPerguntas->store()
 5 SYSTEMPATH\CodeIgniter.php(499): CodeIgniter\CodeIgniter->runController(Object(App\Controllers\PesquisaPerguntas))
 6 SYSTEMPATH\CodeIgniter.php(368): CodeIgniter\CodeIgniter->handleRequest(null, Object(Config\Cache), false)
 7 FCPATH\index.php(67): CodeIgniter\CodeIgniter->run()
CRITICAL - 2023-05-19 16:28:49 --> CodeIgniter\BaseModel::doProtectFields(): Argument #1 ($data) must be of type array, string given, called in C:\xampp\htdocs\pesquisa_satisfacao\system\BaseModel.php on line 850
in SYSTEMPATH\BaseModel.php on line 1235.
 1 SYSTEMPATH\BaseModel.php(850): CodeIgniter\BaseModel->doProtectFields('wats')
 2 APPPATH\Models\Pesquisa_PerguntasModel.php(36): CodeIgniter\BaseModel->insertBatch([...])
 3 APPPATH\Controllers\PesquisaPerguntas.php(27): App\Models\Pesquisa_PerguntasModel->set_perguntas([...])
 4 SYSTEMPATH\CodeIgniter.php(934): App\Controllers\PesquisaPerguntas->store()
 5 SYSTEMPATH\CodeIgniter.php(499): CodeIgniter\CodeIgniter->runController(Object(App\Controllers\PesquisaPerguntas))
 6 SYSTEMPATH\CodeIgniter.php(368): CodeIgniter\CodeIgniter->handleRequest(null, Object(Config\Cache), false)
 7 FCPATH\index.php(67): CodeIgniter\CodeIgniter->run()
CRITICAL - 2023-05-19 16:29:11 --> CodeIgniter\BaseModel::doProtectFields(): Argument #1 ($data) must be of type array, string given, called in C:\xampp\htdocs\pesquisa_satisfacao\system\BaseModel.php on line 850
in SYSTEMPATH\BaseModel.php on line 1235.
 1 SYSTEMPATH\BaseModel.php(850): CodeIgniter\BaseModel->doProtectFields('wats')
 2 APPPATH\Models\Pesquisa_PerguntasModel.php(36): CodeIgniter\BaseModel->insertBatch([...])
 3 APPPATH\Controllers\PesquisaPerguntas.php(27): App\Models\Pesquisa_PerguntasModel->set_perguntas([...])
 4 SYSTEMPATH\CodeIgniter.php(934): App\Controllers\PesquisaPerguntas->store()
 5 SYSTEMPATH\CodeIgniter.php(499): CodeIgniter\CodeIgniter->runController(Object(App\Controllers\PesquisaPerguntas))
 6 SYSTEMPATH\CodeIgniter.php(368): CodeIgniter\CodeIgniter->handleRequest(null, Object(Config\Cache), false)
 7 FCPATH\index.php(67): CodeIgniter\CodeIgniter->run()
CRITICAL - 2023-05-19 16:33:22 --> CodeIgniter\BaseModel::doProtectFields(): Argument #1 ($data) must be of type array, string given, called in C:\xampp\htdocs\pesquisa_satisfacao\system\BaseModel.php on line 850
in SYSTEMPATH\BaseModel.php on line 1235.
 1 SYSTEMPATH\BaseModel.php(850): CodeIgniter\BaseModel->doProtectFields('wats')
 2 APPPATH\Models\Pesquisa_PerguntasModel.php(36): CodeIgniter\BaseModel->insertBatch([...])
 3 APPPATH\Controllers\PesquisaPerguntas.php(27): App\Models\Pesquisa_PerguntasModel->set_perguntas([...])
 4 SYSTEMPATH\CodeIgniter.php(934): App\Controllers\PesquisaPerguntas->store()
 5 SYSTEMPATH\CodeIgniter.php(499): CodeIgniter\CodeIgniter->runController(Object(App\Controllers\PesquisaPerguntas))
 6 SYSTEMPATH\CodeIgniter.php(368): CodeIgniter\CodeIgniter->handleRequest(null, Object(Config\Cache), false)
 7 FCPATH\index.php(67): CodeIgniter\CodeIgniter->run()
CRITICAL - 2023-05-19 16:33:26 --> CodeIgniter\BaseModel::doProtectFields(): Argument #1 ($data) must be of type array, string given, called in C:\xampp\htdocs\pesquisa_satisfacao\system\BaseModel.php on line 850
in SYSTEMPATH\BaseModel.php on line 1235.
 1 SYSTEMPATH\BaseModel.php(850): CodeIgniter\BaseModel->doProtectFields('wats')
 2 APPPATH\Models\Pesquisa_PerguntasModel.php(36): CodeIgniter\BaseModel->insertBatch([...])
 3 APPPATH\Controllers\PesquisaPerguntas.php(27): App\Models\Pesquisa_PerguntasModel->set_perguntas([...])
 4 SYSTEMPATH\CodeIgniter.php(934): App\Controllers\PesquisaPerguntas->store()
 5 SYSTEMPATH\CodeIgniter.php(499): CodeIgniter\CodeIgniter->runController(Object(App\Controllers\PesquisaPerguntas))
 6 SYSTEMPATH\CodeIgniter.php(368): CodeIgniter\CodeIgniter->handleRequest(null, Object(Config\Cache), false)
 7 FCPATH\index.php(67): CodeIgniter\CodeIgniter->run()
CRITICAL - 2023-05-19 16:33:42 --> CodeIgniter\BaseModel::doProtectFields(): Argument #1 ($data) must be of type array, string given, called in C:\xampp\htdocs\pesquisa_satisfacao\system\BaseModel.php on line 850
in SYSTEMPATH\BaseModel.php on line 1235.
 1 SYSTEMPATH\BaseModel.php(850): CodeIgniter\BaseModel->doProtectFields('Você está satisfeito com a empresaf')
 2 APPPATH\Models\Pesquisa_PerguntasModel.php(36): CodeIgniter\BaseModel->insertBatch([...])
 3 APPPATH\Controllers\PesquisaPerguntas.php(27): App\Models\Pesquisa_PerguntasModel->set_perguntas([...])
 4 SYSTEMPATH\CodeIgniter.php(934): App\Controllers\PesquisaPerguntas->store()
 5 SYSTEMPATH\CodeIgniter.php(499): CodeIgniter\CodeIgniter->runController(Object(App\Controllers\PesquisaPerguntas))
 6 SYSTEMPATH\CodeIgniter.php(368): CodeIgniter\CodeIgniter->handleRequest(null, Object(Config\Cache), false)
 7 FCPATH\index.php(67): CodeIgniter\CodeIgniter->run()
CRITICAL - 2023-05-19 16:49:24 --> CodeIgniter\BaseModel::doProtectFields(): Argument #1 ($data) must be of type array, string given, called in C:\xampp\htdocs\pesquisa_satisfacao\system\BaseModel.php on line 850
in SYSTEMPATH\BaseModel.php on line 1235.
 1 SYSTEMPATH\BaseModel.php(850): CodeIgniter\BaseModel->doProtectFields('Usa drgs?')
 2 APPPATH\Models\Pesquisa_PerguntasModel.php(37): CodeIgniter\BaseModel->insertBatch([...])
 3 APPPATH\Controllers\PesquisaPerguntas.php(27): App\Models\Pesquisa_PerguntasModel->set_perguntas([...])
 4 SYSTEMPATH\CodeIgniter.php(934): App\Controllers\PesquisaPerguntas->store()
 5 SYSTEMPATH\CodeIgniter.php(499): CodeIgniter\CodeIgniter->runController(Object(App\Controllers\PesquisaPerguntas))
 6 SYSTEMPATH\CodeIgniter.php(368): CodeIgniter\CodeIgniter->handleRequest(null, Object(Config\Cache), false)
 7 FCPATH\index.php(67): CodeIgniter\CodeIgniter->run()
CRITICAL - 2023-05-19 16:51:00 --> insertBatch() has no data.
in SYSTEMPATH\Database\BaseBuilder.php on line 1772.
 1 SYSTEMPATH\Database\BaseBuilder.php(2192): CodeIgniter\Database\BaseBuilder->batchExecute('_insertBatch', 100)
 2 SYSTEMPATH\Model.php(364): CodeIgniter\Database\BaseBuilder->insertBatch([], null, 100)
 3 SYSTEMPATH\BaseModel.php(874): CodeIgniter\Model->doInsertBatch([], null, 100, false)
 4 APPPATH\Models\Pesquisa_PerguntasModel.php(38): CodeIgniter\BaseModel->insertBatch([])
 5 APPPATH\Controllers\PesquisaPerguntas.php(27): App\Models\Pesquisa_PerguntasModel->set_perguntas([...])
 6 SYSTEMPATH\CodeIgniter.php(934): App\Controllers\PesquisaPerguntas->store()
 7 SYSTEMPATH\CodeIgniter.php(499): CodeIgniter\CodeIgniter->runController(Object(App\Controllers\PesquisaPerguntas))
 8 SYSTEMPATH\CodeIgniter.php(368): CodeIgniter\CodeIgniter->handleRequest(null, Object(Config\Cache), false)
 9 FCPATH\index.php(67): CodeIgniter\CodeIgniter->run()
CRITICAL - 2023-05-19 16:51:45 --> CodeIgniter\BaseModel::doProtectFields(): Argument #1 ($data) must be of type array, string given, called in C:\xampp\htdocs\pesquisa_satisfacao\system\BaseModel.php on line 850
in SYSTEMPATH\BaseModel.php on line 1235.
 1 SYSTEMPATH\BaseModel.php(850): CodeIgniter\BaseModel->doProtectFields('k')
 2 APPPATH\Models\Pesquisa_PerguntasModel.php(38): CodeIgniter\BaseModel->insertBatch([...])
 3 APPPATH\Controllers\PesquisaPerguntas.php(27): App\Models\Pesquisa_PerguntasModel->set_perguntas([...])
 4 SYSTEMPATH\CodeIgniter.php(934): App\Controllers\PesquisaPerguntas->store()
 5 SYSTEMPATH\CodeIgniter.php(499): CodeIgniter\CodeIgniter->runController(Object(App\Controllers\PesquisaPerguntas))
 6 SYSTEMPATH\CodeIgniter.php(368): CodeIgniter\CodeIgniter->handleRequest(null, Object(Config\Cache), false)
 7 FCPATH\index.php(67): CodeIgniter\CodeIgniter->run()
CRITICAL - 2023-05-19 16:53:30 --> CodeIgniter\BaseModel::doProtectFields(): Argument #1 ($data) must be of type array, string given, called in C:\xampp\htdocs\pesquisa_satisfacao\system\BaseModel.php on line 850
in SYSTEMPATH\BaseModel.php on line 1235.
 1 SYSTEMPATH\BaseModel.php(850): CodeIgniter\BaseModel->doProtectFields('k')
 2 APPPATH\Models\Pesquisa_PerguntasModel.php(40): CodeIgniter\BaseModel->insertBatch([...])
 3 APPPATH\Controllers\PesquisaPerguntas.php(27): App\Models\Pesquisa_PerguntasModel->set_perguntas([...])
 4 SYSTEMPATH\CodeIgniter.php(934): App\Controllers\PesquisaPerguntas->store()
 5 SYSTEMPATH\CodeIgniter.php(499): CodeIgniter\CodeIgniter->runController(Object(App\Controllers\PesquisaPerguntas))
 6 SYSTEMPATH\CodeIgniter.php(368): CodeIgniter\CodeIgniter->handleRequest(null, Object(Config\Cache), false)
 7 FCPATH\index.php(67): CodeIgniter\CodeIgniter->run()
CRITICAL - 2023-05-19 16:54:58 --> CodeIgniter\BaseModel::doProtectFields(): Argument #1 ($data) must be of type array, string given, called in C:\xampp\htdocs\pesquisa_satisfacao\system\BaseModel.php on line 850
in SYSTEMPATH\BaseModel.php on line 1235.
 1 SYSTEMPATH\BaseModel.php(850): CodeIgniter\BaseModel->doProtectFields('k')
 2 APPPATH\Models\Pesquisa_PerguntasModel.php(40): CodeIgniter\BaseModel->insertBatch([...])
 3 APPPATH\Controllers\PesquisaPerguntas.php(27): App\Models\Pesquisa_PerguntasModel->set_perguntas([...])
 4 SYSTEMPATH\CodeIgniter.php(934): App\Controllers\PesquisaPerguntas->store()
 5 SYSTEMPATH\CodeIgniter.php(499): CodeIgniter\CodeIgniter->runController(Object(App\Controllers\PesquisaPerguntas))
 6 SYSTEMPATH\CodeIgniter.php(368): CodeIgniter\CodeIgniter->handleRequest(null, Object(Config\Cache), false)
 7 FCPATH\index.php(67): CodeIgniter\CodeIgniter->run()
CRITICAL - 2023-05-19 16:56:36 --> CodeIgniter\BaseModel::doProtectFields(): Argument #1 ($data) must be of type array, string given, called in C:\xampp\htdocs\pesquisa_satisfacao\system\BaseModel.php on line 850
in SYSTEMPATH\BaseModel.php on line 1235.
 1 SYSTEMPATH\BaseModel.php(850): CodeIgniter\BaseModel->doProtectFields('k')
 2 APPPATH\Models\Pesquisa_PerguntasModel.php(40): CodeIgniter\BaseModel->insertBatch([...])
 3 APPPATH\Controllers\PesquisaPerguntas.php(27): App\Models\Pesquisa_PerguntasModel->set_perguntas([...])
 4 SYSTEMPATH\CodeIgniter.php(934): App\Controllers\PesquisaPerguntas->store()
 5 SYSTEMPATH\CodeIgniter.php(499): CodeIgniter\CodeIgniter->runController(Object(App\Controllers\PesquisaPerguntas))
 6 SYSTEMPATH\CodeIgniter.php(368): CodeIgniter\CodeIgniter->handleRequest(null, Object(Config\Cache), false)
 7 FCPATH\index.php(67): CodeIgniter\CodeIgniter->run()
CRITICAL - 2023-05-19 16:56:47 --> CodeIgniter\BaseModel::doProtectFields(): Argument #1 ($data) must be of type array, string given, called in C:\xampp\htdocs\pesquisa_satisfacao\system\BaseModel.php on line 850
in SYSTEMPATH\BaseModel.php on line 1235.
 1 SYSTEMPATH\BaseModel.php(850): CodeIgniter\BaseModel->doProtectFields('k')
 2 APPPATH\Models\Pesquisa_PerguntasModel.php(40): CodeIgniter\BaseModel->insertBatch([...])
 3 APPPATH\Controllers\PesquisaPerguntas.php(27): App\Models\Pesquisa_PerguntasModel->set_perguntas([...])
 4 SYSTEMPATH\CodeIgniter.php(934): App\Controllers\PesquisaPerguntas->store()
 5 SYSTEMPATH\CodeIgniter.php(499): CodeIgniter\CodeIgniter->runController(Object(App\Controllers\PesquisaPerguntas))
 6 SYSTEMPATH\CodeIgniter.php(368): CodeIgniter\CodeIgniter->handleRequest(null, Object(Config\Cache), false)
 7 FCPATH\index.php(67): CodeIgniter\CodeIgniter->run()
CRITICAL - 2023-05-19 16:58:10 --> CodeIgniter\BaseModel::doProtectFields(): Argument #1 ($data) must be of type array, string given, called in C:\xampp\htdocs\pesquisa_satisfacao\system\BaseModel.php on line 850
in SYSTEMPATH\BaseModel.php on line 1235.
 1 SYSTEMPATH\BaseModel.php(850): CodeIgniter\BaseModel->doProtectFields('k')
 2 APPPATH\Models\Pesquisa_PerguntasModel.php(40): CodeIgniter\BaseModel->insertBatch([...])
 3 APPPATH\Controllers\PesquisaPerguntas.php(27): App\Models\Pesquisa_PerguntasModel->set_perguntas([...])
 4 SYSTEMPATH\CodeIgniter.php(934): App\Controllers\PesquisaPerguntas->store()
 5 SYSTEMPATH\CodeIgniter.php(499): CodeIgniter\CodeIgniter->runController(Object(App\Controllers\PesquisaPerguntas))
 6 SYSTEMPATH\CodeIgniter.php(368): CodeIgniter\CodeIgniter->handleRequest(null, Object(Config\Cache), false)
 7 FCPATH\index.php(67): CodeIgniter\CodeIgniter->run()
CRITICAL - 2023-05-19 16:58:27 --> CodeIgniter\BaseModel::doProtectFields(): Argument #1 ($data) must be of type array, string given, called in C:\xampp\htdocs\pesquisa_satisfacao\system\BaseModel.php on line 850
in SYSTEMPATH\BaseModel.php on line 1235.
 1 SYSTEMPATH\BaseModel.php(850): CodeIgniter\BaseModel->doProtectFields('k')
 2 APPPATH\Models\Pesquisa_PerguntasModel.php(40): CodeIgniter\BaseModel->insertBatch([...])
 3 APPPATH\Controllers\PesquisaPerguntas.php(27): App\Models\Pesquisa_PerguntasModel->set_perguntas([...])
 4 SYSTEMPATH\CodeIgniter.php(934): App\Controllers\PesquisaPerguntas->store()
 5 SYSTEMPATH\CodeIgniter.php(499): CodeIgniter\CodeIgniter->runController(Object(App\Controllers\PesquisaPerguntas))
 6 SYSTEMPATH\CodeIgniter.php(368): CodeIgniter\CodeIgniter->handleRequest(null, Object(Config\Cache), false)
 7 FCPATH\index.php(67): CodeIgniter\CodeIgniter->run()
CRITICAL - 2023-05-19 17:37:27 --> Object of class App\Controllers\PesquisaRespostas could not be converted to string
in APPPATH\Controllers\PesquisaRespostas.php on line 82.
 1 SYSTEMPATH\CodeIgniter.php(934): App\Controllers\PesquisaRespostas->novo()
 2 SYSTEMPATH\CodeIgniter.php(499): CodeIgniter\CodeIgniter->runController(Object(App\Controllers\PesquisaRespostas))
 3 SYSTEMPATH\CodeIgniter.php(368): CodeIgniter\CodeIgniter->handleRequest(null, Object(Config\Cache), false)
 4 FCPATH\index.php(67): CodeIgniter\CodeIgniter->run()
CRITICAL - 2023-05-19 17:37:27 --> Object of class App\Controllers\PesquisaRespostas could not be converted to string
in APPPATH\Controllers\PesquisaRespostas.php on line 82.
 1 SYSTEMPATH\CodeIgniter.php(934): App\Controllers\PesquisaRespostas->novo()
 2 SYSTEMPATH\CodeIgniter.php(499): CodeIgniter\CodeIgniter->runController(Object(App\Controllers\PesquisaRespostas))
 3 SYSTEMPATH\CodeIgniter.php(368): CodeIgniter\CodeIgniter->handleRequest(null, Object(Config\Cache), false)
 4 FCPATH\index.php(67): CodeIgniter\CodeIgniter->run()
CRITICAL - 2023-05-19 17:42:28 --> Object of class App\Controllers\PesquisaRespostas could not be converted to string
in APPPATH\Controllers\PesquisaRespostas.php on line 86.
 1 SYSTEMPATH\CodeIgniter.php(934): App\Controllers\PesquisaRespostas->novo()
 2 SYSTEMPATH\CodeIgniter.php(499): CodeIgniter\CodeIgniter->runController(Object(App\Controllers\PesquisaRespostas))
 3 SYSTEMPATH\CodeIgniter.php(368): CodeIgniter\CodeIgniter->handleRequest(null, Object(Config\Cache), false)
 4 FCPATH\index.php(67): CodeIgniter\CodeIgniter->run()
CRITICAL - 2023-05-19 17:42:41 --> Call to undefined method App\Models\Pesquisa_PerguntasModel::mostrarPesquisa
in SYSTEMPATH\Model.php on line 842.
 1 APPPATH\Controllers\PesquisaRespostas.php(86): CodeIgniter\Model->__call('mostrarPesquisa', [])
 2 SYSTEMPATH\CodeIgniter.php(934): App\Controllers\PesquisaRespostas->novo()
 3 SYSTEMPATH\CodeIgniter.php(499): CodeIgniter\CodeIgniter->runController(Object(App\Controllers\PesquisaRespostas))
 4 SYSTEMPATH\CodeIgniter.php(368): CodeIgniter\CodeIgniter->handleRequest(null, Object(Config\Cache), false)
 5 FCPATH\index.php(67): CodeIgniter\CodeIgniter->run()
CRITICAL - 2023-05-19 17:43:05 --> Call to undefined method App\Models\Pesquisa_PerguntasModel::mostrarPesquisa
in SYSTEMPATH\Model.php on line 842.
 1 APPPATH\Controllers\PesquisaRespostas.php(86): CodeIgniter\Model->__call('mostrarPesquisa', [])
 2 SYSTEMPATH\CodeIgniter.php(934): App\Controllers\PesquisaRespostas->novo()
 3 SYSTEMPATH\CodeIgniter.php(499): CodeIgniter\CodeIgniter->runController(Object(App\Controllers\PesquisaRespostas))
 4 SYSTEMPATH\CodeIgniter.php(368): CodeIgniter\CodeIgniter->handleRequest(null, Object(Config\Cache), false)
 5 FCPATH\index.php(67): CodeIgniter\CodeIgniter->run()
CRITICAL - 2023-05-19 17:44:43 --> Call to undefined method App\Models\Pesquisa_PerguntasModel::mostrarPesquisa
in SYSTEMPATH\Model.php on line 842.
 1 APPPATH\Controllers\PesquisaRespostas.php(86): CodeIgniter\Model->__call('mostrarPesquisa', [])
 2 SYSTEMPATH\CodeIgniter.php(934): App\Controllers\PesquisaRespostas->novo()
 3 SYSTEMPATH\CodeIgniter.php(499): CodeIgniter\CodeIgniter->runController(Object(App\Controllers\PesquisaRespostas))
 4 SYSTEMPATH\CodeIgniter.php(368): CodeIgniter\CodeIgniter->handleRequest(null, Object(Config\Cache), false)
 5 FCPATH\index.php(67): CodeIgniter\CodeIgniter->run()
