CRITICAL - 2023-05-23 11:17:48 --> foreach() argument must be of type array|object, null given
in APPPATH\Views\pesquisarespostas\respostas.php on line 18.
 1 APPPATH\Views\pesquisarespostas\respostas.php(18): CodeIgniter\Debug\Exceptions->errorHandler(2, 'foreach() argument must be of type array|object, null given', 'C:\\xampp\\htdocs\\pesquisa_satisfacao\\app\\Views\\pesquisarespostas\\respostas.php', 18)
 2 SYSTEMPATH\View\View.php(213): include('C:\\xampp\\htdocs\\pesquisa_satisfacao\\app\\Views\\pesquisarespostas\\respostas.php')
 3 SYSTEMPATH\View\View.php(216): CodeIgniter\View\View->CodeIgniter\View\{closure}()
 4 SYSTEMPATH\Common.php(1184): CodeIgniter\View\View->render('pesquisarespostas/respostas', [], true)
 5 APPPATH\Controllers\PesquisaRespostas.php(104): view('pesquisarespostas/respostas', [...])
 6 SYSTEMPATH\CodeIgniter.php(934): App\Controllers\PesquisaRespostas->respostas('38')
 7 SYSTEMPATH\CodeIgniter.php(499): CodeIgniter\CodeIgniter->runController(Object(App\Controllers\PesquisaRespostas))
 8 SYSTEMPATH\CodeIgniter.php(368): CodeIgniter\CodeIgniter->handleRequest(null, Object(Config\Cache), false)
 9 FCPATH\index.php(67): CodeIgniter\CodeIgniter->run()
CRITICAL - 2023-05-23 11:17:51 --> foreach() argument must be of type array|object, null given
in APPPATH\Views\pesquisarespostas\respostas.php on line 18.
 1 APPPATH\Views\pesquisarespostas\respostas.php(18): CodeIgniter\Debug\Exceptions->errorHandler(2, 'foreach() argument must be of type array|object, null given', 'C:\\xampp\\htdocs\\pesquisa_satisfacao\\app\\Views\\pesquisarespostas\\respostas.php', 18)
 2 SYSTEMPATH\View\View.php(213): include('C:\\xampp\\htdocs\\pesquisa_satisfacao\\app\\Views\\pesquisarespostas\\respostas.php')
 3 SYSTEMPATH\View\View.php(216): CodeIgniter\View\View->CodeIgniter\View\{closure}()
 4 SYSTEMPATH\Common.php(1184): CodeIgniter\View\View->render('pesquisarespostas/respostas', [], true)
 5 APPPATH\Controllers\PesquisaRespostas.php(104): view('pesquisarespostas/respostas', [...])
 6 SYSTEMPATH\CodeIgniter.php(934): App\Controllers\PesquisaRespostas->respostas('38')
 7 SYSTEMPATH\CodeIgniter.php(499): CodeIgniter\CodeIgniter->runController(Object(App\Controllers\PesquisaRespostas))
 8 SYSTEMPATH\CodeIgniter.php(368): CodeIgniter\CodeIgniter->handleRequest(null, Object(Config\Cache), false)
 9 FCPATH\index.php(67): CodeIgniter\CodeIgniter->run()
CRITICAL - 2023-05-23 11:18:03 --> foreach() argument must be of type array|object, null given
in APPPATH\Views\pesquisarespostas\respostas.php on line 18.
 1 APPPATH\Views\pesquisarespostas\respostas.php(18): CodeIgniter\Debug\Exceptions->errorHandler(2, 'foreach() argument must be of type array|object, null given', 'C:\\xampp\\htdocs\\pesquisa_satisfacao\\app\\Views\\pesquisarespostas\\respostas.php', 18)
 2 SYSTEMPATH\View\View.php(213): include('C:\\xampp\\htdocs\\pesquisa_satisfacao\\app\\Views\\pesquisarespostas\\respostas.php')
 3 SYSTEMPATH\View\View.php(216): CodeIgniter\View\View->CodeIgniter\View\{closure}()
 4 SYSTEMPATH\Common.php(1184): CodeIgniter\View\View->render('pesquisarespostas/respostas', [], true)
 5 APPPATH\Controllers\PesquisaRespostas.php(104): view('pesquisarespostas/respostas', [...])
 6 SYSTEMPATH\CodeIgniter.php(934): App\Controllers\PesquisaRespostas->respostas('38')
 7 SYSTEMPATH\CodeIgniter.php(499): CodeIgniter\CodeIgniter->runController(Object(App\Controllers\PesquisaRespostas))
 8 SYSTEMPATH\CodeIgniter.php(368): CodeIgniter\CodeIgniter->handleRequest(null, Object(Config\Cache), false)
 9 FCPATH\index.php(67): CodeIgniter\CodeIgniter->run()
CRITICAL - 2023-05-23 11:18:56 --> foreach() argument must be of type array|object, null given
in APPPATH\Views\pesquisarespostas\respostas.php on line 18.
 1 APPPATH\Views\pesquisarespostas\respostas.php(18): CodeIgniter\Debug\Exceptions->errorHandler(2, 'foreach() argument must be of type array|object, null given', 'C:\\xampp\\htdocs\\pesquisa_satisfacao\\app\\Views\\pesquisarespostas\\respostas.php', 18)
 2 SYSTEMPATH\View\View.php(213): include('C:\\xampp\\htdocs\\pesquisa_satisfacao\\app\\Views\\pesquisarespostas\\respostas.php')
 3 SYSTEMPATH\View\View.php(216): CodeIgniter\View\View->CodeIgniter\View\{closure}()
 4 SYSTEMPATH\Common.php(1184): CodeIgniter\View\View->render('pesquisarespostas/respostas', [], true)
 5 APPPATH\Controllers\PesquisaRespostas.php(104): view('pesquisarespostas/respostas', [...])
 6 SYSTEMPATH\CodeIgniter.php(934): App\Controllers\PesquisaRespostas->respostas('38')
 7 SYSTEMPATH\CodeIgniter.php(499): CodeIgniter\CodeIgniter->runController(Object(App\Controllers\PesquisaRespostas))
 8 SYSTEMPATH\CodeIgniter.php(368): CodeIgniter\CodeIgniter->handleRequest(null, Object(Config\Cache), false)
 9 FCPATH\index.php(67): CodeIgniter\CodeIgniter->run()
CRITICAL - 2023-05-23 11:19:12 --> syntax error, unexpected token ")"
in APPPATH\Views\pesquisarespostas\respostas.php on line 18.
 1 SYSTEMPATH\View\View.php(216): CodeIgniter\View\View->CodeIgniter\View\{closure}()
 2 SYSTEMPATH\Common.php(1184): CodeIgniter\View\View->render('pesquisarespostas/respostas', [], true)
 3 APPPATH\Controllers\PesquisaRespostas.php(104): view('pesquisarespostas/respostas', [...])
 4 SYSTEMPATH\CodeIgniter.php(934): App\Controllers\PesquisaRespostas->respostas('38')
 5 SYSTEMPATH\CodeIgniter.php(499): CodeIgniter\CodeIgniter->runController(Object(App\Controllers\PesquisaRespostas))
 6 SYSTEMPATH\CodeIgniter.php(368): CodeIgniter\CodeIgniter->handleRequest(null, Object(Config\Cache), false)
 7 FCPATH\index.php(67): CodeIgniter\CodeIgniter->run()
CRITICAL - 2023-05-23 11:31:06 --> syntax error, unexpected token ")"
in APPPATH\Views\pesquisarespostas\respostas.php on line 18.
 1 SYSTEMPATH\View\View.php(216): CodeIgniter\View\View->CodeIgniter\View\{closure}()
 2 SYSTEMPATH\Common.php(1184): CodeIgniter\View\View->render('pesquisarespostas/respostas', [], true)
 3 APPPATH\Controllers\PesquisaRespostas.php(103): view('pesquisarespostas/respostas', [...])
 4 SYSTEMPATH\CodeIgniter.php(934): App\Controllers\PesquisaRespostas->respostas('38')
 5 SYSTEMPATH\CodeIgniter.php(499): CodeIgniter\CodeIgniter->runController(Object(App\Controllers\PesquisaRespostas))
 6 SYSTEMPATH\CodeIgniter.php(368): CodeIgniter\CodeIgniter->handleRequest(null, Object(Config\Cache), false)
 7 FCPATH\index.php(67): CodeIgniter\CodeIgniter->run()
CRITICAL - 2023-05-23 11:32:28 --> syntax error, unexpected token ")"
in APPPATH\Views\pesquisarespostas\respostas.php on line 18.
 1 SYSTEMPATH\View\View.php(216): CodeIgniter\View\View->CodeIgniter\View\{closure}()
 2 SYSTEMPATH\Common.php(1184): CodeIgniter\View\View->render('pesquisarespostas/respostas', [], true)
 3 APPPATH\Controllers\PesquisaRespostas.php(103): view('pesquisarespostas/respostas', [...])
 4 SYSTEMPATH\CodeIgniter.php(934): App\Controllers\PesquisaRespostas->respostas('38')
 5 SYSTEMPATH\CodeIgniter.php(499): CodeIgniter\CodeIgniter->runController(Object(App\Controllers\PesquisaRespostas))
 6 SYSTEMPATH\CodeIgniter.php(368): CodeIgniter\CodeIgniter->handleRequest(null, Object(Config\Cache), false)
 7 FCPATH\index.php(67): CodeIgniter\CodeIgniter->run()
CRITICAL - 2023-05-23 11:58:59 --> syntax error, unexpected token "}", expecting "," or ";"
in APPPATH\Models\PesquisasModel.php on line 53.
 1 SYSTEMPATH\Autoloader\Autoloader.php(289): CodeIgniter\Autoloader\Autoloader->includeFile('C:\\xampp\\htdocs\\pesquisa_satisfacao\\app\\Models\\PesquisasModel.php')
 2 SYSTEMPATH\Autoloader\Autoloader.php(267): CodeIgniter\Autoloader\Autoloader->loadInNamespace('App\\Models\\PesquisasModel')
 3 APPPATH\Controllers\PesquisaRespostas.php(20): CodeIgniter\Autoloader\Autoloader->loadClass('App\\Models\\PesquisasModel')
 4 SYSTEMPATH\CodeIgniter.php(906): App\Controllers\PesquisaRespostas->__construct()
 5 SYSTEMPATH\CodeIgniter.php(490): CodeIgniter\CodeIgniter->createController()
 6 SYSTEMPATH\CodeIgniter.php(368): CodeIgniter\CodeIgniter->handleRequest(null, Object(Config\Cache), false)
 7 FCPATH\index.php(67): CodeIgniter\CodeIgniter->run()
CRITICAL - 2023-05-23 12:16:41 --> foreach() argument must be of type array|object, null given
in APPPATH\Views\pesquisarespostas\respostas.php on line 18.
 1 APPPATH\Views\pesquisarespostas\respostas.php(18): CodeIgniter\Debug\Exceptions->errorHandler(2, 'foreach() argument must be of type array|object, null given', 'C:\\xampp\\htdocs\\pesquisa_satisfacao\\app\\Views\\pesquisarespostas\\respostas.php', 18)
 2 SYSTEMPATH\View\View.php(213): include('C:\\xampp\\htdocs\\pesquisa_satisfacao\\app\\Views\\pesquisarespostas\\respostas.php')
 3 SYSTEMPATH\View\View.php(216): CodeIgniter\View\View->CodeIgniter\View\{closure}()
 4 SYSTEMPATH\Common.php(1184): CodeIgniter\View\View->render('pesquisarespostas/respostas', [], true)
 5 APPPATH\Controllers\PesquisaRespostas.php(103): view('pesquisarespostas/respostas', [...])
 6 SYSTEMPATH\CodeIgniter.php(934): App\Controllers\PesquisaRespostas->respostas('43')
 7 SYSTEMPATH\CodeIgniter.php(499): CodeIgniter\CodeIgniter->runController(Object(App\Controllers\PesquisaRespostas))
 8 SYSTEMPATH\CodeIgniter.php(368): CodeIgniter\CodeIgniter->handleRequest(null, Object(Config\Cache), false)
 9 FCPATH\index.php(67): CodeIgniter\CodeIgniter->run()
