CRITICAL - 2023-05-16 11:15:37 --> There is no data to insert.
in SYSTEMPATH\BaseModel.php on line 1680.
 1 SYSTEMPATH\BaseModel.php(1680): CodeIgniter\Database\Exceptions\DataException::forEmptyDataset('insert')
 2 SYSTEMPATH\BaseModel.php(742): CodeIgniter\BaseModel->transformDataToArray([], 'insert')
 3 SYSTEMPATH\Model.php(730): CodeIgniter\BaseModel->insert([], true)
 4 APPPATH\Controllers\PesquisaPerguntas.php(23): CodeIgniter\Model->insert([])
 5 SYSTEMPATH\CodeIgniter.php(934): App\Controllers\PesquisaPerguntas->store()
 6 SYSTEMPATH\CodeIgniter.php(499): CodeIgniter\CodeIgniter->runController(Object(App\Controllers\PesquisaPerguntas))
 7 SYSTEMPATH\CodeIgniter.php(368): CodeIgniter\CodeIgniter->handleRequest(null, Object(Config\Cache), false)
 8 FCPATH\index.php(67): CodeIgniter\CodeIgniter->run()
CRITICAL - 2023-05-16 11:15:37 --> There is no data to insert.
in SYSTEMPATH\BaseModel.php on line 1680.
 1 SYSTEMPATH\BaseModel.php(1680): CodeIgniter\Database\Exceptions\DataException::forEmptyDataset('insert')
 2 SYSTEMPATH\BaseModel.php(742): CodeIgniter\BaseModel->transformDataToArray([], 'insert')
 3 SYSTEMPATH\Model.php(730): CodeIgniter\BaseModel->insert([], true)
 4 APPPATH\Controllers\PesquisaPerguntas.php(23): CodeIgniter\Model->insert([])
 5 SYSTEMPATH\CodeIgniter.php(934): App\Controllers\PesquisaPerguntas->store()
 6 SYSTEMPATH\CodeIgniter.php(499): CodeIgniter\CodeIgniter->runController(Object(App\Controllers\PesquisaPerguntas))
 7 SYSTEMPATH\CodeIgniter.php(368): CodeIgniter\CodeIgniter->handleRequest(null, Object(Config\Cache), false)
 8 FCPATH\index.php(67): CodeIgniter\CodeIgniter->run()
CRITICAL - 2023-05-16 11:15:37 --> There is no data to insert.
in SYSTEMPATH\BaseModel.php on line 1680.
 1 SYSTEMPATH\BaseModel.php(1680): CodeIgniter\Database\Exceptions\DataException::forEmptyDataset('insert')
 2 SYSTEMPATH\BaseModel.php(742): CodeIgniter\BaseModel->transformDataToArray([], 'insert')
 3 SYSTEMPATH\Model.php(730): CodeIgniter\BaseModel->insert([], true)
 4 APPPATH\Controllers\PesquisaPerguntas.php(23): CodeIgniter\Model->insert([])
 5 SYSTEMPATH\CodeIgniter.php(934): App\Controllers\PesquisaPerguntas->store()
 6 SYSTEMPATH\CodeIgniter.php(499): CodeIgniter\CodeIgniter->runController(Object(App\Controllers\PesquisaPerguntas))
 7 SYSTEMPATH\CodeIgniter.php(368): CodeIgniter\CodeIgniter->handleRequest(null, Object(Config\Cache), false)
 8 FCPATH\index.php(67): CodeIgniter\CodeIgniter->run()
CRITICAL - 2023-05-16 11:15:37 --> There is no data to insert.
in SYSTEMPATH\BaseModel.php on line 1680.
 1 SYSTEMPATH\BaseModel.php(1680): CodeIgniter\Database\Exceptions\DataException::forEmptyDataset('insert')
 2 SYSTEMPATH\BaseModel.php(742): CodeIgniter\BaseModel->transformDataToArray([], 'insert')
 3 SYSTEMPATH\Model.php(730): CodeIgniter\BaseModel->insert([], true)
 4 APPPATH\Controllers\PesquisaPerguntas.php(23): CodeIgniter\Model->insert([])
 5 SYSTEMPATH\CodeIgniter.php(934): App\Controllers\PesquisaPerguntas->store()
 6 SYSTEMPATH\CodeIgniter.php(499): CodeIgniter\CodeIgniter->runController(Object(App\Controllers\PesquisaPerguntas))
 7 SYSTEMPATH\CodeIgniter.php(368): CodeIgniter\CodeIgniter->handleRequest(null, Object(Config\Cache), false)
 8 FCPATH\index.php(67): CodeIgniter\CodeIgniter->run()
CRITICAL - 2023-05-16 11:15:37 --> There is no data to insert.
in SYSTEMPATH\BaseModel.php on line 1680.
 1 SYSTEMPATH\BaseModel.php(1680): CodeIgniter\Database\Exceptions\DataException::forEmptyDataset('insert')
 2 SYSTEMPATH\BaseModel.php(742): CodeIgniter\BaseModel->transformDataToArray([], 'insert')
 3 SYSTEMPATH\Model.php(730): CodeIgniter\BaseModel->insert([], true)
 4 APPPATH\Controllers\PesquisaPerguntas.php(23): CodeIgniter\Model->insert([])
 5 SYSTEMPATH\CodeIgniter.php(934): App\Controllers\PesquisaPerguntas->store()
 6 SYSTEMPATH\CodeIgniter.php(499): CodeIgniter\CodeIgniter->runController(Object(App\Controllers\PesquisaPerguntas))
 7 SYSTEMPATH\CodeIgniter.php(368): CodeIgniter\CodeIgniter->handleRequest(null, Object(Config\Cache), false)
 8 FCPATH\index.php(67): CodeIgniter\CodeIgniter->run()
CRITICAL - 2023-05-16 12:23:26 --> Undefined variable $perguntas
in APPPATH\Views\pesquisa_perguntas\novo.php on line 18.
 1 APPPATH\Views\pesquisa_perguntas\novo.php(18): CodeIgniter\Debug\Exceptions->errorHandler(2, 'Undefined variable $perguntas', 'C:\\xampp\\htdocs\\pesquisa_satisfacao\\app\\Views\\pesquisa_perguntas\\novo.php', 18)
 2 SYSTEMPATH\View\View.php(213): include('C:\\xampp\\htdocs\\pesquisa_satisfacao\\app\\Views\\pesquisa_perguntas\\novo.php')
 3 SYSTEMPATH\View\View.php(216): CodeIgniter\View\View->CodeIgniter\View\{closure}()
 4 SYSTEMPATH\Common.php(1184): CodeIgniter\View\View->render('pesquisa_perguntas/novo', [], true)
 5 APPPATH\Controllers\PesquisaPerguntas.php(20): view('pesquisa_perguntas/novo', [...])
 6 SYSTEMPATH\CodeIgniter.php(934): App\Controllers\PesquisaPerguntas->novo()
 7 SYSTEMPATH\CodeIgniter.php(499): CodeIgniter\CodeIgniter->runController(Object(App\Controllers\PesquisaPerguntas))
 8 SYSTEMPATH\CodeIgniter.php(368): CodeIgniter\CodeIgniter->handleRequest(null, Object(Config\Cache), false)
 9 FCPATH\index.php(67): CodeIgniter\CodeIgniter->run()
CRITICAL - 2023-05-16 12:33:12 --> Undefined variable $perguntas
in APPPATH\Views\pesquisa_perguntas\novo.php on line 18.
 1 APPPATH\Views\pesquisa_perguntas\novo.php(18): CodeIgniter\Debug\Exceptions->errorHandler(2, 'Undefined variable $perguntas', 'C:\\xampp\\htdocs\\pesquisa_satisfacao\\app\\Views\\pesquisa_perguntas\\novo.php', 18)
 2 SYSTEMPATH\View\View.php(213): include('C:\\xampp\\htdocs\\pesquisa_satisfacao\\app\\Views\\pesquisa_perguntas\\novo.php')
 3 SYSTEMPATH\View\View.php(216): CodeIgniter\View\View->CodeIgniter\View\{closure}()
 4 SYSTEMPATH\Common.php(1184): CodeIgniter\View\View->render('pesquisa_perguntas/novo', [], true)
 5 APPPATH\Controllers\PesquisaPerguntas.php(20): view('pesquisa_perguntas/novo', [...])
 6 SYSTEMPATH\CodeIgniter.php(934): App\Controllers\PesquisaPerguntas->novo()
 7 SYSTEMPATH\CodeIgniter.php(499): CodeIgniter\CodeIgniter->runController(Object(App\Controllers\PesquisaPerguntas))
 8 SYSTEMPATH\CodeIgniter.php(368): CodeIgniter\CodeIgniter->handleRequest(null, Object(Config\Cache), false)
 9 FCPATH\index.php(67): CodeIgniter\CodeIgniter->run()
CRITICAL - 2023-05-16 12:37:02 --> Undefined variable $perguntas
in APPPATH\Views\pesquisa_perguntas\novo.php on line 18.
 1 APPPATH\Views\pesquisa_perguntas\novo.php(18): CodeIgniter\Debug\Exceptions->errorHandler(2, 'Undefined variable $perguntas', 'C:\\xampp\\htdocs\\pesquisa_satisfacao\\app\\Views\\pesquisa_perguntas\\novo.php', 18)
 2 SYSTEMPATH\View\View.php(213): include('C:\\xampp\\htdocs\\pesquisa_satisfacao\\app\\Views\\pesquisa_perguntas\\novo.php')
 3 SYSTEMPATH\View\View.php(216): CodeIgniter\View\View->CodeIgniter\View\{closure}()
 4 SYSTEMPATH\Common.php(1184): CodeIgniter\View\View->render('pesquisa_perguntas/novo', [], true)
 5 APPPATH\Controllers\PesquisaPerguntas.php(20): view('pesquisa_perguntas/novo', [...])
 6 SYSTEMPATH\CodeIgniter.php(934): App\Controllers\PesquisaPerguntas->novo()
 7 SYSTEMPATH\CodeIgniter.php(499): CodeIgniter\CodeIgniter->runController(Object(App\Controllers\PesquisaPerguntas))
 8 SYSTEMPATH\CodeIgniter.php(368): CodeIgniter\CodeIgniter->handleRequest(null, Object(Config\Cache), false)
 9 FCPATH\index.php(67): CodeIgniter\CodeIgniter->run()
CRITICAL - 2023-05-16 12:37:40 --> Undefined variable $pergunta
in APPPATH\Views\pesquisa_perguntas\novo.php on line 19.
 1 APPPATH\Views\pesquisa_perguntas\novo.php(19): CodeIgniter\Debug\Exceptions->errorHandler(2, 'Undefined variable $pergunta', 'C:\\xampp\\htdocs\\pesquisa_satisfacao\\app\\Views\\pesquisa_perguntas\\novo.php', 19)
 2 SYSTEMPATH\View\View.php(213): include('C:\\xampp\\htdocs\\pesquisa_satisfacao\\app\\Views\\pesquisa_perguntas\\novo.php')
 3 SYSTEMPATH\View\View.php(216): CodeIgniter\View\View->CodeIgniter\View\{closure}()
 4 SYSTEMPATH\Common.php(1184): CodeIgniter\View\View->render('pesquisa_perguntas/novo', [], true)
 5 APPPATH\Controllers\PesquisaPerguntas.php(20): view('pesquisa_perguntas/novo', [...])
 6 SYSTEMPATH\CodeIgniter.php(934): App\Controllers\PesquisaPerguntas->novo()
 7 SYSTEMPATH\CodeIgniter.php(499): CodeIgniter\CodeIgniter->runController(Object(App\Controllers\PesquisaPerguntas))
 8 SYSTEMPATH\CodeIgniter.php(368): CodeIgniter\CodeIgniter->handleRequest(null, Object(Config\Cache), false)
 9 FCPATH\index.php(67): CodeIgniter\CodeIgniter->run()
CRITICAL - 2023-05-16 12:38:33 --> Undefined variable $perguntas
in APPPATH\Views\pesquisa_perguntas\novo.php on line 19.
 1 APPPATH\Views\pesquisa_perguntas\novo.php(19): CodeIgniter\Debug\Exceptions->errorHandler(2, 'Undefined variable $perguntas', 'C:\\xampp\\htdocs\\pesquisa_satisfacao\\app\\Views\\pesquisa_perguntas\\novo.php', 19)
 2 SYSTEMPATH\View\View.php(213): include('C:\\xampp\\htdocs\\pesquisa_satisfacao\\app\\Views\\pesquisa_perguntas\\novo.php')
 3 SYSTEMPATH\View\View.php(216): CodeIgniter\View\View->CodeIgniter\View\{closure}()
 4 SYSTEMPATH\Common.php(1184): CodeIgniter\View\View->render('pesquisa_perguntas/novo', [], true)
 5 APPPATH\Controllers\PesquisaPerguntas.php(20): view('pesquisa_perguntas/novo', [...])
 6 SYSTEMPATH\CodeIgniter.php(934): App\Controllers\PesquisaPerguntas->novo()
 7 SYSTEMPATH\CodeIgniter.php(499): CodeIgniter\CodeIgniter->runController(Object(App\Controllers\PesquisaPerguntas))
 8 SYSTEMPATH\CodeIgniter.php(368): CodeIgniter\CodeIgniter->handleRequest(null, Object(Config\Cache), false)
 9 FCPATH\index.php(67): CodeIgniter\CodeIgniter->run()
CRITICAL - 2023-05-16 12:42:37 --> Undefined variable $perguntas
in APPPATH\Views\pesquisa_perguntas\novo.php on line 20.
 1 APPPATH\Views\pesquisa_perguntas\novo.php(20): CodeIgniter\Debug\Exceptions->errorHandler(2, 'Undefined variable $perguntas', 'C:\\xampp\\htdocs\\pesquisa_satisfacao\\app\\Views\\pesquisa_perguntas\\novo.php', 20)
 2 SYSTEMPATH\View\View.php(213): include('C:\\xampp\\htdocs\\pesquisa_satisfacao\\app\\Views\\pesquisa_perguntas\\novo.php')
 3 SYSTEMPATH\View\View.php(216): CodeIgniter\View\View->CodeIgniter\View\{closure}()
 4 SYSTEMPATH\Common.php(1184): CodeIgniter\View\View->render('pesquisa_perguntas/novo', [], true)
 5 APPPATH\Controllers\PesquisaPerguntas.php(20): view('pesquisa_perguntas/novo', [...])
 6 SYSTEMPATH\CodeIgniter.php(934): App\Controllers\PesquisaPerguntas->novo()
 7 SYSTEMPATH\CodeIgniter.php(499): CodeIgniter\CodeIgniter->runController(Object(App\Controllers\PesquisaPerguntas))
 8 SYSTEMPATH\CodeIgniter.php(368): CodeIgniter\CodeIgniter->handleRequest(null, Object(Config\Cache), false)
 9 FCPATH\index.php(67): CodeIgniter\CodeIgniter->run()
CRITICAL - 2023-05-16 12:43:37 --> Undefined variable $perguntas
in APPPATH\Views\pesquisa_perguntas\novo.php on line 20.
 1 APPPATH\Views\pesquisa_perguntas\novo.php(20): CodeIgniter\Debug\Exceptions->errorHandler(2, 'Undefined variable $perguntas', 'C:\\xampp\\htdocs\\pesquisa_satisfacao\\app\\Views\\pesquisa_perguntas\\novo.php', 20)
 2 SYSTEMPATH\View\View.php(213): include('C:\\xampp\\htdocs\\pesquisa_satisfacao\\app\\Views\\pesquisa_perguntas\\novo.php')
 3 SYSTEMPATH\View\View.php(216): CodeIgniter\View\View->CodeIgniter\View\{closure}()
 4 SYSTEMPATH\Common.php(1184): CodeIgniter\View\View->render('pesquisa_perguntas/novo', [], true)
 5 APPPATH\Controllers\PesquisaPerguntas.php(20): view('pesquisa_perguntas/novo', [...])
 6 SYSTEMPATH\CodeIgniter.php(934): App\Controllers\PesquisaPerguntas->novo()
 7 SYSTEMPATH\CodeIgniter.php(499): CodeIgniter\CodeIgniter->runController(Object(App\Controllers\PesquisaPerguntas))
 8 SYSTEMPATH\CodeIgniter.php(368): CodeIgniter\CodeIgniter->handleRequest(null, Object(Config\Cache), false)
 9 FCPATH\index.php(67): CodeIgniter\CodeIgniter->run()
CRITICAL - 2023-05-16 12:45:32 --> Cannot use [] for reading
in APPPATH\Controllers\PesquisaPerguntas.php on line 20.
 1 SYSTEMPATH\CodeIgniter.php(934): App\Controllers\PesquisaPerguntas->novo()
 2 SYSTEMPATH\CodeIgniter.php(499): CodeIgniter\CodeIgniter->runController(Object(App\Controllers\PesquisaPerguntas))
 3 SYSTEMPATH\CodeIgniter.php(368): CodeIgniter\CodeIgniter->handleRequest(null, Object(Config\Cache), false)
 4 FCPATH\index.php(67): CodeIgniter\CodeIgniter->run()
CRITICAL - 2023-05-16 12:46:08 --> Undefined variable $perguntas
in APPPATH\Views\pesquisa_perguntas\novo.php on line 20.
 1 APPPATH\Views\pesquisa_perguntas\novo.php(20): CodeIgniter\Debug\Exceptions->errorHandler(2, 'Undefined variable $perguntas', 'C:\\xampp\\htdocs\\pesquisa_satisfacao\\app\\Views\\pesquisa_perguntas\\novo.php', 20)
 2 SYSTEMPATH\View\View.php(213): include('C:\\xampp\\htdocs\\pesquisa_satisfacao\\app\\Views\\pesquisa_perguntas\\novo.php')
 3 SYSTEMPATH\View\View.php(216): CodeIgniter\View\View->CodeIgniter\View\{closure}()
 4 SYSTEMPATH\Common.php(1184): CodeIgniter\View\View->render('pesquisa_perguntas/novo', [], true)
 5 APPPATH\Controllers\PesquisaPerguntas.php(21): view('pesquisa_perguntas/novo', [...])
 6 SYSTEMPATH\CodeIgniter.php(934): App\Controllers\PesquisaPerguntas->novo()
 7 SYSTEMPATH\CodeIgniter.php(499): CodeIgniter\CodeIgniter->runController(Object(App\Controllers\PesquisaPerguntas))
 8 SYSTEMPATH\CodeIgniter.php(368): CodeIgniter\CodeIgniter->handleRequest(null, Object(Config\Cache), false)
 9 FCPATH\index.php(67): CodeIgniter\CodeIgniter->run()
CRITICAL - 2023-05-16 12:56:35 --> syntax error, unexpected token ";"
in APPPATH\Views\pesquisa_perguntas\novo.php on line 23.
 1 SYSTEMPATH\View\View.php(216): CodeIgniter\View\View->CodeIgniter\View\{closure}()
 2 SYSTEMPATH\Common.php(1184): CodeIgniter\View\View->render('pesquisa_perguntas/novo', [], true)
 3 APPPATH\Controllers\PesquisaPerguntas.php(22): view('pesquisa_perguntas/novo', [...])
 4 SYSTEMPATH\CodeIgniter.php(934): App\Controllers\PesquisaPerguntas->novo()
 5 SYSTEMPATH\CodeIgniter.php(499): CodeIgniter\CodeIgniter->runController(Object(App\Controllers\PesquisaPerguntas))
 6 SYSTEMPATH\CodeIgniter.php(368): CodeIgniter\CodeIgniter->handleRequest(null, Object(Config\Cache), false)
 7 FCPATH\index.php(67): CodeIgniter\CodeIgniter->run()
CRITICAL - 2023-05-16 13:04:55 --> syntax error, unexpected token "echo"
in APPPATH\Views\pesquisa_perguntas\novo.php on line 23.
 1 SYSTEMPATH\View\View.php(216): CodeIgniter\View\View->CodeIgniter\View\{closure}()
 2 SYSTEMPATH\Common.php(1184): CodeIgniter\View\View->render('pesquisa_perguntas/novo', [], true)
 3 APPPATH\Controllers\PesquisaPerguntas.php(22): view('pesquisa_perguntas/novo', [...])
 4 SYSTEMPATH\CodeIgniter.php(934): App\Controllers\PesquisaPerguntas->novo()
 5 SYSTEMPATH\CodeIgniter.php(499): CodeIgniter\CodeIgniter->runController(Object(App\Controllers\PesquisaPerguntas))
 6 SYSTEMPATH\CodeIgniter.php(368): CodeIgniter\CodeIgniter->handleRequest(null, Object(Config\Cache), false)
 7 FCPATH\index.php(67): CodeIgniter\CodeIgniter->run()
CRITICAL - 2023-05-16 13:04:56 --> syntax error, unexpected token "echo"
in APPPATH\Views\pesquisa_perguntas\novo.php on line 23.
 1 SYSTEMPATH\View\View.php(216): CodeIgniter\View\View->CodeIgniter\View\{closure}()
 2 SYSTEMPATH\Common.php(1184): CodeIgniter\View\View->render('pesquisa_perguntas/novo', [], true)
 3 APPPATH\Controllers\PesquisaPerguntas.php(22): view('pesquisa_perguntas/novo', [...])
 4 SYSTEMPATH\CodeIgniter.php(934): App\Controllers\PesquisaPerguntas->novo()
 5 SYSTEMPATH\CodeIgniter.php(499): CodeIgniter\CodeIgniter->runController(Object(App\Controllers\PesquisaPerguntas))
 6 SYSTEMPATH\CodeIgniter.php(368): CodeIgniter\CodeIgniter->handleRequest(null, Object(Config\Cache), false)
 7 FCPATH\index.php(67): CodeIgniter\CodeIgniter->run()
CRITICAL - 2023-05-16 13:05:27 --> syntax error, unexpected token ":", expecting "," or ";"
in APPPATH\Views\pesquisa_perguntas\novo.php on line 20.
 1 SYSTEMPATH\View\View.php(216): CodeIgniter\View\View->CodeIgniter\View\{closure}()
 2 SYSTEMPATH\Common.php(1184): CodeIgniter\View\View->render('pesquisa_perguntas/novo', [], true)
 3 APPPATH\Controllers\PesquisaPerguntas.php(22): view('pesquisa_perguntas/novo', [...])
 4 SYSTEMPATH\CodeIgniter.php(934): App\Controllers\PesquisaPerguntas->novo()
 5 SYSTEMPATH\CodeIgniter.php(499): CodeIgniter\CodeIgniter->runController(Object(App\Controllers\PesquisaPerguntas))
 6 SYSTEMPATH\CodeIgniter.php(368): CodeIgniter\CodeIgniter->handleRequest(null, Object(Config\Cache), false)
 7 FCPATH\index.php(67): CodeIgniter\CodeIgniter->run()
CRITICAL - 2023-05-16 14:08:00 --> Class "App\Services\Pesquisa\PerguntasSrvc" not found
in APPPATH\Models\Pesquisa_PerguntasModel.php on line 27.
 1 APPPATH\Controllers\PesquisaPerguntas.php(27): App\Models\Pesquisa_PerguntasModel->set_perguntas([...])
 2 SYSTEMPATH\CodeIgniter.php(934): App\Controllers\PesquisaPerguntas->store()
 3 SYSTEMPATH\CodeIgniter.php(499): CodeIgniter\CodeIgniter->runController(Object(App\Controllers\PesquisaPerguntas))
 4 SYSTEMPATH\CodeIgniter.php(368): CodeIgniter\CodeIgniter->handleRequest(null, Object(Config\Cache), false)
 5 FCPATH\index.php(67): CodeIgniter\CodeIgniter->run()
CRITICAL - 2023-05-16 14:08:36 --> Class "App\Services\Pesquisa\PerguntasSrvc" not found
in APPPATH\Models\Pesquisa_PerguntasModel.php on line 27.
 1 APPPATH\Controllers\PesquisaPerguntas.php(27): App\Models\Pesquisa_PerguntasModel->set_perguntas([...])
 2 SYSTEMPATH\CodeIgniter.php(934): App\Controllers\PesquisaPerguntas->store()
 3 SYSTEMPATH\CodeIgniter.php(499): CodeIgniter\CodeIgniter->runController(Object(App\Controllers\PesquisaPerguntas))
 4 SYSTEMPATH\CodeIgniter.php(368): CodeIgniter\CodeIgniter->handleRequest(null, Object(Config\Cache), false)
 5 FCPATH\index.php(67): CodeIgniter\CodeIgniter->run()
CRITICAL - 2023-05-16 14:09:14 --> Class "App\Services\Pesquisa\PerguntasSrvc" not found
in APPPATH\Models\Pesquisa_PerguntasModel.php on line 27.
 1 APPPATH\Controllers\PesquisaPerguntas.php(27): App\Models\Pesquisa_PerguntasModel->set_perguntas([...])
 2 SYSTEMPATH\CodeIgniter.php(934): App\Controllers\PesquisaPerguntas->store()
 3 SYSTEMPATH\CodeIgniter.php(499): CodeIgniter\CodeIgniter->runController(Object(App\Controllers\PesquisaPerguntas))
 4 SYSTEMPATH\CodeIgniter.php(368): CodeIgniter\CodeIgniter->handleRequest(null, Object(Config\Cache), false)
 5 FCPATH\index.php(67): CodeIgniter\CodeIgniter->run()
CRITICAL - 2023-05-16 14:10:29 --> Class "App\Services\Pesquisa\PerguntasSrvc" not found
in APPPATH\Models\Pesquisa_PerguntasModel.php on line 27.
 1 APPPATH\Controllers\PesquisaPerguntas.php(27): App\Models\Pesquisa_PerguntasModel->set_perguntas([...])
 2 SYSTEMPATH\CodeIgniter.php(934): App\Controllers\PesquisaPerguntas->store()
 3 SYSTEMPATH\CodeIgniter.php(499): CodeIgniter\CodeIgniter->runController(Object(App\Controllers\PesquisaPerguntas))
 4 SYSTEMPATH\CodeIgniter.php(368): CodeIgniter\CodeIgniter->handleRequest(null, Object(Config\Cache), false)
 5 FCPATH\index.php(67): CodeIgniter\CodeIgniter->run()
CRITICAL - 2023-05-16 14:11:20 --> Class "App\Services\Pesquisa\PerguntasSrvc" not found
in APPPATH\Models\Pesquisa_PerguntasModel.php on line 26.
 1 APPPATH\Controllers\PesquisaPerguntas.php(27): App\Models\Pesquisa_PerguntasModel->set_perguntas([...])
 2 SYSTEMPATH\CodeIgniter.php(934): App\Controllers\PesquisaPerguntas->store()
 3 SYSTEMPATH\CodeIgniter.php(499): CodeIgniter\CodeIgniter->runController(Object(App\Controllers\PesquisaPerguntas))
 4 SYSTEMPATH\CodeIgniter.php(368): CodeIgniter\CodeIgniter->handleRequest(null, Object(Config\Cache), false)
 5 FCPATH\index.php(67): CodeIgniter\CodeIgniter->run()
CRITICAL - 2023-05-16 14:13:56 --> require(App\Services\Pesquisa\PerguntasSrvc): Failed to open stream: No such file or directory
in APPPATH\Models\Pesquisa_PerguntasModel.php on line 5.
 1 APPPATH\Models\Pesquisa_PerguntasModel.php(5): CodeIgniter\Debug\Exceptions->errorHandler(2, 'require(App\\Services\\Pesquisa\\PerguntasSrvc): Failed to open stream: No such file or directory', 'C:\\xampp\\htdocs\\pesquisa_satisfacao\\app\\Models\\Pesquisa_PerguntasModel.php', 5)
 2 APPPATH\Models\Pesquisa_PerguntasModel.php(5): require()
 3 SYSTEMPATH\Autoloader\Autoloader.php(312): include_once('C:\\xampp\\htdocs\\pesquisa_satisfacao\\app\\Models\\Pesquisa_PerguntasModel.php')
 4 SYSTEMPATH\Autoloader\Autoloader.php(289): CodeIgniter\Autoloader\Autoloader->includeFile('C:\\xampp\\htdocs\\pesquisa_satisfacao\\app\\Models\\Pesquisa_PerguntasModel.php')
 5 SYSTEMPATH\Autoloader\Autoloader.php(267): CodeIgniter\Autoloader\Autoloader->loadInNamespace('App\\Models\\Pesquisa_PerguntasModel')
 6 APPPATH\Controllers\PesquisaPerguntas.php(13): CodeIgniter\Autoloader\Autoloader->loadClass('App\\Models\\Pesquisa_PerguntasModel')
 7 SYSTEMPATH\CodeIgniter.php(906): App\Controllers\PesquisaPerguntas->__construct()
 8 SYSTEMPATH\CodeIgniter.php(490): CodeIgniter\CodeIgniter->createController()
 9 SYSTEMPATH\CodeIgniter.php(368): CodeIgniter\CodeIgniter->handleRequest(null, Object(Config\Cache), false)
10 FCPATH\index.php(67): CodeIgniter\CodeIgniter->run()
CRITICAL - 2023-05-16 14:14:12 --> require_once(App\Services\Pesquisa\PerguntasSrvc): Failed to open stream: No such file or directory
in APPPATH\Models\Pesquisa_PerguntasModel.php on line 5.
 1 APPPATH\Models\Pesquisa_PerguntasModel.php(5): CodeIgniter\Debug\Exceptions->errorHandler(2, 'require_once(App\\Services\\Pesquisa\\PerguntasSrvc): Failed to open stream: No such file or directory', 'C:\\xampp\\htdocs\\pesquisa_satisfacao\\app\\Models\\Pesquisa_PerguntasModel.php', 5)
 2 APPPATH\Models\Pesquisa_PerguntasModel.php(5): require_once()
 3 SYSTEMPATH\Autoloader\Autoloader.php(312): include_once('C:\\xampp\\htdocs\\pesquisa_satisfacao\\app\\Models\\Pesquisa_PerguntasModel.php')
 4 SYSTEMPATH\Autoloader\Autoloader.php(289): CodeIgniter\Autoloader\Autoloader->includeFile('C:\\xampp\\htdocs\\pesquisa_satisfacao\\app\\Models\\Pesquisa_PerguntasModel.php')
 5 SYSTEMPATH\Autoloader\Autoloader.php(267): CodeIgniter\Autoloader\Autoloader->loadInNamespace('App\\Models\\Pesquisa_PerguntasModel')
 6 APPPATH\Controllers\PesquisaPerguntas.php(13): CodeIgniter\Autoloader\Autoloader->loadClass('App\\Models\\Pesquisa_PerguntasModel')
 7 SYSTEMPATH\CodeIgniter.php(906): App\Controllers\PesquisaPerguntas->__construct()
 8 SYSTEMPATH\CodeIgniter.php(490): CodeIgniter\CodeIgniter->createController()
 9 SYSTEMPATH\CodeIgniter.php(368): CodeIgniter\CodeIgniter->handleRequest(null, Object(Config\Cache), false)
10 FCPATH\index.php(67): CodeIgniter\CodeIgniter->run()
CRITICAL - 2023-05-16 14:14:30 --> require_once(app/Services/Pesquisa/PerguntasSrvc): Failed to open stream: No such file or directory
in APPPATH\Models\Pesquisa_PerguntasModel.php on line 5.
 1 APPPATH\Models\Pesquisa_PerguntasModel.php(5): CodeIgniter\Debug\Exceptions->errorHandler(2, 'require_once(app/Services/Pesquisa/PerguntasSrvc): Failed to open stream: No such file or directory', 'C:\\xampp\\htdocs\\pesquisa_satisfacao\\app\\Models\\Pesquisa_PerguntasModel.php', 5)
 2 APPPATH\Models\Pesquisa_PerguntasModel.php(5): require_once()
 3 SYSTEMPATH\Autoloader\Autoloader.php(312): include_once('C:\\xampp\\htdocs\\pesquisa_satisfacao\\app\\Models\\Pesquisa_PerguntasModel.php')
 4 SYSTEMPATH\Autoloader\Autoloader.php(289): CodeIgniter\Autoloader\Autoloader->includeFile('C:\\xampp\\htdocs\\pesquisa_satisfacao\\app\\Models\\Pesquisa_PerguntasModel.php')
 5 SYSTEMPATH\Autoloader\Autoloader.php(267): CodeIgniter\Autoloader\Autoloader->loadInNamespace('App\\Models\\Pesquisa_PerguntasModel')
 6 APPPATH\Controllers\PesquisaPerguntas.php(13): CodeIgniter\Autoloader\Autoloader->loadClass('App\\Models\\Pesquisa_PerguntasModel')
 7 SYSTEMPATH\CodeIgniter.php(906): App\Controllers\PesquisaPerguntas->__construct()
 8 SYSTEMPATH\CodeIgniter.php(490): CodeIgniter\CodeIgniter->createController()
 9 SYSTEMPATH\CodeIgniter.php(368): CodeIgniter\CodeIgniter->handleRequest(null, Object(Config\Cache), false)
10 FCPATH\index.php(67): CodeIgniter\CodeIgniter->run()
CRITICAL - 2023-05-16 14:14:45 --> require_once(../app/Services/Pesquisa/PerguntasSrvc): Failed to open stream: No such file or directory
in APPPATH\Models\Pesquisa_PerguntasModel.php on line 5.
 1 APPPATH\Models\Pesquisa_PerguntasModel.php(5): CodeIgniter\Debug\Exceptions->errorHandler(2, 'require_once(../app/Services/Pesquisa/PerguntasSrvc): Failed to open stream: No such file or directory', 'C:\\xampp\\htdocs\\pesquisa_satisfacao\\app\\Models\\Pesquisa_PerguntasModel.php', 5)
 2 APPPATH\Models\Pesquisa_PerguntasModel.php(5): require_once()
 3 SYSTEMPATH\Autoloader\Autoloader.php(312): include_once('C:\\xampp\\htdocs\\pesquisa_satisfacao\\app\\Models\\Pesquisa_PerguntasModel.php')
 4 SYSTEMPATH\Autoloader\Autoloader.php(289): CodeIgniter\Autoloader\Autoloader->includeFile('C:\\xampp\\htdocs\\pesquisa_satisfacao\\app\\Models\\Pesquisa_PerguntasModel.php')
 5 SYSTEMPATH\Autoloader\Autoloader.php(267): CodeIgniter\Autoloader\Autoloader->loadInNamespace('App\\Models\\Pesquisa_PerguntasModel')
 6 APPPATH\Controllers\PesquisaPerguntas.php(13): CodeIgniter\Autoloader\Autoloader->loadClass('App\\Models\\Pesquisa_PerguntasModel')
 7 SYSTEMPATH\CodeIgniter.php(906): App\Controllers\PesquisaPerguntas->__construct()
 8 SYSTEMPATH\CodeIgniter.php(490): CodeIgniter\CodeIgniter->createController()
 9 SYSTEMPATH\CodeIgniter.php(368): CodeIgniter\CodeIgniter->handleRequest(null, Object(Config\Cache), false)
10 FCPATH\index.php(67): CodeIgniter\CodeIgniter->run()
CRITICAL - 2023-05-16 14:15:00 --> require_once(../Services/Pesquisa/PerguntasSrvc): Failed to open stream: No such file or directory
in APPPATH\Models\Pesquisa_PerguntasModel.php on line 5.
 1 APPPATH\Models\Pesquisa_PerguntasModel.php(5): CodeIgniter\Debug\Exceptions->errorHandler(2, 'require_once(../Services/Pesquisa/PerguntasSrvc): Failed to open stream: No such file or directory', 'C:\\xampp\\htdocs\\pesquisa_satisfacao\\app\\Models\\Pesquisa_PerguntasModel.php', 5)
 2 APPPATH\Models\Pesquisa_PerguntasModel.php(5): require_once()
 3 SYSTEMPATH\Autoloader\Autoloader.php(312): include_once('C:\\xampp\\htdocs\\pesquisa_satisfacao\\app\\Models\\Pesquisa_PerguntasModel.php')
 4 SYSTEMPATH\Autoloader\Autoloader.php(289): CodeIgniter\Autoloader\Autoloader->includeFile('C:\\xampp\\htdocs\\pesquisa_satisfacao\\app\\Models\\Pesquisa_PerguntasModel.php')
 5 SYSTEMPATH\Autoloader\Autoloader.php(267): CodeIgniter\Autoloader\Autoloader->loadInNamespace('App\\Models\\Pesquisa_PerguntasModel')
 6 APPPATH\Controllers\PesquisaPerguntas.php(13): CodeIgniter\Autoloader\Autoloader->loadClass('App\\Models\\Pesquisa_PerguntasModel')
 7 SYSTEMPATH\CodeIgniter.php(906): App\Controllers\PesquisaPerguntas->__construct()
 8 SYSTEMPATH\CodeIgniter.php(490): CodeIgniter\CodeIgniter->createController()
 9 SYSTEMPATH\CodeIgniter.php(368): CodeIgniter\CodeIgniter->handleRequest(null, Object(Config\Cache), false)
10 FCPATH\index.php(67): CodeIgniter\CodeIgniter->run()
CRITICAL - 2023-05-16 14:15:29 --> require_once(./Services/Pesquisa/PerguntasSrvc): Failed to open stream: No such file or directory
in APPPATH\Models\Pesquisa_PerguntasModel.php on line 5.
 1 APPPATH\Models\Pesquisa_PerguntasModel.php(5): CodeIgniter\Debug\Exceptions->errorHandler(2, 'require_once(./Services/Pesquisa/PerguntasSrvc): Failed to open stream: No such file or directory', 'C:\\xampp\\htdocs\\pesquisa_satisfacao\\app\\Models\\Pesquisa_PerguntasModel.php', 5)
 2 APPPATH\Models\Pesquisa_PerguntasModel.php(5): require_once()
 3 SYSTEMPATH\Autoloader\Autoloader.php(312): include_once('C:\\xampp\\htdocs\\pesquisa_satisfacao\\app\\Models\\Pesquisa_PerguntasModel.php')
 4 SYSTEMPATH\Autoloader\Autoloader.php(289): CodeIgniter\Autoloader\Autoloader->includeFile('C:\\xampp\\htdocs\\pesquisa_satisfacao\\app\\Models\\Pesquisa_PerguntasModel.php')
 5 SYSTEMPATH\Autoloader\Autoloader.php(267): CodeIgniter\Autoloader\Autoloader->loadInNamespace('App\\Models\\Pesquisa_PerguntasModel')
 6 APPPATH\Controllers\PesquisaPerguntas.php(13): CodeIgniter\Autoloader\Autoloader->loadClass('App\\Models\\Pesquisa_PerguntasModel')
 7 SYSTEMPATH\CodeIgniter.php(906): App\Controllers\PesquisaPerguntas->__construct()
 8 SYSTEMPATH\CodeIgniter.php(490): CodeIgniter\CodeIgniter->createController()
 9 SYSTEMPATH\CodeIgniter.php(368): CodeIgniter\CodeIgniter->handleRequest(null, Object(Config\Cache), false)
10 FCPATH\index.php(67): CodeIgniter\CodeIgniter->run()
CRITICAL - 2023-05-16 14:15:47 --> require_once(./Services/Pesquisa::PerguntasSrvc): Failed to open stream: No such file or directory
in APPPATH\Models\Pesquisa_PerguntasModel.php on line 5.
 1 APPPATH\Models\Pesquisa_PerguntasModel.php(5): CodeIgniter\Debug\Exceptions->errorHandler(2, 'require_once(./Services/Pesquisa::PerguntasSrvc): Failed to open stream: No such file or directory', 'C:\\xampp\\htdocs\\pesquisa_satisfacao\\app\\Models\\Pesquisa_PerguntasModel.php', 5)
 2 APPPATH\Models\Pesquisa_PerguntasModel.php(5): require_once()
 3 SYSTEMPATH\Autoloader\Autoloader.php(312): include_once('C:\\xampp\\htdocs\\pesquisa_satisfacao\\app\\Models\\Pesquisa_PerguntasModel.php')
 4 SYSTEMPATH\Autoloader\Autoloader.php(289): CodeIgniter\Autoloader\Autoloader->includeFile('C:\\xampp\\htdocs\\pesquisa_satisfacao\\app\\Models\\Pesquisa_PerguntasModel.php')
 5 SYSTEMPATH\Autoloader\Autoloader.php(267): CodeIgniter\Autoloader\Autoloader->loadInNamespace('App\\Models\\Pesquisa_PerguntasModel')
 6 APPPATH\Controllers\PesquisaPerguntas.php(13): CodeIgniter\Autoloader\Autoloader->loadClass('App\\Models\\Pesquisa_PerguntasModel')
 7 SYSTEMPATH\CodeIgniter.php(906): App\Controllers\PesquisaPerguntas->__construct()
 8 SYSTEMPATH\CodeIgniter.php(490): CodeIgniter\CodeIgniter->createController()
 9 SYSTEMPATH\CodeIgniter.php(368): CodeIgniter\CodeIgniter->handleRequest(null, Object(Config\Cache), false)
10 FCPATH\index.php(67): CodeIgniter\CodeIgniter->run()
CRITICAL - 2023-05-16 14:16:01 --> require_once(./Services/Pesquisa): Failed to open stream: No such file or directory
in APPPATH\Models\Pesquisa_PerguntasModel.php on line 5.
 1 APPPATH\Models\Pesquisa_PerguntasModel.php(5): CodeIgniter\Debug\Exceptions->errorHandler(2, 'require_once(./Services/Pesquisa): Failed to open stream: No such file or directory', 'C:\\xampp\\htdocs\\pesquisa_satisfacao\\app\\Models\\Pesquisa_PerguntasModel.php', 5)
 2 APPPATH\Models\Pesquisa_PerguntasModel.php(5): require_once()
 3 SYSTEMPATH\Autoloader\Autoloader.php(312): include_once('C:\\xampp\\htdocs\\pesquisa_satisfacao\\app\\Models\\Pesquisa_PerguntasModel.php')
 4 SYSTEMPATH\Autoloader\Autoloader.php(289): CodeIgniter\Autoloader\Autoloader->includeFile('C:\\xampp\\htdocs\\pesquisa_satisfacao\\app\\Models\\Pesquisa_PerguntasModel.php')
 5 SYSTEMPATH\Autoloader\Autoloader.php(267): CodeIgniter\Autoloader\Autoloader->loadInNamespace('App\\Models\\Pesquisa_PerguntasModel')
 6 APPPATH\Controllers\PesquisaPerguntas.php(13): CodeIgniter\Autoloader\Autoloader->loadClass('App\\Models\\Pesquisa_PerguntasModel')
 7 SYSTEMPATH\CodeIgniter.php(906): App\Controllers\PesquisaPerguntas->__construct()
 8 SYSTEMPATH\CodeIgniter.php(490): CodeIgniter\CodeIgniter->createController()
 9 SYSTEMPATH\CodeIgniter.php(368): CodeIgniter\CodeIgniter->handleRequest(null, Object(Config\Cache), false)
10 FCPATH\index.php(67): CodeIgniter\CodeIgniter->run()
CRITICAL - 2023-05-16 14:16:09 --> require_once(../Services/Pesquisa): Failed to open stream: No such file or directory
in APPPATH\Models\Pesquisa_PerguntasModel.php on line 5.
 1 APPPATH\Models\Pesquisa_PerguntasModel.php(5): CodeIgniter\Debug\Exceptions->errorHandler(2, 'require_once(../Services/Pesquisa): Failed to open stream: No such file or directory', 'C:\\xampp\\htdocs\\pesquisa_satisfacao\\app\\Models\\Pesquisa_PerguntasModel.php', 5)
 2 APPPATH\Models\Pesquisa_PerguntasModel.php(5): require_once()
 3 SYSTEMPATH\Autoloader\Autoloader.php(312): include_once('C:\\xampp\\htdocs\\pesquisa_satisfacao\\app\\Models\\Pesquisa_PerguntasModel.php')
 4 SYSTEMPATH\Autoloader\Autoloader.php(289): CodeIgniter\Autoloader\Autoloader->includeFile('C:\\xampp\\htdocs\\pesquisa_satisfacao\\app\\Models\\Pesquisa_PerguntasModel.php')
 5 SYSTEMPATH\Autoloader\Autoloader.php(267): CodeIgniter\Autoloader\Autoloader->loadInNamespace('App\\Models\\Pesquisa_PerguntasModel')
 6 APPPATH\Controllers\PesquisaPerguntas.php(13): CodeIgniter\Autoloader\Autoloader->loadClass('App\\Models\\Pesquisa_PerguntasModel')
 7 SYSTEMPATH\CodeIgniter.php(906): App\Controllers\PesquisaPerguntas->__construct()
 8 SYSTEMPATH\CodeIgniter.php(490): CodeIgniter\CodeIgniter->createController()
 9 SYSTEMPATH\CodeIgniter.php(368): CodeIgniter\CodeIgniter->handleRequest(null, Object(Config\Cache), false)
10 FCPATH\index.php(67): CodeIgniter\CodeIgniter->run()
CRITICAL - 2023-05-16 14:16:16 --> require_once(/Services/Pesquisa): Failed to open stream: No such file or directory
in APPPATH\Models\Pesquisa_PerguntasModel.php on line 5.
 1 APPPATH\Models\Pesquisa_PerguntasModel.php(5): CodeIgniter\Debug\Exceptions->errorHandler(2, 'require_once(/Services/Pesquisa): Failed to open stream: No such file or directory', 'C:\\xampp\\htdocs\\pesquisa_satisfacao\\app\\Models\\Pesquisa_PerguntasModel.php', 5)
 2 APPPATH\Models\Pesquisa_PerguntasModel.php(5): require_once()
 3 SYSTEMPATH\Autoloader\Autoloader.php(312): include_once('C:\\xampp\\htdocs\\pesquisa_satisfacao\\app\\Models\\Pesquisa_PerguntasModel.php')
 4 SYSTEMPATH\Autoloader\Autoloader.php(289): CodeIgniter\Autoloader\Autoloader->includeFile('C:\\xampp\\htdocs\\pesquisa_satisfacao\\app\\Models\\Pesquisa_PerguntasModel.php')
 5 SYSTEMPATH\Autoloader\Autoloader.php(267): CodeIgniter\Autoloader\Autoloader->loadInNamespace('App\\Models\\Pesquisa_PerguntasModel')
 6 APPPATH\Controllers\PesquisaPerguntas.php(13): CodeIgniter\Autoloader\Autoloader->loadClass('App\\Models\\Pesquisa_PerguntasModel')
 7 SYSTEMPATH\CodeIgniter.php(906): App\Controllers\PesquisaPerguntas->__construct()
 8 SYSTEMPATH\CodeIgniter.php(490): CodeIgniter\CodeIgniter->createController()
 9 SYSTEMPATH\CodeIgniter.php(368): CodeIgniter\CodeIgniter->handleRequest(null, Object(Config\Cache), false)
10 FCPATH\index.php(67): CodeIgniter\CodeIgniter->run()
CRITICAL - 2023-05-16 14:16:21 --> require_once(Services/Pesquisa): Failed to open stream: No such file or directory
in APPPATH\Models\Pesquisa_PerguntasModel.php on line 5.
 1 APPPATH\Models\Pesquisa_PerguntasModel.php(5): CodeIgniter\Debug\Exceptions->errorHandler(2, 'require_once(Services/Pesquisa): Failed to open stream: No such file or directory', 'C:\\xampp\\htdocs\\pesquisa_satisfacao\\app\\Models\\Pesquisa_PerguntasModel.php', 5)
 2 APPPATH\Models\Pesquisa_PerguntasModel.php(5): require_once()
 3 SYSTEMPATH\Autoloader\Autoloader.php(312): include_once('C:\\xampp\\htdocs\\pesquisa_satisfacao\\app\\Models\\Pesquisa_PerguntasModel.php')
 4 SYSTEMPATH\Autoloader\Autoloader.php(289): CodeIgniter\Autoloader\Autoloader->includeFile('C:\\xampp\\htdocs\\pesquisa_satisfacao\\app\\Models\\Pesquisa_PerguntasModel.php')
 5 SYSTEMPATH\Autoloader\Autoloader.php(267): CodeIgniter\Autoloader\Autoloader->loadInNamespace('App\\Models\\Pesquisa_PerguntasModel')
 6 APPPATH\Controllers\PesquisaPerguntas.php(13): CodeIgniter\Autoloader\Autoloader->loadClass('App\\Models\\Pesquisa_PerguntasModel')
 7 SYSTEMPATH\CodeIgniter.php(906): App\Controllers\PesquisaPerguntas->__construct()
 8 SYSTEMPATH\CodeIgniter.php(490): CodeIgniter\CodeIgniter->createController()
 9 SYSTEMPATH\CodeIgniter.php(368): CodeIgniter\CodeIgniter->handleRequest(null, Object(Config\Cache), false)
10 FCPATH\index.php(67): CodeIgniter\CodeIgniter->run()
CRITICAL - 2023-05-16 14:21:03 --> require_once(../Services/Pesquisa/PerguntasSrvc.php): Failed to open stream: No such file or directory
in APPPATH\Models\Pesquisa_PerguntasModel.php on line 5.
 1 APPPATH\Models\Pesquisa_PerguntasModel.php(5): CodeIgniter\Debug\Exceptions->errorHandler(2, 'require_once(../Services/Pesquisa/PerguntasSrvc.php): Failed to open stream: No such file or directory', 'C:\\xampp\\htdocs\\pesquisa_satisfacao\\app\\Models\\Pesquisa_PerguntasModel.php', 5)
 2 APPPATH\Models\Pesquisa_PerguntasModel.php(5): require_once()
 3 SYSTEMPATH\Autoloader\Autoloader.php(312): include_once('C:\\xampp\\htdocs\\pesquisa_satisfacao\\app\\Models\\Pesquisa_PerguntasModel.php')
 4 SYSTEMPATH\Autoloader\Autoloader.php(289): CodeIgniter\Autoloader\Autoloader->includeFile('C:\\xampp\\htdocs\\pesquisa_satisfacao\\app\\Models\\Pesquisa_PerguntasModel.php')
 5 SYSTEMPATH\Autoloader\Autoloader.php(267): CodeIgniter\Autoloader\Autoloader->loadInNamespace('App\\Models\\Pesquisa_PerguntasModel')
 6 APPPATH\Controllers\PesquisaPerguntas.php(13): CodeIgniter\Autoloader\Autoloader->loadClass('App\\Models\\Pesquisa_PerguntasModel')
 7 SYSTEMPATH\CodeIgniter.php(906): App\Controllers\PesquisaPerguntas->__construct()
 8 SYSTEMPATH\CodeIgniter.php(490): CodeIgniter\CodeIgniter->createController()
 9 SYSTEMPATH\CodeIgniter.php(368): CodeIgniter\CodeIgniter->handleRequest(null, Object(Config\Cache), false)
10 FCPATH\index.php(67): CodeIgniter\CodeIgniter->run()
CRITICAL - 2023-05-16 14:28:22 --> Class "App\Services\Pesquisa\PerguntasSrvc" not found
in APPPATH\Models\Pesquisa_PerguntasModel.php on line 27.
 1 APPPATH\Controllers\PesquisaPerguntas.php(27): App\Models\Pesquisa_PerguntasModel->set_perguntas([...])
 2 SYSTEMPATH\CodeIgniter.php(934): App\Controllers\PesquisaPerguntas->store()
 3 SYSTEMPATH\CodeIgniter.php(499): CodeIgniter\CodeIgniter->runController(Object(App\Controllers\PesquisaPerguntas))
 4 SYSTEMPATH\CodeIgniter.php(368): CodeIgniter\CodeIgniter->handleRequest(null, Object(Config\Cache), false)
 5 FCPATH\index.php(67): CodeIgniter\CodeIgniter->run()
CRITICAL - 2023-05-16 14:28:43 --> require(./app/Services/PerguntasSrvc.php): Failed to open stream: No such file or directory
in APPPATH\Models\Pesquisa_PerguntasModel.php on line 5.
 1 APPPATH\Models\Pesquisa_PerguntasModel.php(5): CodeIgniter\Debug\Exceptions->errorHandler(2, 'require(./app/Services/PerguntasSrvc.php): Failed to open stream: No such file or directory', 'C:\\xampp\\htdocs\\pesquisa_satisfacao\\app\\Models\\Pesquisa_PerguntasModel.php', 5)
 2 APPPATH\Models\Pesquisa_PerguntasModel.php(5): require()
 3 SYSTEMPATH\Autoloader\Autoloader.php(312): include_once('C:\\xampp\\htdocs\\pesquisa_satisfacao\\app\\Models\\Pesquisa_PerguntasModel.php')
 4 SYSTEMPATH\Autoloader\Autoloader.php(289): CodeIgniter\Autoloader\Autoloader->includeFile('C:\\xampp\\htdocs\\pesquisa_satisfacao\\app\\Models\\Pesquisa_PerguntasModel.php')
 5 SYSTEMPATH\Autoloader\Autoloader.php(267): CodeIgniter\Autoloader\Autoloader->loadInNamespace('App\\Models\\Pesquisa_PerguntasModel')
 6 APPPATH\Controllers\PesquisaPerguntas.php(13): CodeIgniter\Autoloader\Autoloader->loadClass('App\\Models\\Pesquisa_PerguntasModel')
 7 SYSTEMPATH\CodeIgniter.php(906): App\Controllers\PesquisaPerguntas->__construct()
 8 SYSTEMPATH\CodeIgniter.php(490): CodeIgniter\CodeIgniter->createController()
 9 SYSTEMPATH\CodeIgniter.php(368): CodeIgniter\CodeIgniter->handleRequest(null, Object(Config\Cache), false)
10 FCPATH\index.php(67): CodeIgniter\CodeIgniter->run()
CRITICAL - 2023-05-16 14:29:31 --> Namespace declaration statement has to be the very first statement or after any declare call in the script
in APPPATH\Models\Pesquisa_PerguntasModel.php on line 3.
 1 [internal function]: CodeIgniter\Debug\Exceptions->shutdownHandler()
CRITICAL - 2023-05-16 14:29:55 --> require_once(./app/Services/PerguntasSrvc.php): Failed to open stream: No such file or directory
in APPPATH\Models\Pesquisa_PerguntasModel.php on line 5.
 1 APPPATH\Models\Pesquisa_PerguntasModel.php(5): CodeIgniter\Debug\Exceptions->errorHandler(2, 'require_once(./app/Services/PerguntasSrvc.php): Failed to open stream: No such file or directory', 'C:\\xampp\\htdocs\\pesquisa_satisfacao\\app\\Models\\Pesquisa_PerguntasModel.php', 5)
 2 APPPATH\Models\Pesquisa_PerguntasModel.php(5): require_once()
 3 SYSTEMPATH\Autoloader\Autoloader.php(312): include_once('C:\\xampp\\htdocs\\pesquisa_satisfacao\\app\\Models\\Pesquisa_PerguntasModel.php')
 4 SYSTEMPATH\Autoloader\Autoloader.php(289): CodeIgniter\Autoloader\Autoloader->includeFile('C:\\xampp\\htdocs\\pesquisa_satisfacao\\app\\Models\\Pesquisa_PerguntasModel.php')
 5 SYSTEMPATH\Autoloader\Autoloader.php(267): CodeIgniter\Autoloader\Autoloader->loadInNamespace('App\\Models\\Pesquisa_PerguntasModel')
 6 APPPATH\Controllers\PesquisaPerguntas.php(13): CodeIgniter\Autoloader\Autoloader->loadClass('App\\Models\\Pesquisa_PerguntasModel')
 7 SYSTEMPATH\CodeIgniter.php(906): App\Controllers\PesquisaPerguntas->__construct()
 8 SYSTEMPATH\CodeIgniter.php(490): CodeIgniter\CodeIgniter->createController()
 9 SYSTEMPATH\CodeIgniter.php(368): CodeIgniter\CodeIgniter->handleRequest(null, Object(Config\Cache), false)
10 FCPATH\index.php(67): CodeIgniter\CodeIgniter->run()
CRITICAL - 2023-05-16 14:30:37 --> require_once(./app/Services/PerguntasSrvc.php): Failed to open stream: No such file or directory
in APPPATH\Models\Pesquisa_PerguntasModel.php on line 25.
 1 APPPATH\Models\Pesquisa_PerguntasModel.php(25): CodeIgniter\Debug\Exceptions->errorHandler(2, 'require_once(./app/Services/PerguntasSrvc.php): Failed to open stream: No such file or directory', 'C:\\xampp\\htdocs\\pesquisa_satisfacao\\app\\Models\\Pesquisa_PerguntasModel.php', 25)
 2 APPPATH\Models\Pesquisa_PerguntasModel.php(25): require_once()
 3 APPPATH\Controllers\PesquisaPerguntas.php(27): App\Models\Pesquisa_PerguntasModel->set_perguntas([...])
 4 SYSTEMPATH\CodeIgniter.php(934): App\Controllers\PesquisaPerguntas->store()
 5 SYSTEMPATH\CodeIgniter.php(499): CodeIgniter\CodeIgniter->runController(Object(App\Controllers\PesquisaPerguntas))
 6 SYSTEMPATH\CodeIgniter.php(368): CodeIgniter\CodeIgniter->handleRequest(null, Object(Config\Cache), false)
 7 FCPATH\index.php(67): CodeIgniter\CodeIgniter->run()
CRITICAL - 2023-05-16 14:31:11 --> require_once(../Services/PerguntasSrvc.php): Failed to open stream: No such file or directory
in APPPATH\Models\Pesquisa_PerguntasModel.php on line 5.
 1 APPPATH\Models\Pesquisa_PerguntasModel.php(5): CodeIgniter\Debug\Exceptions->errorHandler(2, 'require_once(../Services/PerguntasSrvc.php): Failed to open stream: No such file or directory', 'C:\\xampp\\htdocs\\pesquisa_satisfacao\\app\\Models\\Pesquisa_PerguntasModel.php', 5)
 2 APPPATH\Models\Pesquisa_PerguntasModel.php(5): require_once()
 3 SYSTEMPATH\Autoloader\Autoloader.php(312): include_once('C:\\xampp\\htdocs\\pesquisa_satisfacao\\app\\Models\\Pesquisa_PerguntasModel.php')
 4 SYSTEMPATH\Autoloader\Autoloader.php(289): CodeIgniter\Autoloader\Autoloader->includeFile('C:\\xampp\\htdocs\\pesquisa_satisfacao\\app\\Models\\Pesquisa_PerguntasModel.php')
 5 SYSTEMPATH\Autoloader\Autoloader.php(267): CodeIgniter\Autoloader\Autoloader->loadInNamespace('App\\Models\\Pesquisa_PerguntasModel')
 6 APPPATH\Controllers\PesquisaPerguntas.php(13): CodeIgniter\Autoloader\Autoloader->loadClass('App\\Models\\Pesquisa_PerguntasModel')
 7 SYSTEMPATH\CodeIgniter.php(906): App\Controllers\PesquisaPerguntas->__construct()
 8 SYSTEMPATH\CodeIgniter.php(490): CodeIgniter\CodeIgniter->createController()
 9 SYSTEMPATH\CodeIgniter.php(368): CodeIgniter\CodeIgniter->handleRequest(null, Object(Config\Cache), false)
10 FCPATH\index.php(67): CodeIgniter\CodeIgniter->run()
CRITICAL - 2023-05-16 14:35:19 --> require_once(../Services/PerguntasSrvc.php): Failed to open stream: No such file or directory
in APPPATH\Models\Pesquisa_PerguntasModel.php on line 5.
 1 APPPATH\Models\Pesquisa_PerguntasModel.php(5): CodeIgniter\Debug\Exceptions->errorHandler(2, 'require_once(../Services/PerguntasSrvc.php): Failed to open stream: No such file or directory', 'C:\\xampp\\htdocs\\pesquisa_satisfacao\\app\\Models\\Pesquisa_PerguntasModel.php', 5)
 2 APPPATH\Models\Pesquisa_PerguntasModel.php(5): require_once()
 3 SYSTEMPATH\Autoloader\Autoloader.php(312): include_once('C:\\xampp\\htdocs\\pesquisa_satisfacao\\app\\Models\\Pesquisa_PerguntasModel.php')
 4 SYSTEMPATH\Autoloader\Autoloader.php(289): CodeIgniter\Autoloader\Autoloader->includeFile('C:\\xampp\\htdocs\\pesquisa_satisfacao\\app\\Models\\Pesquisa_PerguntasModel.php')
 5 SYSTEMPATH\Autoloader\Autoloader.php(267): CodeIgniter\Autoloader\Autoloader->loadInNamespace('App\\Models\\Pesquisa_PerguntasModel')
 6 APPPATH\Controllers\PesquisaPerguntas.php(13): CodeIgniter\Autoloader\Autoloader->loadClass('App\\Models\\Pesquisa_PerguntasModel')
 7 SYSTEMPATH\CodeIgniter.php(906): App\Controllers\PesquisaPerguntas->__construct()
 8 SYSTEMPATH\CodeIgniter.php(490): CodeIgniter\CodeIgniter->createController()
 9 SYSTEMPATH\CodeIgniter.php(368): CodeIgniter\CodeIgniter->handleRequest(null, Object(Config\Cache), false)
10 FCPATH\index.php(67): CodeIgniter\CodeIgniter->run()
CRITICAL - 2023-05-16 14:35:27 --> require_once(../Services/PerguntasSrvc.php): Failed to open stream: No such file or directory
in APPPATH\Models\Pesquisa_PerguntasModel.php on line 5.
 1 APPPATH\Models\Pesquisa_PerguntasModel.php(5): CodeIgniter\Debug\Exceptions->errorHandler(2, 'require_once(../Services/PerguntasSrvc.php): Failed to open stream: No such file or directory', 'C:\\xampp\\htdocs\\pesquisa_satisfacao\\app\\Models\\Pesquisa_PerguntasModel.php', 5)
 2 APPPATH\Models\Pesquisa_PerguntasModel.php(5): require_once()
 3 SYSTEMPATH\Autoloader\Autoloader.php(312): include_once('C:\\xampp\\htdocs\\pesquisa_satisfacao\\app\\Models\\Pesquisa_PerguntasModel.php')
 4 SYSTEMPATH\Autoloader\Autoloader.php(289): CodeIgniter\Autoloader\Autoloader->includeFile('C:\\xampp\\htdocs\\pesquisa_satisfacao\\app\\Models\\Pesquisa_PerguntasModel.php')
 5 SYSTEMPATH\Autoloader\Autoloader.php(267): CodeIgniter\Autoloader\Autoloader->loadInNamespace('App\\Models\\Pesquisa_PerguntasModel')
 6 APPPATH\Controllers\PesquisaPerguntas.php(13): CodeIgniter\Autoloader\Autoloader->loadClass('App\\Models\\Pesquisa_PerguntasModel')
 7 SYSTEMPATH\CodeIgniter.php(906): App\Controllers\PesquisaPerguntas->__construct()
 8 SYSTEMPATH\CodeIgniter.php(490): CodeIgniter\CodeIgniter->createController()
 9 SYSTEMPATH\CodeIgniter.php(368): CodeIgniter\CodeIgniter->handleRequest(null, Object(Config\Cache), false)
10 FCPATH\index.php(67): CodeIgniter\CodeIgniter->run()
CRITICAL - 2023-05-16 14:36:07 --> require_once(../Services/Pesquisa/PerguntasSrvc.php): Failed to open stream: No such file or directory
in APPPATH\Models\Pesquisa_PerguntasModel.php on line 5.
 1 APPPATH\Models\Pesquisa_PerguntasModel.php(5): CodeIgniter\Debug\Exceptions->errorHandler(2, 'require_once(../Services/Pesquisa/PerguntasSrvc.php): Failed to open stream: No such file or directory', 'C:\\xampp\\htdocs\\pesquisa_satisfacao\\app\\Models\\Pesquisa_PerguntasModel.php', 5)
 2 APPPATH\Models\Pesquisa_PerguntasModel.php(5): require_once()
 3 SYSTEMPATH\Autoloader\Autoloader.php(312): include_once('C:\\xampp\\htdocs\\pesquisa_satisfacao\\app\\Models\\Pesquisa_PerguntasModel.php')
 4 SYSTEMPATH\Autoloader\Autoloader.php(289): CodeIgniter\Autoloader\Autoloader->includeFile('C:\\xampp\\htdocs\\pesquisa_satisfacao\\app\\Models\\Pesquisa_PerguntasModel.php')
 5 SYSTEMPATH\Autoloader\Autoloader.php(267): CodeIgniter\Autoloader\Autoloader->loadInNamespace('App\\Models\\Pesquisa_PerguntasModel')
 6 APPPATH\Controllers\PesquisaPerguntas.php(13): CodeIgniter\Autoloader\Autoloader->loadClass('App\\Models\\Pesquisa_PerguntasModel')
 7 SYSTEMPATH\CodeIgniter.php(906): App\Controllers\PesquisaPerguntas->__construct()
 8 SYSTEMPATH\CodeIgniter.php(490): CodeIgniter\CodeIgniter->createController()
 9 SYSTEMPATH\CodeIgniter.php(368): CodeIgniter\CodeIgniter->handleRequest(null, Object(Config\Cache), false)
10 FCPATH\index.php(67): CodeIgniter\CodeIgniter->run()
CRITICAL - 2023-05-16 14:36:44 --> Undefined array key "pergunta"
in APPPATH\Models\Pesquisa_PerguntasModel.php on line 27.
 1 APPPATH\Models\Pesquisa_PerguntasModel.php(27): CodeIgniter\Debug\Exceptions->errorHandler(2, 'Undefined array key "pergunta"', 'C:\\xampp\\htdocs\\pesquisa_satisfacao\\app\\Models\\Pesquisa_PerguntasModel.php', 27)
 2 APPPATH\Controllers\PesquisaPerguntas.php(27): App\Models\Pesquisa_PerguntasModel->set_perguntas([...])
 3 SYSTEMPATH\CodeIgniter.php(934): App\Controllers\PesquisaPerguntas->store()
 4 SYSTEMPATH\CodeIgniter.php(499): CodeIgniter\CodeIgniter->runController(Object(App\Controllers\PesquisaPerguntas))
 5 SYSTEMPATH\CodeIgniter.php(368): CodeIgniter\CodeIgniter->handleRequest(null, Object(Config\Cache), false)
 6 FCPATH\index.php(67): CodeIgniter\CodeIgniter->run()
CRITICAL - 2023-05-16 14:53:55 --> insertBatch() has no data.
in SYSTEMPATH\Database\BaseBuilder.php on line 1772.
 1 SYSTEMPATH\Database\BaseBuilder.php(2192): CodeIgniter\Database\BaseBuilder->batchExecute('_insertBatch', 100)
 2 SYSTEMPATH\Model.php(364): CodeIgniter\Database\BaseBuilder->insertBatch([], null, 100)
 3 SYSTEMPATH\BaseModel.php(874): CodeIgniter\Model->doInsertBatch([], null, 100, false)
 4 APPPATH\Models\Pesquisa_PerguntasModel.php(30): CodeIgniter\BaseModel->insertBatch([])
 5 APPPATH\Controllers\PesquisaPerguntas.php(27): App\Models\Pesquisa_PerguntasModel->set_perguntas([...])
 6 SYSTEMPATH\CodeIgniter.php(934): App\Controllers\PesquisaPerguntas->store()
 7 SYSTEMPATH\CodeIgniter.php(499): CodeIgniter\CodeIgniter->runController(Object(App\Controllers\PesquisaPerguntas))
 8 SYSTEMPATH\CodeIgniter.php(368): CodeIgniter\CodeIgniter->handleRequest(null, Object(Config\Cache), false)
 9 FCPATH\index.php(67): CodeIgniter\CodeIgniter->run()
CRITICAL - 2023-05-16 14:53:58 --> insertBatch() has no data.
in SYSTEMPATH\Database\BaseBuilder.php on line 1772.
 1 SYSTEMPATH\Database\BaseBuilder.php(2192): CodeIgniter\Database\BaseBuilder->batchExecute('_insertBatch', 100)
 2 SYSTEMPATH\Model.php(364): CodeIgniter\Database\BaseBuilder->insertBatch([], null, 100)
 3 SYSTEMPATH\BaseModel.php(874): CodeIgniter\Model->doInsertBatch([], null, 100, false)
 4 APPPATH\Models\Pesquisa_PerguntasModel.php(30): CodeIgniter\BaseModel->insertBatch([])
 5 APPPATH\Controllers\PesquisaPerguntas.php(27): App\Models\Pesquisa_PerguntasModel->set_perguntas([...])
 6 SYSTEMPATH\CodeIgniter.php(934): App\Controllers\PesquisaPerguntas->store()
 7 SYSTEMPATH\CodeIgniter.php(499): CodeIgniter\CodeIgniter->runController(Object(App\Controllers\PesquisaPerguntas))
 8 SYSTEMPATH\CodeIgniter.php(368): CodeIgniter\CodeIgniter->handleRequest(null, Object(Config\Cache), false)
 9 FCPATH\index.php(67): CodeIgniter\CodeIgniter->run()
CRITICAL - 2023-05-16 15:09:52 --> insertBatch() has no data.
in SYSTEMPATH\Database\BaseBuilder.php on line 1772.
 1 SYSTEMPATH\Database\BaseBuilder.php(2192): CodeIgniter\Database\BaseBuilder->batchExecute('_insertBatch', 100)
 2 SYSTEMPATH\Model.php(364): CodeIgniter\Database\BaseBuilder->insertBatch([], null, 100)
 3 SYSTEMPATH\BaseModel.php(874): CodeIgniter\Model->doInsertBatch([], null, 100, false)
 4 APPPATH\Models\Pesquisa_PerguntasModel.php(30): CodeIgniter\BaseModel->insertBatch([])
 5 APPPATH\Controllers\PesquisaPerguntas.php(27): App\Models\Pesquisa_PerguntasModel->set_perguntas([...])
 6 SYSTEMPATH\CodeIgniter.php(934): App\Controllers\PesquisaPerguntas->store()
 7 SYSTEMPATH\CodeIgniter.php(499): CodeIgniter\CodeIgniter->runController(Object(App\Controllers\PesquisaPerguntas))
 8 SYSTEMPATH\CodeIgniter.php(368): CodeIgniter\CodeIgniter->handleRequest(null, Object(Config\Cache), false)
 9 FCPATH\index.php(67): CodeIgniter\CodeIgniter->run()
CRITICAL - 2023-05-16 17:35:28 --> Undefined array key "newpergunta"
in APPPATH\Services\Pesquisa\PerguntasSrvc.php on line 15.
 1 APPPATH\Services\Pesquisa\PerguntasSrvc.php(15): CodeIgniter\Debug\Exceptions->errorHandler(2, 'Undefined array key "newpergunta"', 'C:\\xampp\\htdocs\\pesquisa_satisfacao\\app\\Services\\Pesquisa\\PerguntasSrvc.php', 15)
 2 APPPATH\Models\Pesquisa_PerguntasModel.php(29): App\Services\Pesquisa\PerguntasSrvc->returnInsert()
 3 APPPATH\Controllers\PesquisaPerguntas.php(27): App\Models\Pesquisa_PerguntasModel->set_perguntas([...])
 4 SYSTEMPATH\CodeIgniter.php(934): App\Controllers\PesquisaPerguntas->store()
 5 SYSTEMPATH\CodeIgniter.php(499): CodeIgniter\CodeIgniter->runController(Object(App\Controllers\PesquisaPerguntas))
 6 SYSTEMPATH\CodeIgniter.php(368): CodeIgniter\CodeIgniter->handleRequest(null, Object(Config\Cache), false)
 7 FCPATH\index.php(67): CodeIgniter\CodeIgniter->run()
<<<<<<< HEAD
ERROR - 2023-05-16 17:50:03 --> mysqli_sql_exception: You have an error in your SQL syntax; check the manual that corresponds to your MariaDB server version for the right syntax to use near ')
=======
CRITICAL - 2023-05-16 18:01:16 --> Undefined array key "pergunta"
in APPPATH\Services\Pesquisa\PerguntasSrvc.php on line 29.
 1 APPPATH\Services\Pesquisa\PerguntasSrvc.php(29): CodeIgniter\Debug\Exceptions->errorHandler(2, 'Undefined array key "pergunta"', 'C:\\xampp\\htdocs\\pesquisa_satisfacao\\app\\Services\\Pesquisa\\PerguntasSrvc.php', 29)
 2 APPPATH\Models\Pesquisa_PerguntasModel.php(29): App\Services\Pesquisa\PerguntasSrvc->idsDelete()
 3 APPPATH\Controllers\PesquisaPerguntas.php(27): App\Models\Pesquisa_PerguntasModel->set_perguntas([...])
 4 SYSTEMPATH\CodeIgniter.php(934): App\Controllers\PesquisaPerguntas->store()
 5 SYSTEMPATH\CodeIgniter.php(499): CodeIgniter\CodeIgniter->runController(Object(App\Controllers\PesquisaPerguntas))
 6 SYSTEMPATH\CodeIgniter.php(368): CodeIgniter\CodeIgniter->handleRequest(null, Object(Config\Cache), false)
 7 FCPATH\index.php(67): CodeIgniter\CodeIgniter->run()
CRITICAL - 2023-05-16 18:02:05 --> Undefined array key "pergunta"
in APPPATH\Services\Pesquisa\PerguntasSrvc.php on line 29.
 1 APPPATH\Services\Pesquisa\PerguntasSrvc.php(29): CodeIgniter\Debug\Exceptions->errorHandler(2, 'Undefined array key "pergunta"', 'C:\\xampp\\htdocs\\pesquisa_satisfacao\\app\\Services\\Pesquisa\\PerguntasSrvc.php', 29)
 2 APPPATH\Models\Pesquisa_PerguntasModel.php(29): App\Services\Pesquisa\PerguntasSrvc->idsDelete()
 3 APPPATH\Controllers\PesquisaPerguntas.php(27): App\Models\Pesquisa_PerguntasModel->set_perguntas([...])
 4 SYSTEMPATH\CodeIgniter.php(934): App\Controllers\PesquisaPerguntas->store()
 5 SYSTEMPATH\CodeIgniter.php(499): CodeIgniter\CodeIgniter->runController(Object(App\Controllers\PesquisaPerguntas))
 6 SYSTEMPATH\CodeIgniter.php(368): CodeIgniter\CodeIgniter->handleRequest(null, Object(Config\Cache), false)
 7 FCPATH\index.php(67): CodeIgniter\CodeIgniter->run()
CRITICAL - 2023-05-16 18:03:06 --> Undefined array key "pergunta"
in APPPATH\Services\Pesquisa\PerguntasSrvc.php on line 29.
 1 APPPATH\Services\Pesquisa\PerguntasSrvc.php(29): CodeIgniter\Debug\Exceptions->errorHandler(2, 'Undefined array key "pergunta"', 'C:\\xampp\\htdocs\\pesquisa_satisfacao\\app\\Services\\Pesquisa\\PerguntasSrvc.php', 29)
 2 APPPATH\Models\Pesquisa_PerguntasModel.php(29): App\Services\Pesquisa\PerguntasSrvc->idsDelete()
 3 APPPATH\Controllers\PesquisaPerguntas.php(27): App\Models\Pesquisa_PerguntasModel->set_perguntas([...])
 4 SYSTEMPATH\CodeIgniter.php(934): App\Controllers\PesquisaPerguntas->store()
 5 SYSTEMPATH\CodeIgniter.php(499): CodeIgniter\CodeIgniter->runController(Object(App\Controllers\PesquisaPerguntas))
 6 SYSTEMPATH\CodeIgniter.php(368): CodeIgniter\CodeIgniter->handleRequest(null, Object(Config\Cache), false)
 7 FCPATH\index.php(67): CodeIgniter\CodeIgniter->run()
CRITICAL - 2023-05-16 18:04:46 --> Undefined array key "pergunta"
in APPPATH\Services\Pesquisa\PerguntasSrvc.php on line 29.
 1 APPPATH\Services\Pesquisa\PerguntasSrvc.php(29): CodeIgniter\Debug\Exceptions->errorHandler(2, 'Undefined array key "pergunta"', 'C:\\xampp\\htdocs\\pesquisa_satisfacao\\app\\Services\\Pesquisa\\PerguntasSrvc.php', 29)
 2 APPPATH\Models\Pesquisa_PerguntasModel.php(29): App\Services\Pesquisa\PerguntasSrvc->idsDelete()
 3 APPPATH\Controllers\PesquisaPerguntas.php(27): App\Models\Pesquisa_PerguntasModel->set_perguntas([...])
 4 SYSTEMPATH\CodeIgniter.php(934): App\Controllers\PesquisaPerguntas->store()
 5 SYSTEMPATH\CodeIgniter.php(499): CodeIgniter\CodeIgniter->runController(Object(App\Controllers\PesquisaPerguntas))
 6 SYSTEMPATH\CodeIgniter.php(368): CodeIgniter\CodeIgniter->handleRequest(null, Object(Config\Cache), false)
 7 FCPATH\index.php(67): CodeIgniter\CodeIgniter->run()
CRITICAL - 2023-05-16 18:05:58 --> Undefined array key "pergunta"
in APPPATH\Services\Pesquisa\PerguntasSrvc.php on line 29.
 1 APPPATH\Services\Pesquisa\PerguntasSrvc.php(29): CodeIgniter\Debug\Exceptions->errorHandler(2, 'Undefined array key "pergunta"', 'C:\\xampp\\htdocs\\pesquisa_satisfacao\\app\\Services\\Pesquisa\\PerguntasSrvc.php', 29)
 2 APPPATH\Models\Pesquisa_PerguntasModel.php(29): App\Services\Pesquisa\PerguntasSrvc->idsDelete()
 3 APPPATH\Controllers\PesquisaPerguntas.php(27): App\Models\Pesquisa_PerguntasModel->set_perguntas([...])
 4 SYSTEMPATH\CodeIgniter.php(934): App\Controllers\PesquisaPerguntas->store()
 5 SYSTEMPATH\CodeIgniter.php(499): CodeIgniter\CodeIgniter->runController(Object(App\Controllers\PesquisaPerguntas))
 6 SYSTEMPATH\CodeIgniter.php(368): CodeIgniter\CodeIgniter->handleRequest(null, Object(Config\Cache), false)
 7 FCPATH\index.php(67): CodeIgniter\CodeIgniter->run()
CRITICAL - 2023-05-16 18:06:59 --> Undefined array key "pergunta"
in APPPATH\Services\Pesquisa\PerguntasSrvc.php on line 29.
 1 APPPATH\Services\Pesquisa\PerguntasSrvc.php(29): CodeIgniter\Debug\Exceptions->errorHandler(2, 'Undefined array key "pergunta"', 'C:\\xampp\\htdocs\\pesquisa_satisfacao\\app\\Services\\Pesquisa\\PerguntasSrvc.php', 29)
 2 APPPATH\Models\Pesquisa_PerguntasModel.php(29): App\Services\Pesquisa\PerguntasSrvc->idsDelete()
 3 APPPATH\Controllers\PesquisaPerguntas.php(27): App\Models\Pesquisa_PerguntasModel->set_perguntas([...])
 4 SYSTEMPATH\CodeIgniter.php(934): App\Controllers\PesquisaPerguntas->store()
 5 SYSTEMPATH\CodeIgniter.php(499): CodeIgniter\CodeIgniter->runController(Object(App\Controllers\PesquisaPerguntas))
 6 SYSTEMPATH\CodeIgniter.php(368): CodeIgniter\CodeIgniter->handleRequest(null, Object(Config\Cache), false)
 7 FCPATH\index.php(67): CodeIgniter\CodeIgniter->run()
CRITICAL - 2023-05-16 18:08:39 --> Call to undefined method App\Services\Pesquisa\PerguntasSrvc::idsDelete()
in APPPATH\Models\Pesquisa_PerguntasModel.php on line 29.
 1 APPPATH\Controllers\PesquisaPerguntas.php(27): App\Models\Pesquisa_PerguntasModel->set_perguntas([...])
 2 SYSTEMPATH\CodeIgniter.php(934): App\Controllers\PesquisaPerguntas->store()
 3 SYSTEMPATH\CodeIgniter.php(499): CodeIgniter\CodeIgniter->runController(Object(App\Controllers\PesquisaPerguntas))
 4 SYSTEMPATH\CodeIgniter.php(368): CodeIgniter\CodeIgniter->handleRequest(null, Object(Config\Cache), false)
 5 FCPATH\index.php(67): CodeIgniter\CodeIgniter->run()
CRITICAL - 2023-05-16 18:08:46 --> Call to undefined method App\Services\Pesquisa\PerguntasSrvc::idsDelete()
in APPPATH\Models\Pesquisa_PerguntasModel.php on line 29.
 1 APPPATH\Controllers\PesquisaPerguntas.php(27): App\Models\Pesquisa_PerguntasModel->set_perguntas([...])
 2 SYSTEMPATH\CodeIgniter.php(934): App\Controllers\PesquisaPerguntas->store()
 3 SYSTEMPATH\CodeIgniter.php(499): CodeIgniter\CodeIgniter->runController(Object(App\Controllers\PesquisaPerguntas))
 4 SYSTEMPATH\CodeIgniter.php(368): CodeIgniter\CodeIgniter->handleRequest(null, Object(Config\Cache), false)
 5 FCPATH\index.php(67): CodeIgniter\CodeIgniter->run()
CRITICAL - 2023-05-16 18:09:58 --> Undefined array key "pergunta"
in APPPATH\Services\Pesquisa\PerguntasSrvc.php on line 29.
 1 APPPATH\Services\Pesquisa\PerguntasSrvc.php(29): CodeIgniter\Debug\Exceptions->errorHandler(2, 'Undefined array key "pergunta"', 'C:\\xampp\\htdocs\\pesquisa_satisfacao\\app\\Services\\Pesquisa\\PerguntasSrvc.php', 29)
 2 APPPATH\Models\Pesquisa_PerguntasModel.php(29): App\Services\Pesquisa\PerguntasSrvc->idsDelete()
 3 APPPATH\Controllers\PesquisaPerguntas.php(27): App\Models\Pesquisa_PerguntasModel->set_perguntas([...])
 4 SYSTEMPATH\CodeIgniter.php(934): App\Controllers\PesquisaPerguntas->store()
 5 SYSTEMPATH\CodeIgniter.php(499): CodeIgniter\CodeIgniter->runController(Object(App\Controllers\PesquisaPerguntas))
 6 SYSTEMPATH\CodeIgniter.php(368): CodeIgniter\CodeIgniter->handleRequest(null, Object(Config\Cache), false)
 7 FCPATH\index.php(67): CodeIgniter\CodeIgniter->run()
ERROR - 2023-05-16 18:11:07 --> mysqli_sql_exception: You have an error in your SQL syntax; check the manual that corresponds to your MariaDB server version for the right syntax to use near ')
>>>>>>> emanuel-v4
AND `deleted_at` IS NULL' at line 2 in C:\xampp\htdocs\pesquisa_satisfacao\system\Database\MySQLi\Connection.php:295
Stack trace:
#0 C:\xampp\htdocs\pesquisa_satisfacao\system\Database\MySQLi\Connection.php(295): mysqli->query('UPDATE `pesquis...', 0)
#1 C:\xampp\htdocs\pesquisa_satisfacao\system\Database\BaseConnection.php(691): CodeIgniter\Database\MySQLi\Connection->execute('UPDATE `pesquis...')
#2 C:\xampp\htdocs\pesquisa_satisfacao\system\Database\BaseConnection.php(605): CodeIgniter\Database\BaseConnection->simpleQuery('UPDATE `pesquis...')
#3 C:\xampp\htdocs\pesquisa_satisfacao\system\Database\BaseBuilder.php(2476): CodeIgniter\Database\BaseConnection->query('UPDATE `pesquis...', Array, false)
#4 C:\xampp\htdocs\pesquisa_satisfacao\system\Model.php(453): CodeIgniter\Database\BaseBuilder->update(Array)
#5 C:\xampp\htdocs\pesquisa_satisfacao\system\BaseModel.php(1065): CodeIgniter\Model->doDelete(NULL, false)
#6 C:\xampp\htdocs\pesquisa_satisfacao\app\Models\Pesquisa_PerguntasModel.php(46): CodeIgniter\BaseModel->delete()
#7 C:\xampp\htdocs\pesquisa_satisfacao\app\Models\Pesquisa_PerguntasModel.php(30): App\Models\Pesquisa_PerguntasModel->delete_perguntas(Array)
#8 C:\xampp\htdocs\pesquisa_satisfacao\app\Controllers\PesquisaPerguntas.php(27): App\Models\Pesquisa_PerguntasModel->set_perguntas(Array)
#9 C:\xampp\htdocs\pesquisa_satisfacao\system\CodeIgniter.php(934): App\Controllers\PesquisaPerguntas->store()
#10 C:\xampp\htdocs\pesquisa_satisfacao\system\CodeIgniter.php(499): CodeIgniter\CodeIgniter->runController(Object(App\Controllers\PesquisaPerguntas))
#11 C:\xampp\htdocs\pesquisa_satisfacao\system\CodeIgniter.php(368): CodeIgniter\CodeIgniter->handleRequest(NULL, Object(Config\Cache), false)
#12 C:\xampp\htdocs\pesquisa_satisfacao\public\index.php(67): CodeIgniter\CodeIgniter->run()
#13 {main}
<<<<<<< HEAD
CRITICAL - 2023-05-16 17:50:03 --> You have an error in your SQL syntax; check the manual that corresponds to your MariaDB server version for the right syntax to use near ')
AND `deleted_at` IS NULL' at line 2
in SYSTEMPATH\Database\MySQLi\Connection.php on line 295.
 1 SYSTEMPATH\Database\MySQLi\Connection.php(295): mysqli->query('UPDATE `pesquisa_perguntas` SET `deleted_at` = \'2023-05-16 17:50:03\', `updated_at` = \'2023-05-16 17:50:03\'
WHERE `id_pergunta` IN ()
AND `deleted_at` IS NULL', 0)
 2 SYSTEMPATH\Database\BaseConnection.php(691): CodeIgniter\Database\MySQLi\Connection->execute('UPDATE `pesquisa_perguntas` SET `deleted_at` = \'2023-05-16 17:50:03\', `updated_at` = \'2023-05-16 17:50:03\'
WHERE `id_pergunta` IN ()
AND `deleted_at` IS NULL')
 3 SYSTEMPATH\Database\BaseConnection.php(605): CodeIgniter\Database\BaseConnection->simpleQuery('UPDATE `pesquisa_perguntas` SET `deleted_at` = \'2023-05-16 17:50:03\', `updated_at` = \'2023-05-16 17:50:03\'
=======
CRITICAL - 2023-05-16 18:11:07 --> You have an error in your SQL syntax; check the manual that corresponds to your MariaDB server version for the right syntax to use near ')
AND `deleted_at` IS NULL' at line 2
in SYSTEMPATH\Database\MySQLi\Connection.php on line 295.
 1 SYSTEMPATH\Database\MySQLi\Connection.php(295): mysqli->query('UPDATE `pesquisa_perguntas` SET `deleted_at` = \'2023-05-16 18:11:07\', `updated_at` = \'2023-05-16 18:11:07\'
WHERE `id_pergunta` IN ()
AND `deleted_at` IS NULL', 0)
 2 SYSTEMPATH\Database\BaseConnection.php(691): CodeIgniter\Database\MySQLi\Connection->execute('UPDATE `pesquisa_perguntas` SET `deleted_at` = \'2023-05-16 18:11:07\', `updated_at` = \'2023-05-16 18:11:07\'
WHERE `id_pergunta` IN ()
AND `deleted_at` IS NULL')
 3 SYSTEMPATH\Database\BaseConnection.php(605): CodeIgniter\Database\BaseConnection->simpleQuery('UPDATE `pesquisa_perguntas` SET `deleted_at` = \'2023-05-16 18:11:07\', `updated_at` = \'2023-05-16 18:11:07\'
>>>>>>> emanuel-v4
WHERE `id_pergunta` IN ()
AND `deleted_at` IS NULL')
 4 SYSTEMPATH\Database\BaseBuilder.php(2476): CodeIgniter\Database\BaseConnection->query('UPDATE `pesquisa_perguntas` SET `deleted_at` = :deleted_at:, `updated_at` = :updated_at:
WHERE `id_pergunta` IN :id_pergunta:
AND `deleted_at` IS NULL', [...], false)
 5 SYSTEMPATH\Model.php(453): CodeIgniter\Database\BaseBuilder->update([...])
 6 SYSTEMPATH\BaseModel.php(1065): CodeIgniter\Model->doDelete(null, false)
 7 APPPATH\Models\Pesquisa_PerguntasModel.php(46): CodeIgniter\BaseModel->delete()
 8 APPPATH\Models\Pesquisa_PerguntasModel.php(30): App\Models\Pesquisa_PerguntasModel->delete_perguntas([])
 9 APPPATH\Controllers\PesquisaPerguntas.php(27): App\Models\Pesquisa_PerguntasModel->set_perguntas([...])
10 SYSTEMPATH\CodeIgniter.php(934): App\Controllers\PesquisaPerguntas->store()
11 SYSTEMPATH\CodeIgniter.php(499): CodeIgniter\CodeIgniter->runController(Object(App\Controllers\PesquisaPerguntas))
12 SYSTEMPATH\CodeIgniter.php(368): CodeIgniter\CodeIgniter->handleRequest(null, Object(Config\Cache), false)
13 FCPATH\index.php(67): CodeIgniter\CodeIgniter->run()
<<<<<<< HEAD
ERROR - 2023-05-16 17:50:32 --> mysqli_sql_exception: You have an error in your SQL syntax; check the manual that corresponds to your MariaDB server version for the right syntax to use near ')
=======
ERROR - 2023-05-16 18:11:13 --> mysqli_sql_exception: You have an error in your SQL syntax; check the manual that corresponds to your MariaDB server version for the right syntax to use near ')
>>>>>>> emanuel-v4
AND `deleted_at` IS NULL' at line 2 in C:\xampp\htdocs\pesquisa_satisfacao\system\Database\MySQLi\Connection.php:295
Stack trace:
#0 C:\xampp\htdocs\pesquisa_satisfacao\system\Database\MySQLi\Connection.php(295): mysqli->query('UPDATE `pesquis...', 0)
#1 C:\xampp\htdocs\pesquisa_satisfacao\system\Database\BaseConnection.php(691): CodeIgniter\Database\MySQLi\Connection->execute('UPDATE `pesquis...')
#2 C:\xampp\htdocs\pesquisa_satisfacao\system\Database\BaseConnection.php(605): CodeIgniter\Database\BaseConnection->simpleQuery('UPDATE `pesquis...')
#3 C:\xampp\htdocs\pesquisa_satisfacao\system\Database\BaseBuilder.php(2476): CodeIgniter\Database\BaseConnection->query('UPDATE `pesquis...', Array, false)
#4 C:\xampp\htdocs\pesquisa_satisfacao\system\Model.php(453): CodeIgniter\Database\BaseBuilder->update(Array)
#5 C:\xampp\htdocs\pesquisa_satisfacao\system\BaseModel.php(1065): CodeIgniter\Model->doDelete(NULL, false)
#6 C:\xampp\htdocs\pesquisa_satisfacao\app\Models\Pesquisa_PerguntasModel.php(46): CodeIgniter\BaseModel->delete()
#7 C:\xampp\htdocs\pesquisa_satisfacao\app\Models\Pesquisa_PerguntasModel.php(30): App\Models\Pesquisa_PerguntasModel->delete_perguntas(Array)
#8 C:\xampp\htdocs\pesquisa_satisfacao\app\Controllers\PesquisaPerguntas.php(27): App\Models\Pesquisa_PerguntasModel->set_perguntas(Array)
#9 C:\xampp\htdocs\pesquisa_satisfacao\system\CodeIgniter.php(934): App\Controllers\PesquisaPerguntas->store()
#10 C:\xampp\htdocs\pesquisa_satisfacao\system\CodeIgniter.php(499): CodeIgniter\CodeIgniter->runController(Object(App\Controllers\PesquisaPerguntas))
#11 C:\xampp\htdocs\pesquisa_satisfacao\system\CodeIgniter.php(368): CodeIgniter\CodeIgniter->handleRequest(NULL, Object(Config\Cache), false)
#12 C:\xampp\htdocs\pesquisa_satisfacao\public\index.php(67): CodeIgniter\CodeIgniter->run()
#13 {main}
<<<<<<< HEAD
CRITICAL - 2023-05-16 17:50:32 --> You have an error in your SQL syntax; check the manual that corresponds to your MariaDB server version for the right syntax to use near ')
AND `deleted_at` IS NULL' at line 2
in SYSTEMPATH\Database\MySQLi\Connection.php on line 295.
 1 SYSTEMPATH\Database\MySQLi\Connection.php(295): mysqli->query('UPDATE `pesquisa_perguntas` SET `deleted_at` = \'2023-05-16 17:50:32\', `updated_at` = \'2023-05-16 17:50:32\'
WHERE `id_pergunta` IN ()
AND `deleted_at` IS NULL', 0)
 2 SYSTEMPATH\Database\BaseConnection.php(691): CodeIgniter\Database\MySQLi\Connection->execute('UPDATE `pesquisa_perguntas` SET `deleted_at` = \'2023-05-16 17:50:32\', `updated_at` = \'2023-05-16 17:50:32\'
WHERE `id_pergunta` IN ()
AND `deleted_at` IS NULL')
 3 SYSTEMPATH\Database\BaseConnection.php(605): CodeIgniter\Database\BaseConnection->simpleQuery('UPDATE `pesquisa_perguntas` SET `deleted_at` = \'2023-05-16 17:50:32\', `updated_at` = \'2023-05-16 17:50:32\'
=======
CRITICAL - 2023-05-16 18:11:13 --> You have an error in your SQL syntax; check the manual that corresponds to your MariaDB server version for the right syntax to use near ')
AND `deleted_at` IS NULL' at line 2
in SYSTEMPATH\Database\MySQLi\Connection.php on line 295.
 1 SYSTEMPATH\Database\MySQLi\Connection.php(295): mysqli->query('UPDATE `pesquisa_perguntas` SET `deleted_at` = \'2023-05-16 18:11:13\', `updated_at` = \'2023-05-16 18:11:13\'
WHERE `id_pergunta` IN ()
AND `deleted_at` IS NULL', 0)
 2 SYSTEMPATH\Database\BaseConnection.php(691): CodeIgniter\Database\MySQLi\Connection->execute('UPDATE `pesquisa_perguntas` SET `deleted_at` = \'2023-05-16 18:11:13\', `updated_at` = \'2023-05-16 18:11:13\'
WHERE `id_pergunta` IN ()
AND `deleted_at` IS NULL')
 3 SYSTEMPATH\Database\BaseConnection.php(605): CodeIgniter\Database\BaseConnection->simpleQuery('UPDATE `pesquisa_perguntas` SET `deleted_at` = \'2023-05-16 18:11:13\', `updated_at` = \'2023-05-16 18:11:13\'
>>>>>>> emanuel-v4
WHERE `id_pergunta` IN ()
AND `deleted_at` IS NULL')
 4 SYSTEMPATH\Database\BaseBuilder.php(2476): CodeIgniter\Database\BaseConnection->query('UPDATE `pesquisa_perguntas` SET `deleted_at` = :deleted_at:, `updated_at` = :updated_at:
WHERE `id_pergunta` IN :id_pergunta:
AND `deleted_at` IS NULL', [...], false)
 5 SYSTEMPATH\Model.php(453): CodeIgniter\Database\BaseBuilder->update([...])
 6 SYSTEMPATH\BaseModel.php(1065): CodeIgniter\Model->doDelete(null, false)
 7 APPPATH\Models\Pesquisa_PerguntasModel.php(46): CodeIgniter\BaseModel->delete()
 8 APPPATH\Models\Pesquisa_PerguntasModel.php(30): App\Models\Pesquisa_PerguntasModel->delete_perguntas([])
 9 APPPATH\Controllers\PesquisaPerguntas.php(27): App\Models\Pesquisa_PerguntasModel->set_perguntas([...])
10 SYSTEMPATH\CodeIgniter.php(934): App\Controllers\PesquisaPerguntas->store()
11 SYSTEMPATH\CodeIgniter.php(499): CodeIgniter\CodeIgniter->runController(Object(App\Controllers\PesquisaPerguntas))
12 SYSTEMPATH\CodeIgniter.php(368): CodeIgniter\CodeIgniter->handleRequest(null, Object(Config\Cache), false)
13 FCPATH\index.php(67): CodeIgniter\CodeIgniter->run()
<<<<<<< HEAD
ERROR - 2023-05-16 17:56:00 --> mysqli_sql_exception: You have an error in your SQL syntax; check the manual that corresponds to your MariaDB server version for the right syntax to use near ')
AND `deleted_at` IS NULL' at line 2 in C:\xampp\htdocs\pesquisa_satisfacao\system\Database\MySQLi\Connection.php:295
Stack trace:
#0 C:\xampp\htdocs\pesquisa_satisfacao\system\Database\MySQLi\Connection.php(295): mysqli->query('UPDATE `pesquis...', 0)
#1 C:\xampp\htdocs\pesquisa_satisfacao\system\Database\BaseConnection.php(691): CodeIgniter\Database\MySQLi\Connection->execute('UPDATE `pesquis...')
#2 C:\xampp\htdocs\pesquisa_satisfacao\system\Database\BaseConnection.php(605): CodeIgniter\Database\BaseConnection->simpleQuery('UPDATE `pesquis...')
#3 C:\xampp\htdocs\pesquisa_satisfacao\system\Database\BaseBuilder.php(2476): CodeIgniter\Database\BaseConnection->query('UPDATE `pesquis...', Array, false)
#4 C:\xampp\htdocs\pesquisa_satisfacao\system\Model.php(453): CodeIgniter\Database\BaseBuilder->update(Array)
#5 C:\xampp\htdocs\pesquisa_satisfacao\system\BaseModel.php(1065): CodeIgniter\Model->doDelete(NULL, false)
#6 C:\xampp\htdocs\pesquisa_satisfacao\app\Models\Pesquisa_PerguntasModel.php(46): CodeIgniter\BaseModel->delete()
#7 C:\xampp\htdocs\pesquisa_satisfacao\app\Models\Pesquisa_PerguntasModel.php(30): App\Models\Pesquisa_PerguntasModel->delete_perguntas(Array)
#8 C:\xampp\htdocs\pesquisa_satisfacao\app\Controllers\PesquisaPerguntas.php(27): App\Models\Pesquisa_PerguntasModel->set_perguntas(Array)
#9 C:\xampp\htdocs\pesquisa_satisfacao\system\CodeIgniter.php(934): App\Controllers\PesquisaPerguntas->store()
#10 C:\xampp\htdocs\pesquisa_satisfacao\system\CodeIgniter.php(499): CodeIgniter\CodeIgniter->runController(Object(App\Controllers\PesquisaPerguntas))
#11 C:\xampp\htdocs\pesquisa_satisfacao\system\CodeIgniter.php(368): CodeIgniter\CodeIgniter->handleRequest(NULL, Object(Config\Cache), false)
#12 C:\xampp\htdocs\pesquisa_satisfacao\public\index.php(67): CodeIgniter\CodeIgniter->run()
#13 {main}
CRITICAL - 2023-05-16 17:56:00 --> You have an error in your SQL syntax; check the manual that corresponds to your MariaDB server version for the right syntax to use near ')
AND `deleted_at` IS NULL' at line 2
in SYSTEMPATH\Database\MySQLi\Connection.php on line 295.
 1 SYSTEMPATH\Database\MySQLi\Connection.php(295): mysqli->query('UPDATE `pesquisa_perguntas` SET `deleted_at` = \'2023-05-16 17:56:00\', `updated_at` = \'2023-05-16 17:56:00\'
WHERE `id_pergunta` IN ()
AND `deleted_at` IS NULL', 0)
 2 SYSTEMPATH\Database\BaseConnection.php(691): CodeIgniter\Database\MySQLi\Connection->execute('UPDATE `pesquisa_perguntas` SET `deleted_at` = \'2023-05-16 17:56:00\', `updated_at` = \'2023-05-16 17:56:00\'
WHERE `id_pergunta` IN ()
AND `deleted_at` IS NULL')
 3 SYSTEMPATH\Database\BaseConnection.php(605): CodeIgniter\Database\BaseConnection->simpleQuery('UPDATE `pesquisa_perguntas` SET `deleted_at` = \'2023-05-16 17:56:00\', `updated_at` = \'2023-05-16 17:56:00\'
WHERE `id_pergunta` IN ()
AND `deleted_at` IS NULL')
 4 SYSTEMPATH\Database\BaseBuilder.php(2476): CodeIgniter\Database\BaseConnection->query('UPDATE `pesquisa_perguntas` SET `deleted_at` = :deleted_at:, `updated_at` = :updated_at:
WHERE `id_pergunta` IN :id_pergunta:
AND `deleted_at` IS NULL', [...], false)
 5 SYSTEMPATH\Model.php(453): CodeIgniter\Database\BaseBuilder->update([...])
 6 SYSTEMPATH\BaseModel.php(1065): CodeIgniter\Model->doDelete(null, false)
 7 APPPATH\Models\Pesquisa_PerguntasModel.php(46): CodeIgniter\BaseModel->delete()
 8 APPPATH\Models\Pesquisa_PerguntasModel.php(30): App\Models\Pesquisa_PerguntasModel->delete_perguntas([])
 9 APPPATH\Controllers\PesquisaPerguntas.php(27): App\Models\Pesquisa_PerguntasModel->set_perguntas([...])
10 SYSTEMPATH\CodeIgniter.php(934): App\Controllers\PesquisaPerguntas->store()
11 SYSTEMPATH\CodeIgniter.php(499): CodeIgniter\CodeIgniter->runController(Object(App\Controllers\PesquisaPerguntas))
12 SYSTEMPATH\CodeIgniter.php(368): CodeIgniter\CodeIgniter->handleRequest(null, Object(Config\Cache), false)
13 FCPATH\index.php(67): CodeIgniter\CodeIgniter->run()
CRITICAL - 2023-05-16 17:56:03 --> syntax error, unexpected token ")"
in APPPATH\Views\pesquisarespostas\novo.php on line 16.
 1 SYSTEMPATH\View\View.php(216): CodeIgniter\View\View->CodeIgniter\View\{closure}()
 2 SYSTEMPATH\Common.php(1184): CodeIgniter\View\View->render('pesquisarespostas/novo', [], true)
 3 APPPATH\Controllers\PesquisaRespostas.php(50): view('pesquisarespostas/novo')
 4 SYSTEMPATH\CodeIgniter.php(934): App\Controllers\PesquisaRespostas->novo()
 5 SYSTEMPATH\CodeIgniter.php(499): CodeIgniter\CodeIgniter->runController(Object(App\Controllers\PesquisaRespostas))
 6 SYSTEMPATH\CodeIgniter.php(368): CodeIgniter\CodeIgniter->handleRequest(null, Object(Config\Cache), false)
 7 FCPATH\index.php(67): CodeIgniter\CodeIgniter->run()
CRITICAL - 2023-05-16 17:58:33 --> syntax error, unexpected token ")"
in APPPATH\Views\pesquisarespostas\novo.php on line 16.
 1 SYSTEMPATH\View\View.php(216): CodeIgniter\View\View->CodeIgniter\View\{closure}()
 2 SYSTEMPATH\Common.php(1184): CodeIgniter\View\View->render('/pesquisarespostas/novo', [], true)
 3 APPPATH\Controllers\PesquisaRespostas.php(59): view('/pesquisarespostas/novo', [...])
 4 SYSTEMPATH\CodeIgniter.php(934): App\Controllers\PesquisaRespostas->novo()
 5 SYSTEMPATH\CodeIgniter.php(499): CodeIgniter\CodeIgniter->runController(Object(App\Controllers\PesquisaRespostas))
 6 SYSTEMPATH\CodeIgniter.php(368): CodeIgniter\CodeIgniter->handleRequest(null, Object(Config\Cache), false)
 7 FCPATH\index.php(67): CodeIgniter\CodeIgniter->run()
ERROR - 2023-05-16 18:01:16 --> mysqli_sql_exception: You have an error in your SQL syntax; check the manual that corresponds to your MariaDB server version for the right syntax to use near ')
AND `deleted_at` IS NULL' at line 2 in C:\xampp\htdocs\pesquisa_satisfacao\system\Database\MySQLi\Connection.php:295
Stack trace:
#0 C:\xampp\htdocs\pesquisa_satisfacao\system\Database\MySQLi\Connection.php(295): mysqli->query('UPDATE `pesquis...', 0)
#1 C:\xampp\htdocs\pesquisa_satisfacao\system\Database\BaseConnection.php(691): CodeIgniter\Database\MySQLi\Connection->execute('UPDATE `pesquis...')
#2 C:\xampp\htdocs\pesquisa_satisfacao\system\Database\BaseConnection.php(605): CodeIgniter\Database\BaseConnection->simpleQuery('UPDATE `pesquis...')
#3 C:\xampp\htdocs\pesquisa_satisfacao\system\Database\BaseBuilder.php(2476): CodeIgniter\Database\BaseConnection->query('UPDATE `pesquis...', Array, false)
#4 C:\xampp\htdocs\pesquisa_satisfacao\system\Model.php(453): CodeIgniter\Database\BaseBuilder->update(Array)
#5 C:\xampp\htdocs\pesquisa_satisfacao\system\BaseModel.php(1065): CodeIgniter\Model->doDelete(NULL, false)
#6 C:\xampp\htdocs\pesquisa_satisfacao\app\Models\Pesquisa_PerguntasModel.php(46): CodeIgniter\BaseModel->delete()
#7 C:\xampp\htdocs\pesquisa_satisfacao\app\Models\Pesquisa_PerguntasModel.php(30): App\Models\Pesquisa_PerguntasModel->delete_perguntas(Array)
#8 C:\xampp\htdocs\pesquisa_satisfacao\app\Controllers\PesquisaPerguntas.php(27): App\Models\Pesquisa_PerguntasModel->set_perguntas(Array)
#9 C:\xampp\htdocs\pesquisa_satisfacao\system\CodeIgniter.php(934): App\Controllers\PesquisaPerguntas->store()
#10 C:\xampp\htdocs\pesquisa_satisfacao\system\CodeIgniter.php(499): CodeIgniter\CodeIgniter->runController(Object(App\Controllers\PesquisaPerguntas))
#11 C:\xampp\htdocs\pesquisa_satisfacao\system\CodeIgniter.php(368): CodeIgniter\CodeIgniter->handleRequest(NULL, Object(Config\Cache), false)
#12 C:\xampp\htdocs\pesquisa_satisfacao\public\index.php(67): CodeIgniter\CodeIgniter->run()
#13 {main}
CRITICAL - 2023-05-16 18:01:16 --> You have an error in your SQL syntax; check the manual that corresponds to your MariaDB server version for the right syntax to use near ')
AND `deleted_at` IS NULL' at line 2
in SYSTEMPATH\Database\MySQLi\Connection.php on line 295.
 1 SYSTEMPATH\Database\MySQLi\Connection.php(295): mysqli->query('UPDATE `pesquisa_perguntas` SET `deleted_at` = \'2023-05-16 18:01:16\', `updated_at` = \'2023-05-16 18:01:16\'
WHERE `id_pergunta` IN ()
AND `deleted_at` IS NULL', 0)
 2 SYSTEMPATH\Database\BaseConnection.php(691): CodeIgniter\Database\MySQLi\Connection->execute('UPDATE `pesquisa_perguntas` SET `deleted_at` = \'2023-05-16 18:01:16\', `updated_at` = \'2023-05-16 18:01:16\'
WHERE `id_pergunta` IN ()
AND `deleted_at` IS NULL')
 3 SYSTEMPATH\Database\BaseConnection.php(605): CodeIgniter\Database\BaseConnection->simpleQuery('UPDATE `pesquisa_perguntas` SET `deleted_at` = \'2023-05-16 18:01:16\', `updated_at` = \'2023-05-16 18:01:16\'
WHERE `id_pergunta` IN ()
AND `deleted_at` IS NULL')
 4 SYSTEMPATH\Database\BaseBuilder.php(2476): CodeIgniter\Database\BaseConnection->query('UPDATE `pesquisa_perguntas` SET `deleted_at` = :deleted_at:, `updated_at` = :updated_at:
WHERE `id_pergunta` IN :id_pergunta:
AND `deleted_at` IS NULL', [...], false)
 5 SYSTEMPATH\Model.php(453): CodeIgniter\Database\BaseBuilder->update([...])
 6 SYSTEMPATH\BaseModel.php(1065): CodeIgniter\Model->doDelete(null, false)
 7 APPPATH\Models\Pesquisa_PerguntasModel.php(46): CodeIgniter\BaseModel->delete()
 8 APPPATH\Models\Pesquisa_PerguntasModel.php(30): App\Models\Pesquisa_PerguntasModel->delete_perguntas([])
 9 APPPATH\Controllers\PesquisaPerguntas.php(27): App\Models\Pesquisa_PerguntasModel->set_perguntas([...])
10 SYSTEMPATH\CodeIgniter.php(934): App\Controllers\PesquisaPerguntas->store()
11 SYSTEMPATH\CodeIgniter.php(499): CodeIgniter\CodeIgniter->runController(Object(App\Controllers\PesquisaPerguntas))
12 SYSTEMPATH\CodeIgniter.php(368): CodeIgniter\CodeIgniter->handleRequest(null, Object(Config\Cache), false)
13 FCPATH\index.php(67): CodeIgniter\CodeIgniter->run()
CRITICAL - 2023-05-16 18:01:27 --> syntax error, unexpected token ")"
in APPPATH\Views\pesquisarespostas\novo.php on line 16.
 1 SYSTEMPATH\View\View.php(216): CodeIgniter\View\View->CodeIgniter\View\{closure}()
 2 SYSTEMPATH\Common.php(1184): CodeIgniter\View\View->render('pesquisarespostas/novo', [], true)
 3 APPPATH\Controllers\PesquisaRespostas.php(50): view('pesquisarespostas/novo')
 4 SYSTEMPATH\CodeIgniter.php(934): App\Controllers\PesquisaRespostas->novo()
 5 SYSTEMPATH\CodeIgniter.php(499): CodeIgniter\CodeIgniter->runController(Object(App\Controllers\PesquisaRespostas))
 6 SYSTEMPATH\CodeIgniter.php(368): CodeIgniter\CodeIgniter->handleRequest(null, Object(Config\Cache), false)
 7 FCPATH\index.php(67): CodeIgniter\CodeIgniter->run()
CRITICAL - 2023-05-16 18:02:33 --> syntax error, unexpected token ")"
in APPPATH\Views\pesquisarespostas\novo.php on line 16.
 1 SYSTEMPATH\View\View.php(216): CodeIgniter\View\View->CodeIgniter\View\{closure}()
 2 SYSTEMPATH\Common.php(1184): CodeIgniter\View\View->render('pesquisarespostas/novo', [], true)
 3 APPPATH\Controllers\PesquisaRespostas.php(50): view('pesquisarespostas/novo')
 4 SYSTEMPATH\CodeIgniter.php(934): App\Controllers\PesquisaRespostas->novo()
 5 SYSTEMPATH\CodeIgniter.php(499): CodeIgniter\CodeIgniter->runController(Object(App\Controllers\PesquisaRespostas))
 6 SYSTEMPATH\CodeIgniter.php(368): CodeIgniter\CodeIgniter->handleRequest(null, Object(Config\Cache), false)
 7 FCPATH\index.php(67): CodeIgniter\CodeIgniter->run()
CRITICAL - 2023-05-16 18:04:48 --> syntax error, unexpected token ")"
in APPPATH\Views\pesquisarespostas\novo.php on line 16.
 1 SYSTEMPATH\View\View.php(216): CodeIgniter\View\View->CodeIgniter\View\{closure}()
 2 SYSTEMPATH\Common.php(1184): CodeIgniter\View\View->render('pesquisarespostas/novo', [], true)
 3 APPPATH\Controllers\PesquisaRespostas.php(50): view('pesquisarespostas/novo')
 4 SYSTEMPATH\CodeIgniter.php(934): App\Controllers\PesquisaRespostas->novo()
 5 SYSTEMPATH\CodeIgniter.php(499): CodeIgniter\CodeIgniter->runController(Object(App\Controllers\PesquisaRespostas))
 6 SYSTEMPATH\CodeIgniter.php(368): CodeIgniter\CodeIgniter->handleRequest(null, Object(Config\Cache), false)
 7 FCPATH\index.php(67): CodeIgniter\CodeIgniter->run()
ERROR - 2023-05-16 18:06:06 --> mysqli_sql_exception: You have an error in your SQL syntax; check the manual that corresponds to your MariaDB server version for the right syntax to use near ')
AND `deleted_at` IS NULL' at line 2 in C:\xampp\htdocs\pesquisa_satisfacao\system\Database\MySQLi\Connection.php:295
Stack trace:
#0 C:\xampp\htdocs\pesquisa_satisfacao\system\Database\MySQLi\Connection.php(295): mysqli->query('UPDATE `pesquis...', 0)
#1 C:\xampp\htdocs\pesquisa_satisfacao\system\Database\BaseConnection.php(691): CodeIgniter\Database\MySQLi\Connection->execute('UPDATE `pesquis...')
#2 C:\xampp\htdocs\pesquisa_satisfacao\system\Database\BaseConnection.php(605): CodeIgniter\Database\BaseConnection->simpleQuery('UPDATE `pesquis...')
#3 C:\xampp\htdocs\pesquisa_satisfacao\system\Database\BaseBuilder.php(2476): CodeIgniter\Database\BaseConnection->query('UPDATE `pesquis...', Array, false)
#4 C:\xampp\htdocs\pesquisa_satisfacao\system\Model.php(453): CodeIgniter\Database\BaseBuilder->update(Array)
#5 C:\xampp\htdocs\pesquisa_satisfacao\system\BaseModel.php(1065): CodeIgniter\Model->doDelete(NULL, false)
#6 C:\xampp\htdocs\pesquisa_satisfacao\app\Models\Pesquisa_PerguntasModel.php(46): CodeIgniter\BaseModel->delete()
#7 C:\xampp\htdocs\pesquisa_satisfacao\app\Models\Pesquisa_PerguntasModel.php(30): App\Models\Pesquisa_PerguntasModel->delete_perguntas(Array)
#8 C:\xampp\htdocs\pesquisa_satisfacao\app\Controllers\PesquisaPerguntas.php(27): App\Models\Pesquisa_PerguntasModel->set_perguntas(Array)
#9 C:\xampp\htdocs\pesquisa_satisfacao\system\CodeIgniter.php(934): App\Controllers\PesquisaPerguntas->store()
#10 C:\xampp\htdocs\pesquisa_satisfacao\system\CodeIgniter.php(499): CodeIgniter\CodeIgniter->runController(Object(App\Controllers\PesquisaPerguntas))
#11 C:\xampp\htdocs\pesquisa_satisfacao\system\CodeIgniter.php(368): CodeIgniter\CodeIgniter->handleRequest(NULL, Object(Config\Cache), false)
#12 C:\xampp\htdocs\pesquisa_satisfacao\public\index.php(67): CodeIgniter\CodeIgniter->run()
#13 {main}
CRITICAL - 2023-05-16 18:06:06 --> You have an error in your SQL syntax; check the manual that corresponds to your MariaDB server version for the right syntax to use near ')
AND `deleted_at` IS NULL' at line 2
in SYSTEMPATH\Database\MySQLi\Connection.php on line 295.
 1 SYSTEMPATH\Database\MySQLi\Connection.php(295): mysqli->query('UPDATE `pesquisa_perguntas` SET `deleted_at` = \'2023-05-16 18:06:06\', `updated_at` = \'2023-05-16 18:06:06\'
WHERE `id_pergunta` IN ()
AND `deleted_at` IS NULL', 0)
 2 SYSTEMPATH\Database\BaseConnection.php(691): CodeIgniter\Database\MySQLi\Connection->execute('UPDATE `pesquisa_perguntas` SET `deleted_at` = \'2023-05-16 18:06:06\', `updated_at` = \'2023-05-16 18:06:06\'
WHERE `id_pergunta` IN ()
AND `deleted_at` IS NULL')
 3 SYSTEMPATH\Database\BaseConnection.php(605): CodeIgniter\Database\BaseConnection->simpleQuery('UPDATE `pesquisa_perguntas` SET `deleted_at` = \'2023-05-16 18:06:06\', `updated_at` = \'2023-05-16 18:06:06\'
WHERE `id_pergunta` IN ()
AND `deleted_at` IS NULL')
 4 SYSTEMPATH\Database\BaseBuilder.php(2476): CodeIgniter\Database\BaseConnection->query('UPDATE `pesquisa_perguntas` SET `deleted_at` = :deleted_at:, `updated_at` = :updated_at:
WHERE `id_pergunta` IN :id_pergunta:
AND `deleted_at` IS NULL', [...], false)
 5 SYSTEMPATH\Model.php(453): CodeIgniter\Database\BaseBuilder->update([...])
 6 SYSTEMPATH\BaseModel.php(1065): CodeIgniter\Model->doDelete(null, false)
 7 APPPATH\Models\Pesquisa_PerguntasModel.php(46): CodeIgniter\BaseModel->delete()
 8 APPPATH\Models\Pesquisa_PerguntasModel.php(30): App\Models\Pesquisa_PerguntasModel->delete_perguntas([])
 9 APPPATH\Controllers\PesquisaPerguntas.php(27): App\Models\Pesquisa_PerguntasModel->set_perguntas([...])
10 SYSTEMPATH\CodeIgniter.php(934): App\Controllers\PesquisaPerguntas->store()
11 SYSTEMPATH\CodeIgniter.php(499): CodeIgniter\CodeIgniter->runController(Object(App\Controllers\PesquisaPerguntas))
12 SYSTEMPATH\CodeIgniter.php(368): CodeIgniter\CodeIgniter->handleRequest(null, Object(Config\Cache), false)
13 FCPATH\index.php(67): CodeIgniter\CodeIgniter->run()
CRITICAL - 2023-05-16 18:06:16 --> syntax error, unexpected token ")"
in APPPATH\Views\pesquisarespostas\novo.php on line 16.
 1 SYSTEMPATH\View\View.php(216): CodeIgniter\View\View->CodeIgniter\View\{closure}()
 2 SYSTEMPATH\Common.php(1184): CodeIgniter\View\View->render('pesquisarespostas/novo', [], true)
 3 APPPATH\Controllers\PesquisaRespostas.php(50): view('pesquisarespostas/novo')
 4 SYSTEMPATH\CodeIgniter.php(934): App\Controllers\PesquisaRespostas->novo()
 5 SYSTEMPATH\CodeIgniter.php(499): CodeIgniter\CodeIgniter->runController(Object(App\Controllers\PesquisaRespostas))
 6 SYSTEMPATH\CodeIgniter.php(368): CodeIgniter\CodeIgniter->handleRequest(null, Object(Config\Cache), false)
 7 FCPATH\index.php(67): CodeIgniter\CodeIgniter->run()
CRITICAL - 2023-05-16 18:12:24 --> syntax error, unexpected token ")"
in APPPATH\Views\pesquisarespostas\novo.php on line 16.
 1 SYSTEMPATH\View\View.php(216): CodeIgniter\View\View->CodeIgniter\View\{closure}()
 2 SYSTEMPATH\Common.php(1184): CodeIgniter\View\View->render('pesquisarespostas/novo', [], true)
 3 APPPATH\Controllers\PesquisaRespostas.php(51): view('pesquisarespostas/novo')
 4 SYSTEMPATH\CodeIgniter.php(934): App\Controllers\PesquisaRespostas->novo()
 5 SYSTEMPATH\CodeIgniter.php(499): CodeIgniter\CodeIgniter->runController(Object(App\Controllers\PesquisaRespostas))
 6 SYSTEMPATH\CodeIgniter.php(368): CodeIgniter\CodeIgniter->handleRequest(null, Object(Config\Cache), false)
 7 FCPATH\index.php(67): CodeIgniter\CodeIgniter->run()
CRITICAL - 2023-05-16 18:12:26 --> syntax error, unexpected token ")"
in APPPATH\Views\pesquisarespostas\novo.php on line 16.
 1 SYSTEMPATH\View\View.php(216): CodeIgniter\View\View->CodeIgniter\View\{closure}()
 2 SYSTEMPATH\Common.php(1184): CodeIgniter\View\View->render('pesquisarespostas/novo', [], true)
 3 APPPATH\Controllers\PesquisaRespostas.php(51): view('pesquisarespostas/novo')
 4 SYSTEMPATH\CodeIgniter.php(934): App\Controllers\PesquisaRespostas->novo()
 5 SYSTEMPATH\CodeIgniter.php(499): CodeIgniter\CodeIgniter->runController(Object(App\Controllers\PesquisaRespostas))
 6 SYSTEMPATH\CodeIgniter.php(368): CodeIgniter\CodeIgniter->handleRequest(null, Object(Config\Cache), false)
 7 FCPATH\index.php(67): CodeIgniter\CodeIgniter->run()
CRITICAL - 2023-05-16 18:12:28 --> syntax error, unexpected token ")"
in APPPATH\Views\pesquisarespostas\novo.php on line 16.
 1 SYSTEMPATH\View\View.php(216): CodeIgniter\View\View->CodeIgniter\View\{closure}()
 2 SYSTEMPATH\Common.php(1184): CodeIgniter\View\View->render('pesquisarespostas/novo', [], true)
 3 APPPATH\Controllers\PesquisaRespostas.php(51): view('pesquisarespostas/novo')
 4 SYSTEMPATH\CodeIgniter.php(934): App\Controllers\PesquisaRespostas->novo()
 5 SYSTEMPATH\CodeIgniter.php(499): CodeIgniter\CodeIgniter->runController(Object(App\Controllers\PesquisaRespostas))
 6 SYSTEMPATH\CodeIgniter.php(368): CodeIgniter\CodeIgniter->handleRequest(null, Object(Config\Cache), false)
 7 FCPATH\index.php(67): CodeIgniter\CodeIgniter->run()
CRITICAL - 2023-05-16 18:12:28 --> syntax error, unexpected token ")"
in APPPATH\Views\pesquisarespostas\novo.php on line 16.
 1 SYSTEMPATH\View\View.php(216): CodeIgniter\View\View->CodeIgniter\View\{closure}()
 2 SYSTEMPATH\Common.php(1184): CodeIgniter\View\View->render('pesquisarespostas/novo', [], true)
 3 APPPATH\Controllers\PesquisaRespostas.php(51): view('pesquisarespostas/novo')
 4 SYSTEMPATH\CodeIgniter.php(934): App\Controllers\PesquisaRespostas->novo()
 5 SYSTEMPATH\CodeIgniter.php(499): CodeIgniter\CodeIgniter->runController(Object(App\Controllers\PesquisaRespostas))
 6 SYSTEMPATH\CodeIgniter.php(368): CodeIgniter\CodeIgniter->handleRequest(null, Object(Config\Cache), false)
 7 FCPATH\index.php(67): CodeIgniter\CodeIgniter->run()
CRITICAL - 2023-05-16 18:12:29 --> syntax error, unexpected token ")"
in APPPATH\Views\pesquisarespostas\novo.php on line 16.
 1 SYSTEMPATH\View\View.php(216): CodeIgniter\View\View->CodeIgniter\View\{closure}()
 2 SYSTEMPATH\Common.php(1184): CodeIgniter\View\View->render('pesquisarespostas/novo', [], true)
 3 APPPATH\Controllers\PesquisaRespostas.php(51): view('pesquisarespostas/novo')
 4 SYSTEMPATH\CodeIgniter.php(934): App\Controllers\PesquisaRespostas->novo()
 5 SYSTEMPATH\CodeIgniter.php(499): CodeIgniter\CodeIgniter->runController(Object(App\Controllers\PesquisaRespostas))
 6 SYSTEMPATH\CodeIgniter.php(368): CodeIgniter\CodeIgniter->handleRequest(null, Object(Config\Cache), false)
 7 FCPATH\index.php(67): CodeIgniter\CodeIgniter->run()
CRITICAL - 2023-05-16 18:12:29 --> syntax error, unexpected token ")"
in APPPATH\Views\pesquisarespostas\novo.php on line 16.
 1 SYSTEMPATH\View\View.php(216): CodeIgniter\View\View->CodeIgniter\View\{closure}()
 2 SYSTEMPATH\Common.php(1184): CodeIgniter\View\View->render('pesquisarespostas/novo', [], true)
 3 APPPATH\Controllers\PesquisaRespostas.php(51): view('pesquisarespostas/novo')
 4 SYSTEMPATH\CodeIgniter.php(934): App\Controllers\PesquisaRespostas->novo()
 5 SYSTEMPATH\CodeIgniter.php(499): CodeIgniter\CodeIgniter->runController(Object(App\Controllers\PesquisaRespostas))
 6 SYSTEMPATH\CodeIgniter.php(368): CodeIgniter\CodeIgniter->handleRequest(null, Object(Config\Cache), false)
 7 FCPATH\index.php(67): CodeIgniter\CodeIgniter->run()
CRITICAL - 2023-05-16 18:12:29 --> syntax error, unexpected token ")"
in APPPATH\Views\pesquisarespostas\novo.php on line 16.
 1 SYSTEMPATH\View\View.php(216): CodeIgniter\View\View->CodeIgniter\View\{closure}()
 2 SYSTEMPATH\Common.php(1184): CodeIgniter\View\View->render('pesquisarespostas/novo', [], true)
 3 APPPATH\Controllers\PesquisaRespostas.php(51): view('pesquisarespostas/novo')
 4 SYSTEMPATH\CodeIgniter.php(934): App\Controllers\PesquisaRespostas->novo()
 5 SYSTEMPATH\CodeIgniter.php(499): CodeIgniter\CodeIgniter->runController(Object(App\Controllers\PesquisaRespostas))
=======
CRITICAL - 2023-05-16 18:12:27 --> Undefined array key "pergunta"
in APPPATH\Services\Pesquisa\PerguntasSrvc.php on line 20.
 1 APPPATH\Services\Pesquisa\PerguntasSrvc.php(20): CodeIgniter\Debug\Exceptions->errorHandler(2, 'Undefined array key "pergunta"', 'C:\\xampp\\htdocs\\pesquisa_satisfacao\\app\\Services\\Pesquisa\\PerguntasSrvc.php', 20)
 2 APPPATH\Models\Pesquisa_PerguntasModel.php(32): App\Services\Pesquisa\PerguntasSrvc->returnUpdate()
 3 APPPATH\Controllers\PesquisaPerguntas.php(27): App\Models\Pesquisa_PerguntasModel->set_perguntas([...])
 4 SYSTEMPATH\CodeIgniter.php(934): App\Controllers\PesquisaPerguntas->store()
 5 SYSTEMPATH\CodeIgniter.php(499): CodeIgniter\CodeIgniter->runController(Object(App\Controllers\PesquisaPerguntas))
>>>>>>> emanuel-v4
 6 SYSTEMPATH\CodeIgniter.php(368): CodeIgniter\CodeIgniter->handleRequest(null, Object(Config\Cache), false)
 7 FCPATH\index.php(67): CodeIgniter\CodeIgniter->run()
